2023-03-27T09:36:33+00:00 CRITICAL Unclosed '{' on line 54 in /Users/duhotavlad/Sites/rotani/wp-content/themes/rotani/woocommerce/content-product.php on line 77

2023-03-27T09:36:34+00:00 CRITICAL Unclosed '{' on line 54 in /Users/duhotavlad/Sites/rotani/wp-content/themes/rotani/woocommerce/content-product.php on line 77

2023-03-27T09:38:14+00:00 CRITICAL syntax error, unexpected identifier "print_r" in /Users/duhotavlad/Sites/rotani/wp-content/themes/rotani/woocommerce/content-product.php on line 52

2023-03-27T09:38:14+00:00 CRITICAL syntax error, unexpected identifier "print_r" in /Users/duhotavlad/Sites/rotani/wp-content/themes/rotani/woocommerce/content-product.php on line 52

2023-03-27T09:38:51+00:00 CRITICAL syntax error, unexpected token "}" in /Users/duhotavlad/Sites/rotani/wp-content/themes/rotani/woocommerce/content-product.php on line 55

2023-03-27T09:38:52+00:00 CRITICAL syntax error, unexpected token "}" in /Users/duhotavlad/Sites/rotani/wp-content/themes/rotani/woocommerce/content-product.php on line 55

2023-03-27T09:39:17+00:00 CRITICAL syntax error, unexpected token "=>", expecting ")" in /Users/duhotavlad/Sites/rotani/wp-content/themes/rotani/woocommerce/content-product.php on line 54

2023-03-27T09:39:18+00:00 CRITICAL syntax error, unexpected token "=>", expecting ")" in /Users/duhotavlad/Sites/rotani/wp-content/themes/rotani/woocommerce/content-product.php on line 54

2023-03-27T09:39:26+00:00 CRITICAL Uncaught Error: Call to undefined method WP_Term::name() in /Users/duhotavlad/Sites/rotani/wp-content/themes/rotani/woocommerce/content-product.php:54
Stack trace:
#0 /Users/duhotavlad/Sites/rotani/wp-includes/template.php(785): require()
#1 /Users/duhotavlad/Sites/rotani/wp-content/plugins/woocommerce/includes/wc-core-functions.php(284): load_template('/Users/duhotavl...', false)
#2 /Users/duhotavlad/Sites/rotani/wp-content/themes/rotani/woocommerce/archive-product.php(53): wc_get_template_part('content', 'product')
#3 /Users/duhotavlad/Sites/rotani/wp-includes/template-loader.php(106): include('/Users/duhotavl...')
#4 /Users/duhotavlad/Sites/rotani/wp-blog-header.php(19): require_once('/Users/duhotavl...')
#5 /Users/duhotavlad/Sites/rotani/index.php(17): require('/Users/duhotavl...')
#6 {main}
  thrown in /Users/duhotavlad/Sites/rotani/wp-content/themes/rotani/woocommerce/content-product.php on line 54

2023-03-27T09:39:27+00:00 CRITICAL Uncaught Error: Call to undefined method WP_Term::name() in /Users/duhotavlad/Sites/rotani/wp-content/themes/rotani/woocommerce/content-product.php:54
Stack trace:
#0 /Users/duhotavlad/Sites/rotani/wp-includes/template.php(785): require()
#1 /Users/duhotavlad/Sites/rotani/wp-content/plugins/woocommerce/includes/wc-core-functions.php(284): load_template('/Users/duhotavl...', false)
#2 /Users/duhotavlad/Sites/rotani/wp-content/themes/rotani/woocommerce/archive-product.php(53): wc_get_template_part('content', 'product')
#3 /Users/duhotavlad/Sites/rotani/wp-includes/template-loader.php(106): include('/Users/duhotavl...')
#4 /Users/duhotavlad/Sites/rotani/wp-blog-header.php(19): require_once('/Users/duhotavl...')
#5 /Users/duhotavlad/Sites/rotani/index.php(17): require('/Users/duhotavl...')
#6 {main}
  thrown in /Users/duhotavlad/Sites/rotani/wp-content/themes/rotani/woocommerce/content-product.php on line 54

2023-03-27T09:39:45+00:00 CRITICAL Uncaught Error: Cannot use object of type WP_Term as array in /Users/duhotavlad/Sites/rotani/wp-content/themes/rotani/woocommerce/content-product.php:54
Stack trace:
#0 /Users/duhotavlad/Sites/rotani/wp-includes/template.php(785): require()
#1 /Users/duhotavlad/Sites/rotani/wp-content/plugins/woocommerce/includes/wc-core-functions.php(284): load_template('/Users/duhotavl...', false)
#2 /Users/duhotavlad/Sites/rotani/wp-content/themes/rotani/woocommerce/archive-product.php(53): wc_get_template_part('content', 'product')
#3 /Users/duhotavlad/Sites/rotani/wp-includes/template-loader.php(106): include('/Users/duhotavl...')
#4 /Users/duhotavlad/Sites/rotani/wp-blog-header.php(19): require_once('/Users/duhotavl...')
#5 /Users/duhotavlad/Sites/rotani/index.php(17): require('/Users/duhotavl...')
#6 {main}
  thrown in /Users/duhotavlad/Sites/rotani/wp-content/themes/rotani/woocommerce/content-product.php on line 54

2023-03-27T09:39:45+00:00 CRITICAL Uncaught Error: Cannot use object of type WP_Term as array in /Users/duhotavlad/Sites/rotani/wp-content/themes/rotani/woocommerce/content-product.php:54
Stack trace:
#0 /Users/duhotavlad/Sites/rotani/wp-includes/template.php(785): require()
#1 /Users/duhotavlad/Sites/rotani/wp-content/plugins/woocommerce/includes/wc-core-functions.php(284): load_template('/Users/duhotavl...', false)
#2 /Users/duhotavlad/Sites/rotani/wp-content/themes/rotani/woocommerce/archive-product.php(53): wc_get_template_part('content', 'product')
#3 /Users/duhotavlad/Sites/rotani/wp-includes/template-loader.php(106): include('/Users/duhotavl...')
#4 /Users/duhotavlad/Sites/rotani/wp-blog-header.php(19): require_once('/Users/duhotavl...')
#5 /Users/duhotavlad/Sites/rotani/index.php(17): require('/Users/duhotavl...')
#6 {main}
  thrown in /Users/duhotavlad/Sites/rotani/wp-content/themes/rotani/woocommerce/content-product.php on line 54

2023-03-27T09:40:43+00:00 CRITICAL Uncaught Error: Cannot use object of type WP_Term as array in /Users/duhotavlad/Sites/rotani/wp-content/themes/rotani/woocommerce/content-product.php:54
Stack trace:
#0 /Users/duhotavlad/Sites/rotani/wp-includes/template.php(785): require()
#1 /Users/duhotavlad/Sites/rotani/wp-content/plugins/woocommerce/includes/wc-core-functions.php(284): load_template('/Users/duhotavl...', false)
#2 /Users/duhotavlad/Sites/rotani/wp-content/themes/rotani/woocommerce/archive-product.php(53): wc_get_template_part('content', 'product')
#3 /Users/duhotavlad/Sites/rotani/wp-includes/template-loader.php(106): include('/Users/duhotavl...')
#4 /Users/duhotavlad/Sites/rotani/wp-blog-header.php(19): require_once('/Users/duhotavl...')
#5 /Users/duhotavlad/Sites/rotani/index.php(17): require('/Users/duhotavl...')
#6 {main}
  thrown in /Users/duhotavlad/Sites/rotani/wp-content/themes/rotani/woocommerce/content-product.php on line 54

2023-03-27T09:40:44+00:00 CRITICAL Uncaught Error: Cannot use object of type WP_Term as array in /Users/duhotavlad/Sites/rotani/wp-content/themes/rotani/woocommerce/content-product.php:54
Stack trace:
#0 /Users/duhotavlad/Sites/rotani/wp-includes/template.php(785): require()
#1 /Users/duhotavlad/Sites/rotani/wp-content/plugins/woocommerce/includes/wc-core-functions.php(284): load_template('/Users/duhotavl...', false)
#2 /Users/duhotavlad/Sites/rotani/wp-content/themes/rotani/woocommerce/archive-product.php(53): wc_get_template_part('content', 'product')
#3 /Users/duhotavlad/Sites/rotani/wp-includes/template-loader.php(106): include('/Users/duhotavl...')
#4 /Users/duhotavlad/Sites/rotani/wp-blog-header.php(19): require_once('/Users/duhotavl...')
#5 /Users/duhotavlad/Sites/rotani/index.php(17): require('/Users/duhotavl...')
#6 {main}
  thrown in /Users/duhotavlad/Sites/rotani/wp-content/themes/rotani/woocommerce/content-product.php on line 54

2023-03-27T09:41:15+00:00 CRITICAL Uncaught Error: Non-static method WP_Term::to_array() cannot be called statically in /Users/duhotavlad/Sites/rotani/wp-content/themes/rotani/woocommerce/content-product.php:54
Stack trace:
#0 /Users/duhotavlad/Sites/rotani/wp-includes/template.php(785): require()
#1 /Users/duhotavlad/Sites/rotani/wp-content/plugins/woocommerce/includes/wc-core-functions.php(284): load_template('/Users/duhotavl...', false)
#2 /Users/duhotavlad/Sites/rotani/wp-content/themes/rotani/woocommerce/archive-product.php(53): wc_get_template_part('content', 'product')
#3 /Users/duhotavlad/Sites/rotani/wp-includes/template-loader.php(106): include('/Users/duhotavl...')
#4 /Users/duhotavlad/Sites/rotani/wp-blog-header.php(19): require_once('/Users/duhotavl...')
#5 /Users/duhotavlad/Sites/rotani/index.php(17): require('/Users/duhotavl...')
#6 {main}
  thrown in /Users/duhotavlad/Sites/rotani/wp-content/themes/rotani/woocommerce/content-product.php on line 54

2023-03-27T09:41:15+00:00 CRITICAL Uncaught Error: Non-static method WP_Term::to_array() cannot be called statically in /Users/duhotavlad/Sites/rotani/wp-content/themes/rotani/woocommerce/content-product.php:54
Stack trace:
#0 /Users/duhotavlad/Sites/rotani/wp-includes/template.php(785): require()
#1 /Users/duhotavlad/Sites/rotani/wp-content/plugins/woocommerce/includes/wc-core-functions.php(284): load_template('/Users/duhotavl...', false)
#2 /Users/duhotavlad/Sites/rotani/wp-content/themes/rotani/woocommerce/archive-product.php(53): wc_get_template_part('content', 'product')
#3 /Users/duhotavlad/Sites/rotani/wp-includes/template-loader.php(106): include('/Users/duhotavl...')
#4 /Users/duhotavlad/Sites/rotani/wp-blog-header.php(19): require_once('/Users/duhotavl...')
#5 /Users/duhotavlad/Sites/rotani/index.php(17): require('/Users/duhotavl...')
#6 {main}
  thrown in /Users/duhotavlad/Sites/rotani/wp-content/themes/rotani/woocommerce/content-product.php on line 54

2023-03-27T09:41:21+00:00 CRITICAL Uncaught Error: Non-static method WP_Term::to_array() cannot be called statically in /Users/duhotavlad/Sites/rotani/wp-content/themes/rotani/woocommerce/content-product.php:54
Stack trace:
#0 /Users/duhotavlad/Sites/rotani/wp-includes/template.php(785): require()
#1 /Users/duhotavlad/Sites/rotani/wp-content/plugins/woocommerce/includes/wc-core-functions.php(284): load_template('/Users/duhotavl...', false)
#2 /Users/duhotavlad/Sites/rotani/wp-content/themes/rotani/woocommerce/archive-product.php(53): wc_get_template_part('content', 'product')
#3 /Users/duhotavlad/Sites/rotani/wp-includes/template-loader.php(106): include('/Users/duhotavl...')
#4 /Users/duhotavlad/Sites/rotani/wp-blog-header.php(19): require_once('/Users/duhotavl...')
#5 /Users/duhotavlad/Sites/rotani/index.php(17): require('/Users/duhotavl...')
#6 {main}
  thrown in /Users/duhotavlad/Sites/rotani/wp-content/themes/rotani/woocommerce/content-product.php on line 54

2023-03-27T09:41:21+00:00 CRITICAL Uncaught Error: Non-static method WP_Term::to_array() cannot be called statically in /Users/duhotavlad/Sites/rotani/wp-content/themes/rotani/woocommerce/content-product.php:54
Stack trace:
#0 /Users/duhotavlad/Sites/rotani/wp-includes/template.php(785): require()
#1 /Users/duhotavlad/Sites/rotani/wp-content/plugins/woocommerce/includes/wc-core-functions.php(284): load_template('/Users/duhotavl...', false)
#2 /Users/duhotavlad/Sites/rotani/wp-content/themes/rotani/woocommerce/archive-product.php(53): wc_get_template_part('content', 'product')
#3 /Users/duhotavlad/Sites/rotani/wp-includes/template-loader.php(106): include('/Users/duhotavl...')
#4 /Users/duhotavlad/Sites/rotani/wp-blog-header.php(19): require_once('/Users/duhotavl...')
#5 /Users/duhotavlad/Sites/rotani/index.php(17): require('/Users/duhotavl...')
#6 {main}
  thrown in /Users/duhotavlad/Sites/rotani/wp-content/themes/rotani/woocommerce/content-product.php on line 54

2023-03-27T12:01:42+00:00 CRITICAL syntax error, unexpected token ";", expecting ")" in /Users/duhotavlad/Sites/rotani/wp-content/themes/rotani/woocommerce/content-product.php on line 51

2023-03-27T12:01:43+00:00 CRITICAL syntax error, unexpected token ";", expecting ")" in /Users/duhotavlad/Sites/rotani/wp-content/themes/rotani/woocommerce/content-product.php on line 51

2023-03-27T12:16:20+00:00 CRITICAL syntax error, unexpected token "}" in /Users/duhotavlad/Sites/rotani/wp-content/themes/rotani/functions.php on line 202

2023-03-27T12:16:21+00:00 CRITICAL syntax error, unexpected token "}" in /Users/duhotavlad/Sites/rotani/wp-content/themes/rotani/functions.php on line 202

2023-03-27T12:19:29+00:00 CRITICAL Uncaught TypeError: array_filter(): Argument #1 ($array) must be of type array, null given in /Users/duhotavlad/Sites/rotani/wp-includes/class-wp-query.php:3590
Stack trace:
#0 /Users/duhotavlad/Sites/rotani/wp-includes/class-wp-query.php(3590): array_filter(NULL, 'is_numeric')
#1 /Users/duhotavlad/Sites/rotani/wp-includes/query.php(1004): WP_Query->the_post()
#2 /Users/duhotavlad/Sites/rotani/wp-content/themes/rotani/functions.php(193): the_post(NULL)
#3 /Users/duhotavlad/Sites/rotani/wp-includes/class-wp-hook.php(308): popup_ajax_call('')
#4 /Users/duhotavlad/Sites/rotani/wp-includes/class-wp-hook.php(332): WP_Hook->apply_filters('', Array)
#5 /Users/duhotavlad/Sites/rotani/wp-includes/plugin.php(517): WP_Hook->do_action(Array)
#6 /Users/duhotavlad/Sites/rotani/wp-admin/admin-ajax.php(188): do_action('wp_ajax_popup_a...')
#7 {main}
  thrown in /Users/duhotavlad/Sites/rotani/wp-includes/class-wp-query.php on line 3590

2023-03-27T12:19:52+00:00 CRITICAL Uncaught TypeError: array_filter(): Argument #1 ($array) must be of type array, null given in /Users/duhotavlad/Sites/rotani/wp-includes/class-wp-query.php:3590
Stack trace:
#0 /Users/duhotavlad/Sites/rotani/wp-includes/class-wp-query.php(3590): array_filter(NULL, 'is_numeric')
#1 /Users/duhotavlad/Sites/rotani/wp-includes/query.php(1004): WP_Query->the_post()
#2 /Users/duhotavlad/Sites/rotani/wp-content/themes/rotani/functions.php(193): the_post(NULL)
#3 /Users/duhotavlad/Sites/rotani/wp-includes/class-wp-hook.php(308): popup_ajax_call('')
#4 /Users/duhotavlad/Sites/rotani/wp-includes/class-wp-hook.php(332): WP_Hook->apply_filters('', Array)
#5 /Users/duhotavlad/Sites/rotani/wp-includes/plugin.php(517): WP_Hook->do_action(Array)
#6 /Users/duhotavlad/Sites/rotani/wp-admin/admin-ajax.php(188): do_action('wp_ajax_popup_a...')
#7 {main}
  thrown in /Users/duhotavlad/Sites/rotani/wp-includes/class-wp-query.php on line 3590

2023-03-27T12:20:07+00:00 CRITICAL Uncaught TypeError: array_filter(): Argument #1 ($array) must be of type array, null given in /Users/duhotavlad/Sites/rotani/wp-includes/class-wp-query.php:3590
Stack trace:
#0 /Users/duhotavlad/Sites/rotani/wp-includes/class-wp-query.php(3590): array_filter(NULL, 'is_numeric')
#1 /Users/duhotavlad/Sites/rotani/wp-includes/query.php(1004): WP_Query->the_post()
#2 /Users/duhotavlad/Sites/rotani/wp-content/themes/rotani/functions.php(193): the_post(NULL)
#3 /Users/duhotavlad/Sites/rotani/wp-includes/class-wp-hook.php(308): popup_ajax_call('')
#4 /Users/duhotavlad/Sites/rotani/wp-includes/class-wp-hook.php(332): WP_Hook->apply_filters('', Array)
#5 /Users/duhotavlad/Sites/rotani/wp-includes/plugin.php(517): WP_Hook->do_action(Array)
#6 /Users/duhotavlad/Sites/rotani/wp-admin/admin-ajax.php(188): do_action('wp_ajax_popup_a...')
#7 {main}
  thrown in /Users/duhotavlad/Sites/rotani/wp-includes/class-wp-query.php on line 3590

2023-03-27T12:20:28+00:00 CRITICAL Uncaught TypeError: array_filter(): Argument #1 ($array) must be of type array, null given in /Users/duhotavlad/Sites/rotani/wp-includes/class-wp-query.php:3590
Stack trace:
#0 /Users/duhotavlad/Sites/rotani/wp-includes/class-wp-query.php(3590): array_filter(NULL, 'is_numeric')
#1 /Users/duhotavlad/Sites/rotani/wp-includes/query.php(1004): WP_Query->the_post()
#2 /Users/duhotavlad/Sites/rotani/wp-content/themes/rotani/functions.php(194): the_post()
#3 /Users/duhotavlad/Sites/rotani/wp-includes/class-wp-hook.php(308): popup_ajax_call('')
#4 /Users/duhotavlad/Sites/rotani/wp-includes/class-wp-hook.php(332): WP_Hook->apply_filters('', Array)
#5 /Users/duhotavlad/Sites/rotani/wp-includes/plugin.php(517): WP_Hook->do_action(Array)
#6 /Users/duhotavlad/Sites/rotani/wp-admin/admin-ajax.php(188): do_action('wp_ajax_popup_a...')
#7 {main}
  thrown in /Users/duhotavlad/Sites/rotani/wp-includes/class-wp-query.php on line 3590

2023-03-27T12:20:52+00:00 CRITICAL Uncaught TypeError: array_filter(): Argument #1 ($array) must be of type array, null given in /Users/duhotavlad/Sites/rotani/wp-includes/class-wp-query.php:3590
Stack trace:
#0 /Users/duhotavlad/Sites/rotani/wp-includes/class-wp-query.php(3590): array_filter(NULL, 'is_numeric')
#1 /Users/duhotavlad/Sites/rotani/wp-includes/query.php(1004): WP_Query->the_post()
#2 /Users/duhotavlad/Sites/rotani/wp-content/themes/rotani/functions.php(194): the_post()
#3 /Users/duhotavlad/Sites/rotani/wp-includes/class-wp-hook.php(308): popup_ajax_call('')
#4 /Users/duhotavlad/Sites/rotani/wp-includes/class-wp-hook.php(332): WP_Hook->apply_filters('', Array)
#5 /Users/duhotavlad/Sites/rotani/wp-includes/plugin.php(517): WP_Hook->do_action(Array)
#6 /Users/duhotavlad/Sites/rotani/wp-admin/admin-ajax.php(188): do_action('wp_ajax_popup_a...')
#7 {main}
  thrown in /Users/duhotavlad/Sites/rotani/wp-includes/class-wp-query.php on line 3590

2023-03-27T12:21:17+00:00 CRITICAL Uncaught TypeError: array_filter(): Argument #1 ($array) must be of type array, null given in /Users/duhotavlad/Sites/rotani/wp-includes/class-wp-query.php:3590
Stack trace:
#0 /Users/duhotavlad/Sites/rotani/wp-includes/class-wp-query.php(3590): array_filter(NULL, 'is_numeric')
#1 /Users/duhotavlad/Sites/rotani/wp-includes/query.php(1004): WP_Query->the_post()
#2 /Users/duhotavlad/Sites/rotani/wp-content/themes/rotani/functions.php(194): the_post()
#3 /Users/duhotavlad/Sites/rotani/wp-includes/class-wp-hook.php(308): popup_ajax_call('')
#4 /Users/duhotavlad/Sites/rotani/wp-includes/class-wp-hook.php(332): WP_Hook->apply_filters('', Array)
#5 /Users/duhotavlad/Sites/rotani/wp-includes/plugin.php(517): WP_Hook->do_action(Array)
#6 /Users/duhotavlad/Sites/rotani/wp-admin/admin-ajax.php(188): do_action('wp_ajax_popup_a...')
#7 {main}
  thrown in /Users/duhotavlad/Sites/rotani/wp-includes/class-wp-query.php on line 3590

2023-03-27T12:21:29+00:00 CRITICAL Uncaught TypeError: array_filter(): Argument #1 ($array) must be of type array, null given in /Users/duhotavlad/Sites/rotani/wp-includes/class-wp-query.php:3590
Stack trace:
#0 /Users/duhotavlad/Sites/rotani/wp-includes/class-wp-query.php(3590): array_filter(NULL, 'is_numeric')
#1 /Users/duhotavlad/Sites/rotani/wp-includes/query.php(1004): WP_Query->the_post()
#2 /Users/duhotavlad/Sites/rotani/wp-content/themes/rotani/functions.php(194): the_post()
#3 /Users/duhotavlad/Sites/rotani/wp-includes/class-wp-hook.php(308): popup_ajax_call('')
#4 /Users/duhotavlad/Sites/rotani/wp-includes/class-wp-hook.php(332): WP_Hook->apply_filters('', Array)
#5 /Users/duhotavlad/Sites/rotani/wp-includes/plugin.php(517): WP_Hook->do_action(Array)
#6 /Users/duhotavlad/Sites/rotani/wp-admin/admin-ajax.php(188): do_action('wp_ajax_popup_a...')
#7 {main}
  thrown in /Users/duhotavlad/Sites/rotani/wp-includes/class-wp-query.php on line 3590

2023-03-27T12:21:36+00:00 CRITICAL Uncaught TypeError: array_filter(): Argument #1 ($array) must be of type array, null given in /Users/duhotavlad/Sites/rotani/wp-includes/class-wp-query.php:3590
Stack trace:
#0 /Users/duhotavlad/Sites/rotani/wp-includes/class-wp-query.php(3590): array_filter(NULL, 'is_numeric')
#1 /Users/duhotavlad/Sites/rotani/wp-includes/query.php(1004): WP_Query->the_post()
#2 /Users/duhotavlad/Sites/rotani/wp-content/themes/rotani/functions.php(194): the_post()
#3 /Users/duhotavlad/Sites/rotani/wp-includes/class-wp-hook.php(308): popup_ajax_call('')
#4 /Users/duhotavlad/Sites/rotani/wp-includes/class-wp-hook.php(332): WP_Hook->apply_filters('', Array)
#5 /Users/duhotavlad/Sites/rotani/wp-includes/plugin.php(517): WP_Hook->do_action(Array)
#6 /Users/duhotavlad/Sites/rotani/wp-admin/admin-ajax.php(188): do_action('wp_ajax_popup_a...')
#7 {main}
  thrown in /Users/duhotavlad/Sites/rotani/wp-includes/class-wp-query.php on line 3590

2023-03-27T12:21:47+00:00 CRITICAL Uncaught TypeError: array_filter(): Argument #1 ($array) must be of type array, null given in /Users/duhotavlad/Sites/rotani/wp-includes/class-wp-query.php:3590
Stack trace:
#0 /Users/duhotavlad/Sites/rotani/wp-includes/class-wp-query.php(3590): array_filter(NULL, 'is_numeric')
#1 /Users/duhotavlad/Sites/rotani/wp-includes/query.php(1004): WP_Query->the_post()
#2 /Users/duhotavlad/Sites/rotani/wp-content/themes/rotani/functions.php(194): the_post()
#3 /Users/duhotavlad/Sites/rotani/wp-includes/class-wp-hook.php(308): popup_ajax_call('')
#4 /Users/duhotavlad/Sites/rotani/wp-includes/class-wp-hook.php(332): WP_Hook->apply_filters('', Array)
#5 /Users/duhotavlad/Sites/rotani/wp-includes/plugin.php(517): WP_Hook->do_action(Array)
#6 /Users/duhotavlad/Sites/rotani/wp-admin/admin-ajax.php(188): do_action('wp_ajax_popup_a...')
#7 {main}
  thrown in /Users/duhotavlad/Sites/rotani/wp-includes/class-wp-query.php on line 3590

2023-03-27T12:22:13+00:00 CRITICAL Uncaught TypeError: array_filter(): Argument #1 ($array) must be of type array, null given in /Users/duhotavlad/Sites/rotani/wp-includes/class-wp-query.php:3590
Stack trace:
#0 /Users/duhotavlad/Sites/rotani/wp-includes/class-wp-query.php(3590): array_filter(NULL, 'is_numeric')
#1 /Users/duhotavlad/Sites/rotani/wp-includes/query.php(1004): WP_Query->the_post()
#2 /Users/duhotavlad/Sites/rotani/wp-content/themes/rotani/functions.php(194): the_post()
#3 /Users/duhotavlad/Sites/rotani/wp-includes/class-wp-hook.php(308): popup_ajax_call('')
#4 /Users/duhotavlad/Sites/rotani/wp-includes/class-wp-hook.php(332): WP_Hook->apply_filters('', Array)
#5 /Users/duhotavlad/Sites/rotani/wp-includes/plugin.php(517): WP_Hook->do_action(Array)
#6 /Users/duhotavlad/Sites/rotani/wp-admin/admin-ajax.php(188): do_action('wp_ajax_popup_a...')
#7 {main}
  thrown in /Users/duhotavlad/Sites/rotani/wp-includes/class-wp-query.php on line 3590

2023-03-27T12:49:23+00:00 CRITICAL Uncaught ArgumentCountError: Too few arguments to function setup_postdata(), 0 passed in /Users/duhotavlad/Sites/rotani/wp-content/themes/rotani/woocommerce/content-single-product.php on line 22 and exactly 1 expected in /Users/duhotavlad/Sites/rotani/wp-includes/query.php:1226
Stack trace:
#0 /Users/duhotavlad/Sites/rotani/wp-content/themes/rotani/woocommerce/content-single-product.php(22): setup_postdata()
#1 /Users/duhotavlad/Sites/rotani/wp-includes/template.php(785): require('/Users/duhotavl...')
#2 /Users/duhotavlad/Sites/rotani/wp-content/plugins/woocommerce/includes/wc-core-functions.php(284): load_template('/Users/duhotavl...', false)
#3 /Users/duhotavlad/Sites/rotani/wp-content/themes/rotani/functions.php(196): wc_get_template_part('content', 'single-product')
#4 /Users/duhotavlad/Sites/rotani/wp-includes/class-wp-hook.php(308): popup_ajax_call('')
#5 /Users/duhotavlad/Sites/rotani/wp-includes/class-wp-hook.php(332): WP_Hook->apply_filters('', Array)
#6 /Users/duhotavlad/Sites/rotani/wp-includes/plugin.php(517): WP_Hook->do_action(Array)
#7 /Users/duhotavlad/Sites/rotani/wp-admin/admin-ajax.php(188): do_action('wp_ajax_popup_a...')
#8 {main}
  thrown in /Users/duhotavlad/Sites/rotani/wp-includes/query.php on line 1226

2023-03-27T12:49:26+00:00 CRITICAL Uncaught ArgumentCountError: Too few arguments to function setup_postdata(), 0 passed in /Users/duhotavlad/Sites/rotani/wp-content/themes/rotani/woocommerce/content-single-product.php on line 22 and exactly 1 expected in /Users/duhotavlad/Sites/rotani/wp-includes/query.php:1226
Stack trace:
#0 /Users/duhotavlad/Sites/rotani/wp-content/themes/rotani/woocommerce/content-single-product.php(22): setup_postdata()
#1 /Users/duhotavlad/Sites/rotani/wp-includes/template.php(785): require('/Users/duhotavl...')
#2 /Users/duhotavlad/Sites/rotani/wp-content/plugins/woocommerce/includes/wc-core-functions.php(284): load_template('/Users/duhotavl...', false)
#3 /Users/duhotavlad/Sites/rotani/wp-content/themes/rotani/functions.php(196): wc_get_template_part('content', 'single-product')
#4 /Users/duhotavlad/Sites/rotani/wp-includes/class-wp-hook.php(308): popup_ajax_call('')
#5 /Users/duhotavlad/Sites/rotani/wp-includes/class-wp-hook.php(332): WP_Hook->apply_filters('', Array)
#6 /Users/duhotavlad/Sites/rotani/wp-includes/plugin.php(517): WP_Hook->do_action(Array)
#7 /Users/duhotavlad/Sites/rotani/wp-admin/admin-ajax.php(188): do_action('wp_ajax_popup_a...')
#8 {main}
  thrown in /Users/duhotavlad/Sites/rotani/wp-includes/query.php on line 1226

2023-03-27T12:50:42+00:00 CRITICAL syntax error, unexpected identifier "wc_get_template_part" in /Users/duhotavlad/Sites/rotani/wp-content/themes/rotani/functions.php on line 197

2023-03-27T12:50:54+00:00 CRITICAL syntax error, unexpected identifier "wc_get_template_part" in /Users/duhotavlad/Sites/rotani/wp-content/themes/rotani/functions.php on line 197

2023-03-27T12:50:55+00:00 CRITICAL syntax error, unexpected identifier "wc_get_template_part" in /Users/duhotavlad/Sites/rotani/wp-content/themes/rotani/functions.php on line 197

2023-03-27T12:52:50+00:00 CRITICAL syntax error, unexpected token "$" in /Users/duhotavlad/Sites/rotani/wp-content/themes/rotani/functions.php on line 198

2023-03-27T12:54:23+00:00 CRITICAL Uncaught TypeError: array_filter(): Argument #1 ($array) must be of type array, null given in /Users/duhotavlad/Sites/rotani/wp-includes/class-wp-query.php:3590
Stack trace:
#0 /Users/duhotavlad/Sites/rotani/wp-includes/class-wp-query.php(3590): array_filter(NULL, 'is_numeric')
#1 /Users/duhotavlad/Sites/rotani/wp-includes/query.php(1004): WP_Query->the_post()
#2 /Users/duhotavlad/Sites/rotani/wp-content/themes/rotani/woocommerce/content-single-product.php(23): the_post('17')
#3 /Users/duhotavlad/Sites/rotani/wp-includes/template.php(785): require('/Users/duhotavl...')
#4 /Users/duhotavlad/Sites/rotani/wp-content/plugins/woocommerce/includes/wc-core-functions.php(284): load_template('/Users/duhotavl...', false)
#5 /Users/duhotavlad/Sites/rotani/wp-content/themes/rotani/functions.php(197): wc_get_template_part('content', 'single-product')
#6 /Users/duhotavlad/Sites/rotani/wp-includes/class-wp-hook.php(308): popup_ajax_call('')
#7 /Users/duhotavlad/Sites/rotani/wp-includes/class-wp-hook.php(332): WP_Hook->apply_filters('', Array)
#8 /Users/duhotavlad/Sites/rotani/wp-includes/plugin.php(517): WP_Hook->do_action(Array)
#9 /Users/duhotavlad/Sites/rotani/wp-admin/admin-ajax.php(188): do_action('wp_ajax_popup_a...')
#10 {main}
  thrown in /Users/duhotavlad/Sites/rotani/wp-includes/class-wp-query.php on line 3590

2023-03-27T12:55:14+00:00 CRITICAL Uncaught TypeError: Unsupported operand types: null - WC_Product_Simple in /Users/duhotavlad/Sites/rotani/wp-content/themes/rotani/woocommerce/content-single-product.php:22
Stack trace:
#0 /Users/duhotavlad/Sites/rotani/wp-includes/template.php(785): require()
#1 /Users/duhotavlad/Sites/rotani/wp-content/plugins/woocommerce/includes/wc-core-functions.php(284): load_template('/Users/duhotavl...', false)
#2 /Users/duhotavlad/Sites/rotani/wp-content/themes/rotani/functions.php(197): wc_get_template_part('content', 'single-product')
#3 /Users/duhotavlad/Sites/rotani/wp-includes/class-wp-hook.php(308): popup_ajax_call('')
#4 /Users/duhotavlad/Sites/rotani/wp-includes/class-wp-hook.php(332): WP_Hook->apply_filters('', Array)
#5 /Users/duhotavlad/Sites/rotani/wp-includes/plugin.php(517): WP_Hook->do_action(Array)
#6 /Users/duhotavlad/Sites/rotani/wp-admin/admin-ajax.php(188): do_action('wp_ajax_popup_a...')
#7 {main}
  thrown in /Users/duhotavlad/Sites/rotani/wp-content/themes/rotani/woocommerce/content-single-product.php on line 22

2023-03-27T13:01:06+00:00 CRITICAL syntax error, unexpected token "=", expecting "," or ";" in /Users/duhotavlad/Sites/rotani/wp-content/themes/rotani/woocommerce/content-single-product.php on line 22

2023-03-27T13:50:24+00:00 CRITICAL syntax error, unexpected variable "$attachment_ids", expecting "," or ";" in /Users/duhotavlad/Sites/rotani/wp-content/themes/rotani/woocommerce/single-product/product-thumbnails.php on line 26

2023-03-27T13:50:45+00:00 CRITICAL syntax error, unexpected variable "$attachment_ids", expecting "," or ";" in /Users/duhotavlad/Sites/rotani/wp-content/themes/rotani/woocommerce/single-product/product-thumbnails.php on line 26

2023-03-27T13:51:14+00:00 CRITICAL syntax error, unexpected variable "$attachment_ids", expecting "," or ";" in /Users/duhotavlad/Sites/rotani/wp-content/themes/rotani/woocommerce/single-product/product-thumbnails.php on line 26

2023-03-27T13:57:34+00:00 CRITICAL syntax error, unexpected variable "$columns" in /Users/duhotavlad/Sites/rotani/wp-content/themes/rotani/woocommerce/single-product/product-image.php on line 26

2023-03-27T13:57:55+00:00 CRITICAL syntax error, unexpected variable "$attachment_ids", expecting "," or ";" in /Users/duhotavlad/Sites/rotani/wp-content/themes/rotani/woocommerce/single-product/product-thumbnails.php on line 26

2023-03-27T13:57:57+00:00 CRITICAL syntax error, unexpected variable "$attachment_ids", expecting "," or ";" in /Users/duhotavlad/Sites/rotani/wp-content/themes/rotani/woocommerce/single-product/product-thumbnails.php on line 26

2023-03-27T13:58:05+00:00 CRITICAL syntax error, unexpected variable "$attachment_ids", expecting "," or ";" in /Users/duhotavlad/Sites/rotani/wp-content/themes/rotani/woocommerce/single-product/product-thumbnails.php on line 26

2023-03-27T13:58:09+00:00 CRITICAL syntax error, unexpected variable "$attachment_ids", expecting "," or ";" in /Users/duhotavlad/Sites/rotani/wp-content/themes/rotani/woocommerce/single-product/product-thumbnails.php on line 26

2023-03-27T13:58:09+00:00 CRITICAL syntax error, unexpected variable "$attachment_ids", expecting "," or ";" in /Users/duhotavlad/Sites/rotani/wp-content/themes/rotani/woocommerce/single-product/product-thumbnails.php on line 26

2023-03-27T13:58:09+00:00 CRITICAL syntax error, unexpected variable "$attachment_ids", expecting "," or ";" in /Users/duhotavlad/Sites/rotani/wp-content/themes/rotani/woocommerce/single-product/product-thumbnails.php on line 26

2023-03-27T13:58:09+00:00 CRITICAL syntax error, unexpected variable "$attachment_ids", expecting "," or ";" in /Users/duhotavlad/Sites/rotani/wp-content/themes/rotani/woocommerce/single-product/product-thumbnails.php on line 26

2023-03-27T13:58:09+00:00 CRITICAL syntax error, unexpected variable "$attachment_ids", expecting "," or ";" in /Users/duhotavlad/Sites/rotani/wp-content/themes/rotani/woocommerce/single-product/product-thumbnails.php on line 26

2023-03-27T13:58:09+00:00 CRITICAL syntax error, unexpected variable "$attachment_ids", expecting "," or ";" in /Users/duhotavlad/Sites/rotani/wp-content/themes/rotani/woocommerce/single-product/product-thumbnails.php on line 26

2023-03-27T13:58:32+00:00 CRITICAL Uncaught TypeError: array_map(): Argument #2 ($array) must be of type array, null given in /Users/duhotavlad/Sites/rotani/wp-content/themes/rotani/woocommerce/single-product/product-image.php:38
Stack trace:
#0 /Users/duhotavlad/Sites/rotani/wp-content/themes/rotani/woocommerce/single-product/product-image.php(38): array_map('sanitize_html_c...', NULL)
#1 /Users/duhotavlad/Sites/rotani/wp-content/plugins/woocommerce/includes/wc-core-functions.php(345): include('/Users/duhotavl...')
#2 /Users/duhotavlad/Sites/rotani/wp-content/plugins/woocommerce/includes/wc-template-functions.php(1556): wc_get_template('single-product/...')
#3 /Users/duhotavlad/Sites/rotani/wp-includes/class-wp-hook.php(308): woocommerce_show_product_images('')
#4 /Users/duhotavlad/Sites/rotani/wp-includes/class-wp-hook.php(332): WP_Hook->apply_filters(NULL, Array)
#5 /Users/duhotavlad/Sites/rotani/wp-includes/plugin.php(517): WP_Hook->do_action(Array)
#6 /Users/duhotavlad/Sites/rotani/wp-content/themes/rotani/woocommerce/content-single-product.php(43): do_action('woocommerce_bef...')
#7 /Users/duhotavlad/Sites/rotani/wp-includes/template.php(785): require('/Users/duhotavl...')
#8 /Users/duhotavlad/Sites/rotani/wp-content/plugins/woocommerce/includes/wc-core-functions.php(284): load_template('/Users/duhotavl...', false)
#9 /Users/duhotavlad/Sites/rotani/wp-content/themes/rotani/functions.php(197): wc_get_template_part('content', 'single-product')
#10 /Users/duhotavlad/Sites/rotani/wp-includes/class-wp-hook.php(308): popup_ajax_call('')
#11 /Users/duhotavlad/Sites/rotani/wp-includes/class-wp-hook.php(332): WP_Hook->apply_filters('', Array)
#12 /Users/duhotavlad/Sites/rotani/wp-includes/plugin.php(517): WP_Hook->do_action(Array)
#13 /Users/duhotavlad/Sites/rotani/wp-admin/admin-ajax.php(188): do_action('wp_ajax_popup_a...')
#14 {main}
  thrown in /Users/duhotavlad/Sites/rotani/wp-content/themes/rotani/woocommerce/single-product/product-image.php on line 38

2023-03-27T13:58:33+00:00 CRITICAL Uncaught TypeError: array_map(): Argument #2 ($array) must be of type array, null given in /Users/duhotavlad/Sites/rotani/wp-content/themes/rotani/woocommerce/single-product/product-image.php:38
Stack trace:
#0 /Users/duhotavlad/Sites/rotani/wp-content/themes/rotani/woocommerce/single-product/product-image.php(38): array_map('sanitize_html_c...', NULL)
#1 /Users/duhotavlad/Sites/rotani/wp-content/plugins/woocommerce/includes/wc-core-functions.php(345): include('/Users/duhotavl...')
#2 /Users/duhotavlad/Sites/rotani/wp-content/plugins/woocommerce/includes/wc-template-functions.php(1556): wc_get_template('single-product/...')
#3 /Users/duhotavlad/Sites/rotani/wp-includes/class-wp-hook.php(308): woocommerce_show_product_images('')
#4 /Users/duhotavlad/Sites/rotani/wp-includes/class-wp-hook.php(332): WP_Hook->apply_filters(NULL, Array)
#5 /Users/duhotavlad/Sites/rotani/wp-includes/plugin.php(517): WP_Hook->do_action(Array)
#6 /Users/duhotavlad/Sites/rotani/wp-content/themes/rotani/woocommerce/content-single-product.php(43): do_action('woocommerce_bef...')
#7 /Users/duhotavlad/Sites/rotani/wp-includes/template.php(785): require('/Users/duhotavl...')
#8 /Users/duhotavlad/Sites/rotani/wp-content/plugins/woocommerce/includes/wc-core-functions.php(284): load_template('/Users/duhotavl...', false)
#9 /Users/duhotavlad/Sites/rotani/wp-content/themes/rotani/functions.php(197): wc_get_template_part('content', 'single-product')
#10 /Users/duhotavlad/Sites/rotani/wp-includes/class-wp-hook.php(308): popup_ajax_call('')
#11 /Users/duhotavlad/Sites/rotani/wp-includes/class-wp-hook.php(332): WP_Hook->apply_filters('', Array)
#12 /Users/duhotavlad/Sites/rotani/wp-includes/plugin.php(517): WP_Hook->do_action(Array)
#13 /Users/duhotavlad/Sites/rotani/wp-admin/admin-ajax.php(188): do_action('wp_ajax_popup_a...')
#14 {main}
  thrown in /Users/duhotavlad/Sites/rotani/wp-content/themes/rotani/woocommerce/single-product/product-image.php on line 38

2023-03-27T13:58:42+00:00 CRITICAL Uncaught TypeError: array_map(): Argument #2 ($array) must be of type array, null given in /Users/duhotavlad/Sites/rotani/wp-content/themes/rotani/woocommerce/single-product/product-image.php:38
Stack trace:
#0 /Users/duhotavlad/Sites/rotani/wp-content/themes/rotani/woocommerce/single-product/product-image.php(38): array_map('sanitize_html_c...', NULL)
#1 /Users/duhotavlad/Sites/rotani/wp-content/plugins/woocommerce/includes/wc-core-functions.php(345): include('/Users/duhotavl...')
#2 /Users/duhotavlad/Sites/rotani/wp-content/plugins/woocommerce/includes/wc-template-functions.php(1556): wc_get_template('single-product/...')
#3 /Users/duhotavlad/Sites/rotani/wp-includes/class-wp-hook.php(308): woocommerce_show_product_images('')
#4 /Users/duhotavlad/Sites/rotani/wp-includes/class-wp-hook.php(332): WP_Hook->apply_filters(NULL, Array)
#5 /Users/duhotavlad/Sites/rotani/wp-includes/plugin.php(517): WP_Hook->do_action(Array)
#6 /Users/duhotavlad/Sites/rotani/wp-content/themes/rotani/woocommerce/content-single-product.php(43): do_action('woocommerce_bef...')
#7 /Users/duhotavlad/Sites/rotani/wp-includes/template.php(785): require('/Users/duhotavl...')
#8 /Users/duhotavlad/Sites/rotani/wp-content/plugins/woocommerce/includes/wc-core-functions.php(284): load_template('/Users/duhotavl...', false)
#9 /Users/duhotavlad/Sites/rotani/wp-content/themes/rotani/functions.php(197): wc_get_template_part('content', 'single-product')
#10 /Users/duhotavlad/Sites/rotani/wp-includes/class-wp-hook.php(308): popup_ajax_call('')
#11 /Users/duhotavlad/Sites/rotani/wp-includes/class-wp-hook.php(332): WP_Hook->apply_filters('', Array)
#12 /Users/duhotavlad/Sites/rotani/wp-includes/plugin.php(517): WP_Hook->do_action(Array)
#13 /Users/duhotavlad/Sites/rotani/wp-admin/admin-ajax.php(188): do_action('wp_ajax_popup_a...')
#14 {main}
  thrown in /Users/duhotavlad/Sites/rotani/wp-content/themes/rotani/woocommerce/single-product/product-image.php on line 38

2023-03-27T13:59:03+00:00 CRITICAL Uncaught TypeError: array_map(): Argument #2 ($array) must be of type array, null given in /Users/duhotavlad/Sites/rotani/wp-content/themes/rotani/woocommerce/single-product/product-image.php:38
Stack trace:
#0 /Users/duhotavlad/Sites/rotani/wp-content/themes/rotani/woocommerce/single-product/product-image.php(38): array_map('sanitize_html_c...', NULL)
#1 /Users/duhotavlad/Sites/rotani/wp-content/plugins/woocommerce/includes/wc-core-functions.php(345): include('/Users/duhotavl...')
#2 /Users/duhotavlad/Sites/rotani/wp-content/plugins/woocommerce/includes/wc-template-functions.php(1556): wc_get_template('single-product/...')
#3 /Users/duhotavlad/Sites/rotani/wp-includes/class-wp-hook.php(308): woocommerce_show_product_images('')
#4 /Users/duhotavlad/Sites/rotani/wp-includes/class-wp-hook.php(332): WP_Hook->apply_filters(NULL, Array)
#5 /Users/duhotavlad/Sites/rotani/wp-includes/plugin.php(517): WP_Hook->do_action(Array)
#6 /Users/duhotavlad/Sites/rotani/wp-content/themes/rotani/woocommerce/content-single-product.php(43): do_action('woocommerce_bef...')
#7 /Users/duhotavlad/Sites/rotani/wp-includes/template.php(785): require('/Users/duhotavl...')
#8 /Users/duhotavlad/Sites/rotani/wp-content/plugins/woocommerce/includes/wc-core-functions.php(284): load_template('/Users/duhotavl...', false)
#9 /Users/duhotavlad/Sites/rotani/wp-content/themes/rotani/functions.php(197): wc_get_template_part('content', 'single-product')
#10 /Users/duhotavlad/Sites/rotani/wp-includes/class-wp-hook.php(308): popup_ajax_call('')
#11 /Users/duhotavlad/Sites/rotani/wp-includes/class-wp-hook.php(332): WP_Hook->apply_filters('', Array)
#12 /Users/duhotavlad/Sites/rotani/wp-includes/plugin.php(517): WP_Hook->do_action(Array)
#13 /Users/duhotavlad/Sites/rotani/wp-admin/admin-ajax.php(188): do_action('wp_ajax_popup_a...')
#14 {main}
  thrown in /Users/duhotavlad/Sites/rotani/wp-content/themes/rotani/woocommerce/single-product/product-image.php on line 38

2023-03-27T14:14:05+00:00 CRITICAL syntax error, unexpected variable "$attachment_ids", expecting "," or ";" in /Users/duhotavlad/Sites/rotani/wp-content/themes/rotani/woocommerce/single-product/product-thumbnails.php on line 26

2023-03-27T14:44:49+00:00 CRITICAL syntax error, unexpected identifier "wp_die", expecting "," or ";" in /Users/duhotavlad/Sites/rotani/wp-content/themes/rotani/functions.php on line 203

2023-03-27T14:45:03+00:00 CRITICAL syntax error, unexpected identifier "wp_die", expecting "," or ";" in /Users/duhotavlad/Sites/rotani/wp-content/themes/rotani/functions.php on line 203

2023-03-27T14:45:04+00:00 CRITICAL syntax error, unexpected identifier "wp_die", expecting "," or ";" in /Users/duhotavlad/Sites/rotani/wp-content/themes/rotani/functions.php on line 203

2023-03-27T18:47:06+00:00 CRITICAL syntax error, unexpected double-quoted string "painting_framed,", expecting ")" in /Users/duhotavlad/Sites/rotani/wp-content/themes/rotani/includes/carbon-fields-options/post-meta.php on line 24

2023-03-27T18:47:07+00:00 CRITICAL syntax error, unexpected double-quoted string "painting_framed,", expecting ")" in /Users/duhotavlad/Sites/rotani/wp-content/themes/rotani/includes/carbon-fields-options/post-meta.php on line 24

2023-03-27T18:47:07+00:00 CRITICAL syntax error, unexpected double-quoted string "painting_framed,", expecting ")" in /Users/duhotavlad/Sites/rotani/wp-content/themes/rotani/includes/carbon-fields-options/post-meta.php on line 24

2023-03-27T18:57:01+00:00 CRITICAL syntax error, unexpected double-quoted string ",", expecting ")" in /Users/duhotavlad/Sites/rotani/wp-content/themes/rotani/includes/carbon-fields-options/post-meta.php on line 61

