2023-03-28T07:50:52+00:00 CRITICAL syntax error, unexpected token "<", expecting end of file in /Users/duhotavlad/Sites/rotani/wp-content/themes/rotani/woocommerce/cart/cart.php on line 183

2023-03-28T08:11:51+00:00 CRITICAL syntax error, unexpected token "<", expecting end of file in /Users/duhotavlad/Sites/rotani/wp-content/themes/rotani/woocommerce/cart/cart.php on line 183

2023-03-28T08:15:41+00:00 CRITICAL syntax error, unexpected token "}", expecting "," or ";" in /Users/duhotavlad/Sites/rotani/wp-content/themes/rotani/woocommerce/cart/cart.php on line 213

2023-03-28T08:16:23+00:00 CRITICAL Uncaught TypeError: Cannot access offset of type string on string in /Users/duhotavlad/Sites/rotani/wp-content/themes/rotani/woocommerce/cart/cart.php:211
Stack trace:
#0 /Users/duhotavlad/Sites/rotani/wp-content/plugins/woocommerce/includes/wc-core-functions.php(345): include()
#1 /Users/duhotavlad/Sites/rotani/wp-content/plugins/woocommerce/includes/shortcodes/class-wc-shortcode-cart.php(99): wc_get_template('cart/cart.php')
#2 /Users/duhotavlad/Sites/rotani/wp-content/plugins/woocommerce/includes/class-wc-shortcodes.php(72): WC_Shortcode_Cart::output(Array)
#3 /Users/duhotavlad/Sites/rotani/wp-content/plugins/woocommerce/includes/class-wc-shortcodes.php(85): WC_Shortcodes::shortcode_wrapper(Array)
#4 /Users/duhotavlad/Sites/rotani/wp-includes/shortcodes.php(355): WC_Shortcodes::cart('', '', 'woocommerce_car...')
#5 [internal function]: do_shortcode_tag(Array)
#6 /Users/duhotavlad/Sites/rotani/wp-includes/shortcodes.php(227): preg_replace_callback('/\\[(\\[?)(woocom...', 'do_shortcode_ta...', '[woocommerce_ca...')
#7 /Users/duhotavlad/Sites/rotani/wp-includes/class-wp-hook.php(308): do_shortcode('[woocommerce_ca...')
#8 /Users/duhotavlad/Sites/rotani/wp-includes/plugin.php(205): WP_Hook->apply_filters('[woocommerce_ca...', Array)
#9 /Users/duhotavlad/Sites/rotani/wp-includes/post-template.php(255): apply_filters('the_content', '<!-- wp:shortco...')
#10 /Users/duhotavlad/Sites/rotani/wp-content/themes/rotani/index.php(4): the_content()
#11 /Users/duhotavlad/Sites/rotani/wp-includes/template-loader.php(106): include('/Users/duhotavl...')
#12 /Users/duhotavlad/Sites/rotani/wp-blog-header.php(19): require_once('/Users/duhotavl...')
#13 /Users/duhotavlad/Sites/rotani/index.php(17): require('/Users/duhotavl...')
#14 {main}
  thrown in /Users/duhotavlad/Sites/rotani/wp-content/themes/rotani/woocommerce/cart/cart.php on line 211

2023-03-28T08:16:35+00:00 CRITICAL Cannot use [] for reading in /Users/duhotavlad/Sites/rotani/wp-content/themes/rotani/woocommerce/cart/cart.php on line 211

2023-03-28T08:17:20+00:00 CRITICAL Uncaught TypeError: Unsupported operand types: array - int in /Users/duhotavlad/Sites/rotani/wp-content/themes/rotani/woocommerce/cart/cart.php:211
Stack trace:
#0 /Users/duhotavlad/Sites/rotani/wp-content/plugins/woocommerce/includes/wc-core-functions.php(345): include()
#1 /Users/duhotavlad/Sites/rotani/wp-content/plugins/woocommerce/includes/shortcodes/class-wc-shortcode-cart.php(99): wc_get_template('cart/cart.php')
#2 /Users/duhotavlad/Sites/rotani/wp-content/plugins/woocommerce/includes/class-wc-shortcodes.php(72): WC_Shortcode_Cart::output(Array)
#3 /Users/duhotavlad/Sites/rotani/wp-content/plugins/woocommerce/includes/class-wc-shortcodes.php(85): WC_Shortcodes::shortcode_wrapper(Array)
#4 /Users/duhotavlad/Sites/rotani/wp-includes/shortcodes.php(355): WC_Shortcodes::cart('', '', 'woocommerce_car...')
#5 [internal function]: do_shortcode_tag(Array)
#6 /Users/duhotavlad/Sites/rotani/wp-includes/shortcodes.php(227): preg_replace_callback('/\\[(\\[?)(woocom...', 'do_shortcode_ta...', '[woocommerce_ca...')
#7 /Users/duhotavlad/Sites/rotani/wp-includes/class-wp-hook.php(308): do_shortcode('[woocommerce_ca...')
#8 /Users/duhotavlad/Sites/rotani/wp-includes/plugin.php(205): WP_Hook->apply_filters('[woocommerce_ca...', Array)
#9 /Users/duhotavlad/Sites/rotani/wp-includes/post-template.php(255): apply_filters('the_content', '<!-- wp:shortco...')
#10 /Users/duhotavlad/Sites/rotani/wp-content/themes/rotani/index.php(4): the_content()
#11 /Users/duhotavlad/Sites/rotani/wp-includes/template-loader.php(106): include('/Users/duhotavl...')
#12 /Users/duhotavlad/Sites/rotani/wp-blog-header.php(19): require_once('/Users/duhotavl...')
#13 /Users/duhotavlad/Sites/rotani/index.php(17): require('/Users/duhotavl...')
#14 {main}
  thrown in /Users/duhotavlad/Sites/rotani/wp-content/themes/rotani/woocommerce/cart/cart.php on line 211

2023-03-28T08:17:33+00:00 CRITICAL Uncaught TypeError: count(): Argument #1 ($var) must be of type Countable|array, string given in /Users/duhotavlad/Sites/rotani/wp-content/themes/rotani/woocommerce/cart/cart.php:211
Stack trace:
#0 /Users/duhotavlad/Sites/rotani/wp-content/plugins/woocommerce/includes/wc-core-functions.php(345): include()
#1 /Users/duhotavlad/Sites/rotani/wp-content/plugins/woocommerce/includes/shortcodes/class-wc-shortcode-cart.php(99): wc_get_template('cart/cart.php')
#2 /Users/duhotavlad/Sites/rotani/wp-content/plugins/woocommerce/includes/class-wc-shortcodes.php(72): WC_Shortcode_Cart::output(Array)
#3 /Users/duhotavlad/Sites/rotani/wp-content/plugins/woocommerce/includes/class-wc-shortcodes.php(85): WC_Shortcodes::shortcode_wrapper(Array)
#4 /Users/duhotavlad/Sites/rotani/wp-includes/shortcodes.php(355): WC_Shortcodes::cart('', '', 'woocommerce_car...')
#5 [internal function]: do_shortcode_tag(Array)
#6 /Users/duhotavlad/Sites/rotani/wp-includes/shortcodes.php(227): preg_replace_callback('/\\[(\\[?)(woocom...', 'do_shortcode_ta...', '[woocommerce_ca...')
#7 /Users/duhotavlad/Sites/rotani/wp-includes/class-wp-hook.php(308): do_shortcode('[woocommerce_ca...')
#8 /Users/duhotavlad/Sites/rotani/wp-includes/plugin.php(205): WP_Hook->apply_filters('[woocommerce_ca...', Array)
#9 /Users/duhotavlad/Sites/rotani/wp-includes/post-template.php(255): apply_filters('the_content', '<!-- wp:shortco...')
#10 /Users/duhotavlad/Sites/rotani/wp-content/themes/rotani/index.php(4): the_content()
#11 /Users/duhotavlad/Sites/rotani/wp-includes/template-loader.php(106): include('/Users/duhotavl...')
#12 /Users/duhotavlad/Sites/rotani/wp-blog-header.php(19): require_once('/Users/duhotavl...')
#13 /Users/duhotavlad/Sites/rotani/index.php(17): require('/Users/duhotavl...')
#14 {main}
  thrown in /Users/duhotavlad/Sites/rotani/wp-content/themes/rotani/woocommerce/cart/cart.php on line 211

2023-03-28T08:18:49+00:00 CRITICAL Uncaught TypeError: Unsupported operand types: array - int in /Users/duhotavlad/Sites/rotani/wp-content/themes/rotani/woocommerce/cart/cart.php:210
Stack trace:
#0 /Users/duhotavlad/Sites/rotani/wp-content/plugins/woocommerce/includes/wc-core-functions.php(345): include()
#1 /Users/duhotavlad/Sites/rotani/wp-content/plugins/woocommerce/includes/shortcodes/class-wc-shortcode-cart.php(99): wc_get_template('cart/cart.php')
#2 /Users/duhotavlad/Sites/rotani/wp-content/plugins/woocommerce/includes/class-wc-shortcodes.php(72): WC_Shortcode_Cart::output(Array)
#3 /Users/duhotavlad/Sites/rotani/wp-content/plugins/woocommerce/includes/class-wc-shortcodes.php(85): WC_Shortcodes::shortcode_wrapper(Array)
#4 /Users/duhotavlad/Sites/rotani/wp-includes/shortcodes.php(355): WC_Shortcodes::cart('', '', 'woocommerce_car...')
#5 [internal function]: do_shortcode_tag(Array)
#6 /Users/duhotavlad/Sites/rotani/wp-includes/shortcodes.php(227): preg_replace_callback('/\\[(\\[?)(woocom...', 'do_shortcode_ta...', '[woocommerce_ca...')
#7 /Users/duhotavlad/Sites/rotani/wp-includes/class-wp-hook.php(308): do_shortcode('[woocommerce_ca...')
#8 /Users/duhotavlad/Sites/rotani/wp-includes/plugin.php(205): WP_Hook->apply_filters('[woocommerce_ca...', Array)
#9 /Users/duhotavlad/Sites/rotani/wp-includes/post-template.php(255): apply_filters('the_content', '<!-- wp:shortco...')
#10 /Users/duhotavlad/Sites/rotani/wp-content/themes/rotani/index.php(4): the_content()
#11 /Users/duhotavlad/Sites/rotani/wp-includes/template-loader.php(106): include('/Users/duhotavl...')
#12 /Users/duhotavlad/Sites/rotani/wp-blog-header.php(19): require_once('/Users/duhotavl...')
#13 /Users/duhotavlad/Sites/rotani/index.php(17): require('/Users/duhotavl...')
#14 {main}
  thrown in /Users/duhotavlad/Sites/rotani/wp-content/themes/rotani/woocommerce/cart/cart.php on line 210

2023-03-28T08:26:56+00:00 CRITICAL syntax error, unexpected token "<", expecting end of file in /Users/duhotavlad/Sites/rotani/wp-content/themes/rotani/woocommerce/cart/cart.php on line 183

2023-03-28T08:28:19+00:00 CRITICAL syntax error, unexpected token "}" in /Users/duhotavlad/Sites/rotani/wp-content/themes/rotani/woocommerce/cart/cart.php on line 214

2023-03-28T08:34:02+00:00 CRITICAL Uncaught TypeError: Unsupported operand types: string + string in /Users/duhotavlad/Sites/rotani/wp-content/themes/rotani/woocommerce/cart/cart.php:212
Stack trace:
#0 /Users/duhotavlad/Sites/rotani/wp-content/plugins/woocommerce/includes/wc-core-functions.php(345): include()
#1 /Users/duhotavlad/Sites/rotani/wp-content/plugins/woocommerce/includes/shortcodes/class-wc-shortcode-cart.php(99): wc_get_template('cart/cart.php')
#2 /Users/duhotavlad/Sites/rotani/wp-content/plugins/woocommerce/includes/class-wc-shortcodes.php(72): WC_Shortcode_Cart::output(Array)
#3 /Users/duhotavlad/Sites/rotani/wp-content/plugins/woocommerce/includes/class-wc-shortcodes.php(85): WC_Shortcodes::shortcode_wrapper(Array)
#4 /Users/duhotavlad/Sites/rotani/wp-includes/shortcodes.php(355): WC_Shortcodes::cart('', '', 'woocommerce_car...')
#5 [internal function]: do_shortcode_tag(Array)
#6 /Users/duhotavlad/Sites/rotani/wp-includes/shortcodes.php(227): preg_replace_callback('/\\[(\\[?)(woocom...', 'do_shortcode_ta...', '[woocommerce_ca...')
#7 /Users/duhotavlad/Sites/rotani/wp-includes/class-wp-hook.php(308): do_shortcode('[woocommerce_ca...')
#8 /Users/duhotavlad/Sites/rotani/wp-includes/plugin.php(205): WP_Hook->apply_filters('[woocommerce_ca...', Array)
#9 /Users/duhotavlad/Sites/rotani/wp-includes/post-template.php(255): apply_filters('the_content', '<!-- wp:shortco...')
#10 /Users/duhotavlad/Sites/rotani/wp-content/themes/rotani/index.php(4): the_content()
#11 /Users/duhotavlad/Sites/rotani/wp-includes/template-loader.php(106): include('/Users/duhotavl...')
#12 /Users/duhotavlad/Sites/rotani/wp-blog-header.php(19): require_once('/Users/duhotavl...')
#13 /Users/duhotavlad/Sites/rotani/index.php(17): require('/Users/duhotavl...')
#14 {main}
  thrown in /Users/duhotavlad/Sites/rotani/wp-content/themes/rotani/woocommerce/cart/cart.php on line 212

2023-03-28T08:48:21+00:00 CRITICAL syntax error, unexpected token "<", expecting end of file in /Users/duhotavlad/Sites/rotani/wp-content/themes/rotani/woocommerce/cart/cart.php on line 183

2023-03-28T08:49:39+00:00 CRITICAL syntax error, unexpected identifier "add_filter" in /Users/duhotavlad/Sites/rotani/wp-content/themes/rotani/woocommerce/cart/cart.php on line 262

2023-03-28T08:50:07+00:00 CRITICAL Uncaught Error: Call to undefined method stdClass::url() in /Users/duhotavlad/Sites/rotani/wp-content/themes/rotani/woocommerce/cart/cart.php:258
Stack trace:
#0 /Users/duhotavlad/Sites/rotani/wp-content/plugins/woocommerce/includes/wc-core-functions.php(345): include()
#1 /Users/duhotavlad/Sites/rotani/wp-content/plugins/woocommerce/includes/shortcodes/class-wc-shortcode-cart.php(99): wc_get_template('cart/cart.php')
#2 /Users/duhotavlad/Sites/rotani/wp-content/plugins/woocommerce/includes/class-wc-shortcodes.php(72): WC_Shortcode_Cart::output(Array)
#3 /Users/duhotavlad/Sites/rotani/wp-content/plugins/woocommerce/includes/class-wc-shortcodes.php(85): WC_Shortcodes::shortcode_wrapper(Array)
#4 /Users/duhotavlad/Sites/rotani/wp-includes/shortcodes.php(355): WC_Shortcodes::cart('', '', 'woocommerce_car...')
#5 [internal function]: do_shortcode_tag(Array)
#6 /Users/duhotavlad/Sites/rotani/wp-includes/shortcodes.php(227): preg_replace_callback('/\\[(\\[?)(woocom...', 'do_shortcode_ta...', '[woocommerce_ca...')
#7 /Users/duhotavlad/Sites/rotani/wp-includes/class-wp-hook.php(308): do_shortcode('[woocommerce_ca...')
#8 /Users/duhotavlad/Sites/rotani/wp-includes/plugin.php(205): WP_Hook->apply_filters('[woocommerce_ca...', Array)
#9 /Users/duhotavlad/Sites/rotani/wp-includes/post-template.php(255): apply_filters('the_content', '<!-- wp:shortco...')
#10 /Users/duhotavlad/Sites/rotani/wp-content/themes/rotani/index.php(4): the_content()
#11 /Users/duhotavlad/Sites/rotani/wp-includes/template-loader.php(106): include('/Users/duhotavl...')
#12 /Users/duhotavlad/Sites/rotani/wp-blog-header.php(19): require_once('/Users/duhotavl...')
#13 /Users/duhotavlad/Sites/rotani/index.php(17): require('/Users/duhotavl...')
#14 {main}
  thrown in /Users/duhotavlad/Sites/rotani/wp-content/themes/rotani/woocommerce/cart/cart.php on line 258

2023-03-28T08:50:16+00:00 CRITICAL Uncaught Error: Cannot use object of type stdClass as array in /Users/duhotavlad/Sites/rotani/wp-content/themes/rotani/woocommerce/cart/cart.php:258
Stack trace:
#0 /Users/duhotavlad/Sites/rotani/wp-content/plugins/woocommerce/includes/wc-core-functions.php(345): include()
#1 /Users/duhotavlad/Sites/rotani/wp-content/plugins/woocommerce/includes/shortcodes/class-wc-shortcode-cart.php(99): wc_get_template('cart/cart.php')
#2 /Users/duhotavlad/Sites/rotani/wp-content/plugins/woocommerce/includes/class-wc-shortcodes.php(72): WC_Shortcode_Cart::output(Array)
#3 /Users/duhotavlad/Sites/rotani/wp-content/plugins/woocommerce/includes/class-wc-shortcodes.php(85): WC_Shortcodes::shortcode_wrapper(Array)
#4 /Users/duhotavlad/Sites/rotani/wp-includes/shortcodes.php(355): WC_Shortcodes::cart('', '', 'woocommerce_car...')
#5 [internal function]: do_shortcode_tag(Array)
#6 /Users/duhotavlad/Sites/rotani/wp-includes/shortcodes.php(227): preg_replace_callback('/\\[(\\[?)(woocom...', 'do_shortcode_ta...', '[woocommerce_ca...')
#7 /Users/duhotavlad/Sites/rotani/wp-includes/class-wp-hook.php(308): do_shortcode('[woocommerce_ca...')
#8 /Users/duhotavlad/Sites/rotani/wp-includes/plugin.php(205): WP_Hook->apply_filters('[woocommerce_ca...', Array)
#9 /Users/duhotavlad/Sites/rotani/wp-includes/post-template.php(255): apply_filters('the_content', '<!-- wp:shortco...')
#10 /Users/duhotavlad/Sites/rotani/wp-content/themes/rotani/index.php(4): the_content()
#11 /Users/duhotavlad/Sites/rotani/wp-includes/template-loader.php(106): include('/Users/duhotavl...')
#12 /Users/duhotavlad/Sites/rotani/wp-blog-header.php(19): require_once('/Users/duhotavl...')
#13 /Users/duhotavlad/Sites/rotani/index.php(17): require('/Users/duhotavl...')
#14 {main}
  thrown in /Users/duhotavlad/Sites/rotani/wp-content/themes/rotani/woocommerce/cart/cart.php on line 258

2023-03-28T08:50:44+00:00 CRITICAL Uncaught TypeError: Cannot access offset of type string on string in /Users/duhotavlad/Sites/rotani/wp-content/themes/rotani/woocommerce/cart/cart.php:258
Stack trace:
#0 /Users/duhotavlad/Sites/rotani/wp-content/plugins/woocommerce/includes/wc-core-functions.php(345): include()
#1 /Users/duhotavlad/Sites/rotani/wp-content/plugins/woocommerce/includes/shortcodes/class-wc-shortcode-cart.php(99): wc_get_template('cart/cart.php')
#2 /Users/duhotavlad/Sites/rotani/wp-content/plugins/woocommerce/includes/class-wc-shortcodes.php(72): WC_Shortcode_Cart::output(Array)
#3 /Users/duhotavlad/Sites/rotani/wp-content/plugins/woocommerce/includes/class-wc-shortcodes.php(85): WC_Shortcodes::shortcode_wrapper(Array)
#4 /Users/duhotavlad/Sites/rotani/wp-includes/shortcodes.php(355): WC_Shortcodes::cart('', '', 'woocommerce_car...')
#5 [internal function]: do_shortcode_tag(Array)
#6 /Users/duhotavlad/Sites/rotani/wp-includes/shortcodes.php(227): preg_replace_callback('/\\[(\\[?)(woocom...', 'do_shortcode_ta...', '[woocommerce_ca...')
#7 /Users/duhotavlad/Sites/rotani/wp-includes/class-wp-hook.php(308): do_shortcode('[woocommerce_ca...')
#8 /Users/duhotavlad/Sites/rotani/wp-includes/plugin.php(205): WP_Hook->apply_filters('[woocommerce_ca...', Array)
#9 /Users/duhotavlad/Sites/rotani/wp-includes/post-template.php(255): apply_filters('the_content', '<!-- wp:shortco...')
#10 /Users/duhotavlad/Sites/rotani/wp-content/themes/rotani/index.php(4): the_content()
#11 /Users/duhotavlad/Sites/rotani/wp-includes/template-loader.php(106): include('/Users/duhotavl...')
#12 /Users/duhotavlad/Sites/rotani/wp-blog-header.php(19): require_once('/Users/duhotavl...')
#13 /Users/duhotavlad/Sites/rotani/index.php(17): require('/Users/duhotavl...')
#14 {main}
  thrown in /Users/duhotavlad/Sites/rotani/wp-content/themes/rotani/woocommerce/cart/cart.php on line 258

2023-03-28T08:51:48+00:00 CRITICAL Uncaught TypeError: get_object_vars(): Argument #1 ($object) must be of type object, string given in /Users/duhotavlad/Sites/rotani/wp-content/themes/rotani/woocommerce/cart/cart.php:258
Stack trace:
#0 /Users/duhotavlad/Sites/rotani/wp-content/themes/rotani/woocommerce/cart/cart.php(258): get_object_vars('"{\\"additional_...')
#1 /Users/duhotavlad/Sites/rotani/wp-content/plugins/woocommerce/includes/wc-core-functions.php(345): include('/Users/duhotavl...')
#2 /Users/duhotavlad/Sites/rotani/wp-content/plugins/woocommerce/includes/shortcodes/class-wc-shortcode-cart.php(99): wc_get_template('cart/cart.php')
#3 /Users/duhotavlad/Sites/rotani/wp-content/plugins/woocommerce/includes/class-wc-shortcodes.php(72): WC_Shortcode_Cart::output(Array)
#4 /Users/duhotavlad/Sites/rotani/wp-content/plugins/woocommerce/includes/class-wc-shortcodes.php(85): WC_Shortcodes::shortcode_wrapper(Array)
#5 /Users/duhotavlad/Sites/rotani/wp-includes/shortcodes.php(355): WC_Shortcodes::cart('', '', 'woocommerce_car...')
#6 [internal function]: do_shortcode_tag(Array)
#7 /Users/duhotavlad/Sites/rotani/wp-includes/shortcodes.php(227): preg_replace_callback('/\\[(\\[?)(woocom...', 'do_shortcode_ta...', '[woocommerce_ca...')
#8 /Users/duhotavlad/Sites/rotani/wp-includes/class-wp-hook.php(308): do_shortcode('[woocommerce_ca...')
#9 /Users/duhotavlad/Sites/rotani/wp-includes/plugin.php(205): WP_Hook->apply_filters('[woocommerce_ca...', Array)
#10 /Users/duhotavlad/Sites/rotani/wp-includes/post-template.php(255): apply_filters('the_content', '<!-- wp:shortco...')
#11 /Users/duhotavlad/Sites/rotani/wp-content/themes/rotani/index.php(4): the_content()
#12 /Users/duhotavlad/Sites/rotani/wp-includes/template-loader.php(106): include('/Users/duhotavl...')
#13 /Users/duhotavlad/Sites/rotani/wp-blog-header.php(19): require_once('/Users/duhotavl...')
#14 /Users/duhotavlad/Sites/rotani/index.php(17): require('/Users/duhotavl...')
#15 {main}
  thrown in /Users/duhotavlad/Sites/rotani/wp-content/themes/rotani/woocommerce/cart/cart.php on line 258

2023-03-28T09:50:42+00:00 CRITICAL Uncaught Error: Call to undefined function get_the_post() in /Users/duhotavlad/Sites/rotani/wp-content/themes/rotani/woocommerce/single-product/tabs/description.php:20
Stack trace:
#0 /Users/duhotavlad/Sites/rotani/wp-content/plugins/woocommerce/includes/wc-core-functions.php(345): include()
#1 /Users/duhotavlad/Sites/rotani/wp-content/plugins/woocommerce/includes/wc-template-functions.php(1856): wc_get_template('single-product/...')
#2 /Users/duhotavlad/Sites/rotani/wp-content/themes/rotani/woocommerce/single-product/tabs/tabs.php(47): woocommerce_product_description_tab('description', Array)
#3 /Users/duhotavlad/Sites/rotani/wp-content/plugins/woocommerce/includes/wc-core-functions.php(345): include('/Users/duhotavl...')
#4 /Users/duhotavlad/Sites/rotani/wp-content/plugins/woocommerce/includes/wc-template-functions.php(1618): wc_get_template('single-product/...')
#5 /Users/duhotavlad/Sites/rotani/wp-includes/class-wp-hook.php(308): woocommerce_output_product_data_tabs('')
#6 /Users/duhotavlad/Sites/rotani/wp-includes/class-wp-hook.php(332): WP_Hook->apply_filters('', Array)
#7 /Users/duhotavlad/Sites/rotani/wp-includes/plugin.php(517): WP_Hook->do_action(Array)
#8 /Users/duhotavlad/Sites/rotani/wp-content/themes/rotani/woocommerce/content-single-product.php(74): do_action('woocommerce_aft...')
#9 /Users/duhotavlad/Sites/rotani/wp-includes/template.php(785): require('/Users/duhotavl...')
#10 /Users/duhotavlad/Sites/rotani/wp-content/plugins/woocommerce/includes/wc-core-functions.php(284): load_template('/Users/duhotavl...', false)
#11 /Users/duhotavlad/Sites/rotani/wp-content/themes/rotani/woocommerce/single-product.php(37): wc_get_template_part('content', 'single-product')
#12 /Users/duhotavlad/Sites/rotani/wp-includes/template-loader.php(106): include('/Users/duhotavl...')
#13 /Users/duhotavlad/Sites/rotani/wp-blog-header.php(19): require_once('/Users/duhotavl...')
#14 /Users/duhotavlad/Sites/rotani/index.php(17): require('/Users/duhotavl...')
#15 {main}
  thrown in /Users/duhotavlad/Sites/rotani/wp-content/themes/rotani/woocommerce/single-product/tabs/description.php on line 20

2023-03-28T09:50:54+00:00 CRITICAL Uncaught Error: Call to undefined function get_the_post() in /Users/duhotavlad/Sites/rotani/wp-content/themes/rotani/woocommerce/single-product/tabs/description.php:20
Stack trace:
#0 /Users/duhotavlad/Sites/rotani/wp-content/plugins/woocommerce/includes/wc-core-functions.php(345): include()
#1 /Users/duhotavlad/Sites/rotani/wp-content/plugins/woocommerce/includes/wc-template-functions.php(1856): wc_get_template('single-product/...')
#2 /Users/duhotavlad/Sites/rotani/wp-content/themes/rotani/woocommerce/single-product/tabs/tabs.php(47): woocommerce_product_description_tab('description', Array)
#3 /Users/duhotavlad/Sites/rotani/wp-content/plugins/woocommerce/includes/wc-core-functions.php(345): include('/Users/duhotavl...')
#4 /Users/duhotavlad/Sites/rotani/wp-content/plugins/woocommerce/includes/wc-template-functions.php(1618): wc_get_template('single-product/...')
#5 /Users/duhotavlad/Sites/rotani/wp-includes/class-wp-hook.php(308): woocommerce_output_product_data_tabs('')
#6 /Users/duhotavlad/Sites/rotani/wp-includes/class-wp-hook.php(332): WP_Hook->apply_filters('', Array)
#7 /Users/duhotavlad/Sites/rotani/wp-includes/plugin.php(517): WP_Hook->do_action(Array)
#8 /Users/duhotavlad/Sites/rotani/wp-content/themes/rotani/woocommerce/content-single-product.php(74): do_action('woocommerce_aft...')
#9 /Users/duhotavlad/Sites/rotani/wp-includes/template.php(785): require('/Users/duhotavl...')
#10 /Users/duhotavlad/Sites/rotani/wp-content/plugins/woocommerce/includes/wc-core-functions.php(284): load_template('/Users/duhotavl...', false)
#11 /Users/duhotavlad/Sites/rotani/wp-content/themes/rotani/woocommerce/single-product.php(37): wc_get_template_part('content', 'single-product')
#12 /Users/duhotavlad/Sites/rotani/wp-includes/template-loader.php(106): include('/Users/duhotavl...')
#13 /Users/duhotavlad/Sites/rotani/wp-blog-header.php(19): require_once('/Users/duhotavl...')
#14 /Users/duhotavlad/Sites/rotani/index.php(17): require('/Users/duhotavl...')
#15 {main}
  thrown in /Users/duhotavlad/Sites/rotani/wp-content/themes/rotani/woocommerce/single-product/tabs/description.php on line 20

2023-03-28T10:57:47+00:00 CRITICAL Uncaught Error: Call to undefined function get_the_post() in /Users/duhotavlad/Sites/rotani/wp-content/themes/rotani/woocommerce/single-product/tabs/description.php:20
Stack trace:
#0 /Users/duhotavlad/Sites/rotani/wp-content/plugins/woocommerce/includes/wc-core-functions.php(345): include()
#1 /Users/duhotavlad/Sites/rotani/wp-content/plugins/woocommerce/includes/wc-template-functions.php(1856): wc_get_template('single-product/...')
#2 /Users/duhotavlad/Sites/rotani/wp-content/themes/rotani/woocommerce/single-product/tabs/tabs.php(47): woocommerce_product_description_tab('description', Array)
#3 /Users/duhotavlad/Sites/rotani/wp-content/plugins/woocommerce/includes/wc-core-functions.php(345): include('/Users/duhotavl...')
#4 /Users/duhotavlad/Sites/rotani/wp-content/plugins/woocommerce/includes/wc-template-functions.php(1618): wc_get_template('single-product/...')
#5 /Users/duhotavlad/Sites/rotani/wp-includes/class-wp-hook.php(308): woocommerce_output_product_data_tabs('')
#6 /Users/duhotavlad/Sites/rotani/wp-includes/class-wp-hook.php(332): WP_Hook->apply_filters('', Array)
#7 /Users/duhotavlad/Sites/rotani/wp-includes/plugin.php(517): WP_Hook->do_action(Array)
#8 /Users/duhotavlad/Sites/rotani/wp-content/themes/rotani/woocommerce/content-single-product.php(74): do_action('woocommerce_aft...')
#9 /Users/duhotavlad/Sites/rotani/wp-includes/template.php(785): require('/Users/duhotavl...')
#10 /Users/duhotavlad/Sites/rotani/wp-content/plugins/woocommerce/includes/wc-core-functions.php(284): load_template('/Users/duhotavl...', false)
#11 /Users/duhotavlad/Sites/rotani/wp-content/themes/rotani/woocommerce/single-product.php(37): wc_get_template_part('content', 'single-product')
#12 /Users/duhotavlad/Sites/rotani/wp-includes/template-loader.php(106): include('/Users/duhotavl...')
#13 /Users/duhotavlad/Sites/rotani/wp-blog-header.php(19): require_once('/Users/duhotavl...')
#14 /Users/duhotavlad/Sites/rotani/index.php(17): require('/Users/duhotavl...')
#15 {main}
  thrown in /Users/duhotavlad/Sites/rotani/wp-content/themes/rotani/woocommerce/single-product/tabs/description.php on line 20

2023-03-28T12:05:23+00:00 CRITICAL syntax error, unexpected double-quoted string "1", expecting ")" in /Users/duhotavlad/Sites/rotani/wp-content/themes/rotani/includes/carbon-fields-options/post-meta.php on line 121

2023-03-28T12:09:58+00:00 CRITICAL syntax error, unexpected token ";", expecting ")" in /Users/duhotavlad/Sites/rotani/wp-content/themes/rotani/woocommerce/content-single-product.php on line 83

2023-03-28T12:10:00+00:00 CRITICAL syntax error, unexpected token ";", expecting ")" in /Users/duhotavlad/Sites/rotani/wp-content/themes/rotani/woocommerce/content-single-product.php on line 83

2023-03-28T12:10:31+00:00 CRITICAL syntax error, unexpected token ";", expecting ")" in /Users/duhotavlad/Sites/rotani/wp-content/themes/rotani/woocommerce/content-single-product.php on line 83

2023-03-28T12:10:42+00:00 CRITICAL syntax error, unexpected token ";", expecting ")" in /Users/duhotavlad/Sites/rotani/wp-content/themes/rotani/woocommerce/content-single-product.php on line 83

2023-03-28T12:49:55+00:00 CRITICAL Uncaught Error: Call to undefined function wp_get_attachent_image() in /Users/duhotavlad/Sites/rotani/wp-content/themes/rotani/footer.php:10
Stack trace:
#0 /Users/duhotavlad/Sites/rotani/wp-includes/template.php(783): require_once()
#1 /Users/duhotavlad/Sites/rotani/wp-includes/template.php(718): load_template('/Users/duhotavl...', true, Array)
#2 /Users/duhotavlad/Sites/rotani/wp-includes/general-template.php(92): locate_template(Array, true, true, Array)
#3 /Users/duhotavlad/Sites/rotani/wp-content/themes/rotani/woocommerce/archive-product.php(88): get_footer()
#4 /Users/duhotavlad/Sites/rotani/wp-includes/template-loader.php(106): include('/Users/duhotavl...')
#5 /Users/duhotavlad/Sites/rotani/wp-blog-header.php(19): require_once('/Users/duhotavl...')
#6 /Users/duhotavlad/Sites/rotani/index.php(17): require('/Users/duhotavl...')
#7 {main}
  thrown in /Users/duhotavlad/Sites/rotani/wp-content/themes/rotani/footer.php on line 10

2023-03-28T12:49:56+00:00 CRITICAL Uncaught Error: Call to undefined function wp_get_attachent_image() in /Users/duhotavlad/Sites/rotani/wp-content/themes/rotani/footer.php:10
Stack trace:
#0 /Users/duhotavlad/Sites/rotani/wp-includes/template.php(783): require_once()
#1 /Users/duhotavlad/Sites/rotani/wp-includes/template.php(718): load_template('/Users/duhotavl...', true, Array)
#2 /Users/duhotavlad/Sites/rotani/wp-includes/general-template.php(92): locate_template(Array, true, true, Array)
#3 /Users/duhotavlad/Sites/rotani/wp-content/themes/rotani/woocommerce/archive-product.php(88): get_footer()
#4 /Users/duhotavlad/Sites/rotani/wp-includes/template-loader.php(106): include('/Users/duhotavl...')
#5 /Users/duhotavlad/Sites/rotani/wp-blog-header.php(19): require_once('/Users/duhotavl...')
#6 /Users/duhotavlad/Sites/rotani/index.php(17): require('/Users/duhotavl...')
#7 {main}
  thrown in /Users/duhotavlad/Sites/rotani/wp-content/themes/rotani/footer.php on line 10

2023-03-28T12:58:13+00:00 CRITICAL Uncaught TypeError: array_merge(): Argument #2 must be of type array, string given in /Users/duhotavlad/Sites/rotani/wp-content/themes/rotani/includes/carbon-fields/vendor/htmlburger/carbon-fields/core/Container/Container.php:839
Stack trace:
#0 /Users/duhotavlad/Sites/rotani/wp-content/themes/rotani/includes/carbon-fields/vendor/htmlburger/carbon-fields/core/Container/Container.php(839): array_merge(Array, 'Shop options')
#1 /Users/duhotavlad/Sites/rotani/wp-content/themes/rotani/includes/carbon-fields-options/theme-options.php(17): Carbon_Fields\Container\Container->add_fields('Shop options', Array)
#2 /Users/duhotavlad/Sites/rotani/wp-content/themes/rotani/functions.php(29): require_once('/Users/duhotavl...')
#3 /Users/duhotavlad/Sites/rotani/wp-includes/class-wp-hook.php(308): register_carbon_fields('')
#4 /Users/duhotavlad/Sites/rotani/wp-includes/class-wp-hook.php(332): WP_Hook->apply_filters('', Array)
#5 /Users/duhotavlad/Sites/rotani/wp-includes/plugin.php(517): WP_Hook->do_action(Array)
#6 /Users/duhotavlad/Sites/rotani/wp-content/themes/rotani/includes/carbon-fields/vendor/htmlburger/carbon-fields/core/Loader/Loader.php(113): do_action('carbon_fields_r...')
#7 /Users/duhotavlad/Sites/rotani/wp-includes/class-wp-hook.php(308): Carbon_Fields\Loader\Loader->trigger_fields_register('')
#8 /Users/duhotavlad/Sites/rotani/wp-includes/class-wp-hook.php(332): WP_Hook->apply_filters(NULL, Array)
#9 /Users/duhotavlad/Sites/rotani/wp-includes/plugin.php(517): WP_Hook->do_action(Array)
#10 /Users/duhotavlad/Sites/rotani/wp-settings.php(617): do_action('init')
#11 /Users/duhotavlad/Sites/rotani/wp-config.php(96): require_once('/Users/duhotavl...')
#12 /Users/duhotavlad/Sites/rotani/wp-load.php(50): require_once('/Users/duhotavl...')
#13 /Users/duhotavlad/Sites/rotani/wp-blog-header.php(13): require_once('/Users/duhotavl...')
#14 /Users/duhotavlad/Sites/rotani/index.php(17): require('/Users/duhotavl...')
#15 {main}
  thrown in /Users/duhotavlad/Sites/rotani/wp-content/themes/rotani/includes/carbon-fields/vendor/htmlburger/carbon-fields/core/Container/Container.php on line 839

2023-03-28T12:58:14+00:00 CRITICAL Uncaught TypeError: array_merge(): Argument #2 must be of type array, string given in /Users/duhotavlad/Sites/rotani/wp-content/themes/rotani/includes/carbon-fields/vendor/htmlburger/carbon-fields/core/Container/Container.php:839
Stack trace:
#0 /Users/duhotavlad/Sites/rotani/wp-content/themes/rotani/includes/carbon-fields/vendor/htmlburger/carbon-fields/core/Container/Container.php(839): array_merge(Array, 'Shop options')
#1 /Users/duhotavlad/Sites/rotani/wp-content/themes/rotani/includes/carbon-fields-options/theme-options.php(17): Carbon_Fields\Container\Container->add_fields('Shop options', Array)
#2 /Users/duhotavlad/Sites/rotani/wp-content/themes/rotani/functions.php(29): require_once('/Users/duhotavl...')
#3 /Users/duhotavlad/Sites/rotani/wp-includes/class-wp-hook.php(308): register_carbon_fields('')
#4 /Users/duhotavlad/Sites/rotani/wp-includes/class-wp-hook.php(332): WP_Hook->apply_filters('', Array)
#5 /Users/duhotavlad/Sites/rotani/wp-includes/plugin.php(517): WP_Hook->do_action(Array)
#6 /Users/duhotavlad/Sites/rotani/wp-content/themes/rotani/includes/carbon-fields/vendor/htmlburger/carbon-fields/core/Loader/Loader.php(113): do_action('carbon_fields_r...')
#7 /Users/duhotavlad/Sites/rotani/wp-includes/class-wp-hook.php(308): Carbon_Fields\Loader\Loader->trigger_fields_register('')
#8 /Users/duhotavlad/Sites/rotani/wp-includes/class-wp-hook.php(332): WP_Hook->apply_filters(NULL, Array)
#9 /Users/duhotavlad/Sites/rotani/wp-includes/plugin.php(517): WP_Hook->do_action(Array)
#10 /Users/duhotavlad/Sites/rotani/wp-settings.php(617): do_action('init')
#11 /Users/duhotavlad/Sites/rotani/wp-config.php(96): require_once('/Users/duhotavl...')
#12 /Users/duhotavlad/Sites/rotani/wp-load.php(50): require_once('/Users/duhotavl...')
#13 /Users/duhotavlad/Sites/rotani/wp-blog-header.php(13): require_once('/Users/duhotavl...')
#14 /Users/duhotavlad/Sites/rotani/index.php(17): require('/Users/duhotavl...')
#15 {main}
  thrown in /Users/duhotavlad/Sites/rotani/wp-content/themes/rotani/includes/carbon-fields/vendor/htmlburger/carbon-fields/core/Container/Container.php on line 839

2023-03-28T12:58:51+00:00 CRITICAL Uncaught TypeError: array_merge(): Argument #2 must be of type array, string given in /Users/duhotavlad/Sites/rotani/wp-content/themes/rotani/includes/carbon-fields/vendor/htmlburger/carbon-fields/core/Container/Container.php:839
Stack trace:
#0 /Users/duhotavlad/Sites/rotani/wp-content/themes/rotani/includes/carbon-fields/vendor/htmlburger/carbon-fields/core/Container/Container.php(839): array_merge(Array, 'Shop options')
#1 /Users/duhotavlad/Sites/rotani/wp-content/themes/rotani/includes/carbon-fields-options/theme-options.php(17): Carbon_Fields\Container\Container->add_fields('Shop options', Array)
#2 /Users/duhotavlad/Sites/rotani/wp-content/themes/rotani/functions.php(29): require_once('/Users/duhotavl...')
#3 /Users/duhotavlad/Sites/rotani/wp-includes/class-wp-hook.php(308): register_carbon_fields('')
#4 /Users/duhotavlad/Sites/rotani/wp-includes/class-wp-hook.php(332): WP_Hook->apply_filters('', Array)
#5 /Users/duhotavlad/Sites/rotani/wp-includes/plugin.php(517): WP_Hook->do_action(Array)
#6 /Users/duhotavlad/Sites/rotani/wp-content/themes/rotani/includes/carbon-fields/vendor/htmlburger/carbon-fields/core/Loader/Loader.php(113): do_action('carbon_fields_r...')
#7 /Users/duhotavlad/Sites/rotani/wp-includes/class-wp-hook.php(308): Carbon_Fields\Loader\Loader->trigger_fields_register('')
#8 /Users/duhotavlad/Sites/rotani/wp-includes/class-wp-hook.php(332): WP_Hook->apply_filters(NULL, Array)
#9 /Users/duhotavlad/Sites/rotani/wp-includes/plugin.php(517): WP_Hook->do_action(Array)
#10 /Users/duhotavlad/Sites/rotani/wp-settings.php(617): do_action('init')
#11 /Users/duhotavlad/Sites/rotani/wp-config.php(96): require_once('/Users/duhotavl...')
#12 /Users/duhotavlad/Sites/rotani/wp-load.php(50): require_once('/Users/duhotavl...')
#13 /Users/duhotavlad/Sites/rotani/wp-blog-header.php(13): require_once('/Users/duhotavl...')
#14 /Users/duhotavlad/Sites/rotani/index.php(17): require('/Users/duhotavl...')
#15 {main}
  thrown in /Users/duhotavlad/Sites/rotani/wp-content/themes/rotani/includes/carbon-fields/vendor/htmlburger/carbon-fields/core/Container/Container.php on line 839

2023-03-28T12:58:52+00:00 CRITICAL Uncaught TypeError: array_merge(): Argument #2 must be of type array, string given in /Users/duhotavlad/Sites/rotani/wp-content/themes/rotani/includes/carbon-fields/vendor/htmlburger/carbon-fields/core/Container/Container.php:839
Stack trace:
#0 /Users/duhotavlad/Sites/rotani/wp-content/themes/rotani/includes/carbon-fields/vendor/htmlburger/carbon-fields/core/Container/Container.php(839): array_merge(Array, 'Shop options')
#1 /Users/duhotavlad/Sites/rotani/wp-content/themes/rotani/includes/carbon-fields-options/theme-options.php(17): Carbon_Fields\Container\Container->add_fields('Shop options', Array)
#2 /Users/duhotavlad/Sites/rotani/wp-content/themes/rotani/functions.php(29): require_once('/Users/duhotavl...')
#3 /Users/duhotavlad/Sites/rotani/wp-includes/class-wp-hook.php(308): register_carbon_fields('')
#4 /Users/duhotavlad/Sites/rotani/wp-includes/class-wp-hook.php(332): WP_Hook->apply_filters('', Array)
#5 /Users/duhotavlad/Sites/rotani/wp-includes/plugin.php(517): WP_Hook->do_action(Array)
#6 /Users/duhotavlad/Sites/rotani/wp-content/themes/rotani/includes/carbon-fields/vendor/htmlburger/carbon-fields/core/Loader/Loader.php(113): do_action('carbon_fields_r...')
#7 /Users/duhotavlad/Sites/rotani/wp-includes/class-wp-hook.php(308): Carbon_Fields\Loader\Loader->trigger_fields_register('')
#8 /Users/duhotavlad/Sites/rotani/wp-includes/class-wp-hook.php(332): WP_Hook->apply_filters(NULL, Array)
#9 /Users/duhotavlad/Sites/rotani/wp-includes/plugin.php(517): WP_Hook->do_action(Array)
#10 /Users/duhotavlad/Sites/rotani/wp-settings.php(617): do_action('init')
#11 /Users/duhotavlad/Sites/rotani/wp-config.php(96): require_once('/Users/duhotavl...')
#12 /Users/duhotavlad/Sites/rotani/wp-load.php(50): require_once('/Users/duhotavl...')
#13 /Users/duhotavlad/Sites/rotani/wp-blog-header.php(13): require_once('/Users/duhotavl...')
#14 /Users/duhotavlad/Sites/rotani/index.php(17): require('/Users/duhotavl...')
#15 {main}
  thrown in /Users/duhotavlad/Sites/rotani/wp-content/themes/rotani/includes/carbon-fields/vendor/htmlburger/carbon-fields/core/Container/Container.php on line 839

2023-03-28T12:58:56+00:00 CRITICAL Uncaught TypeError: array_merge(): Argument #2 must be of type array, string given in /Users/duhotavlad/Sites/rotani/wp-content/themes/rotani/includes/carbon-fields/vendor/htmlburger/carbon-fields/core/Container/Container.php:839
Stack trace:
#0 /Users/duhotavlad/Sites/rotani/wp-content/themes/rotani/includes/carbon-fields/vendor/htmlburger/carbon-fields/core/Container/Container.php(839): array_merge(Array, 'Shop options')
#1 /Users/duhotavlad/Sites/rotani/wp-content/themes/rotani/includes/carbon-fields-options/theme-options.php(13): Carbon_Fields\Container\Container->add_fields('Shop options', Array)
#2 /Users/duhotavlad/Sites/rotani/wp-content/themes/rotani/functions.php(29): require_once('/Users/duhotavl...')
#3 /Users/duhotavlad/Sites/rotani/wp-includes/class-wp-hook.php(308): register_carbon_fields('')
#4 /Users/duhotavlad/Sites/rotani/wp-includes/class-wp-hook.php(332): WP_Hook->apply_filters('', Array)
#5 /Users/duhotavlad/Sites/rotani/wp-includes/plugin.php(517): WP_Hook->do_action(Array)
#6 /Users/duhotavlad/Sites/rotani/wp-content/themes/rotani/includes/carbon-fields/vendor/htmlburger/carbon-fields/core/Loader/Loader.php(113): do_action('carbon_fields_r...')
#7 /Users/duhotavlad/Sites/rotani/wp-includes/class-wp-hook.php(308): Carbon_Fields\Loader\Loader->trigger_fields_register('')
#8 /Users/duhotavlad/Sites/rotani/wp-includes/class-wp-hook.php(332): WP_Hook->apply_filters(NULL, Array)
#9 /Users/duhotavlad/Sites/rotani/wp-includes/plugin.php(517): WP_Hook->do_action(Array)
#10 /Users/duhotavlad/Sites/rotani/wp-settings.php(617): do_action('init')
#11 /Users/duhotavlad/Sites/rotani/wp-config.php(96): require_once('/Users/duhotavl...')
#12 /Users/duhotavlad/Sites/rotani/wp-load.php(50): require_once('/Users/duhotavl...')
#13 /Users/duhotavlad/Sites/rotani/wp-blog-header.php(13): require_once('/Users/duhotavl...')
#14 /Users/duhotavlad/Sites/rotani/index.php(17): require('/Users/duhotavl...')
#15 {main}
  thrown in /Users/duhotavlad/Sites/rotani/wp-content/themes/rotani/includes/carbon-fields/vendor/htmlburger/carbon-fields/core/Container/Container.php on line 839

2023-03-28T12:58:57+00:00 CRITICAL Uncaught TypeError: array_merge(): Argument #2 must be of type array, string given in /Users/duhotavlad/Sites/rotani/wp-content/themes/rotani/includes/carbon-fields/vendor/htmlburger/carbon-fields/core/Container/Container.php:839
Stack trace:
#0 /Users/duhotavlad/Sites/rotani/wp-content/themes/rotani/includes/carbon-fields/vendor/htmlburger/carbon-fields/core/Container/Container.php(839): array_merge(Array, 'Shop options')
#1 /Users/duhotavlad/Sites/rotani/wp-content/themes/rotani/includes/carbon-fields-options/theme-options.php(13): Carbon_Fields\Container\Container->add_fields('Shop options', Array)
#2 /Users/duhotavlad/Sites/rotani/wp-content/themes/rotani/functions.php(29): require_once('/Users/duhotavl...')
#3 /Users/duhotavlad/Sites/rotani/wp-includes/class-wp-hook.php(308): register_carbon_fields('')
#4 /Users/duhotavlad/Sites/rotani/wp-includes/class-wp-hook.php(332): WP_Hook->apply_filters('', Array)
#5 /Users/duhotavlad/Sites/rotani/wp-includes/plugin.php(517): WP_Hook->do_action(Array)
#6 /Users/duhotavlad/Sites/rotani/wp-content/themes/rotani/includes/carbon-fields/vendor/htmlburger/carbon-fields/core/Loader/Loader.php(113): do_action('carbon_fields_r...')
#7 /Users/duhotavlad/Sites/rotani/wp-includes/class-wp-hook.php(308): Carbon_Fields\Loader\Loader->trigger_fields_register('')
#8 /Users/duhotavlad/Sites/rotani/wp-includes/class-wp-hook.php(332): WP_Hook->apply_filters(NULL, Array)
#9 /Users/duhotavlad/Sites/rotani/wp-includes/plugin.php(517): WP_Hook->do_action(Array)
#10 /Users/duhotavlad/Sites/rotani/wp-settings.php(617): do_action('init')
#11 /Users/duhotavlad/Sites/rotani/wp-config.php(96): require_once('/Users/duhotavl...')
#12 /Users/duhotavlad/Sites/rotani/wp-load.php(50): require_once('/Users/duhotavl...')
#13 /Users/duhotavlad/Sites/rotani/wp-blog-header.php(13): require_once('/Users/duhotavl...')
#14 /Users/duhotavlad/Sites/rotani/index.php(17): require('/Users/duhotavl...')
#15 {main}
  thrown in /Users/duhotavlad/Sites/rotani/wp-content/themes/rotani/includes/carbon-fields/vendor/htmlburger/carbon-fields/core/Container/Container.php on line 839

2023-03-28T13:19:44+00:00 CRITICAL Uncaught Error: Call to undefined function get_the_post() in /Users/duhotavlad/Sites/rotani/wp-content/themes/rotani/woocommerce/single-product/tabs/description.php:20
Stack trace:
#0 /Users/duhotavlad/Sites/rotani/wp-content/plugins/woocommerce/includes/wc-core-functions.php(345): include()
#1 /Users/duhotavlad/Sites/rotani/wp-content/plugins/woocommerce/includes/wc-template-functions.php(1856): wc_get_template('single-product/...')
#2 /Users/duhotavlad/Sites/rotani/wp-content/themes/rotani/woocommerce/single-product/tabs/tabs.php(47): woocommerce_product_description_tab('description', Array)
#3 /Users/duhotavlad/Sites/rotani/wp-content/plugins/woocommerce/includes/wc-core-functions.php(345): include('/Users/duhotavl...')
#4 /Users/duhotavlad/Sites/rotani/wp-content/plugins/woocommerce/includes/wc-template-functions.php(1618): wc_get_template('single-product/...')
#5 /Users/duhotavlad/Sites/rotani/wp-includes/class-wp-hook.php(308): woocommerce_output_product_data_tabs('')
#6 /Users/duhotavlad/Sites/rotani/wp-includes/class-wp-hook.php(332): WP_Hook->apply_filters('', Array)
#7 /Users/duhotavlad/Sites/rotani/wp-includes/plugin.php(517): WP_Hook->do_action(Array)
#8 /Users/duhotavlad/Sites/rotani/wp-content/themes/rotani/woocommerce/content-single-product.php(74): do_action('woocommerce_aft...')
#9 /Users/duhotavlad/Sites/rotani/wp-includes/template.php(785): require('/Users/duhotavl...')
#10 /Users/duhotavlad/Sites/rotani/wp-content/plugins/woocommerce/includes/wc-core-functions.php(284): load_template('/Users/duhotavl...', false)
#11 /Users/duhotavlad/Sites/rotani/wp-content/themes/rotani/woocommerce/single-product.php(37): wc_get_template_part('content', 'single-product')
#12 /Users/duhotavlad/Sites/rotani/wp-includes/template-loader.php(106): include('/Users/duhotavl...')
#13 /Users/duhotavlad/Sites/rotani/wp-blog-header.php(19): require_once('/Users/duhotavl...')
#14 /Users/duhotavlad/Sites/rotani/index.php(17): require('/Users/duhotavl...')
#15 {main}
  thrown in /Users/duhotavlad/Sites/rotani/wp-content/themes/rotani/woocommerce/single-product/tabs/description.php on line 20

2023-03-28T13:20:56+00:00 CRITICAL Uncaught Error: Call to undefined function get_the_post() in /Users/duhotavlad/Sites/rotani/wp-content/themes/rotani/woocommerce/single-product/tabs/description.php:20
Stack trace:
#0 /Users/duhotavlad/Sites/rotani/wp-content/plugins/woocommerce/includes/wc-core-functions.php(345): include()
#1 /Users/duhotavlad/Sites/rotani/wp-content/plugins/woocommerce/includes/wc-template-functions.php(1856): wc_get_template('single-product/...')
#2 /Users/duhotavlad/Sites/rotani/wp-content/themes/rotani/woocommerce/single-product/tabs/tabs.php(47): woocommerce_product_description_tab('description', Array)
#3 /Users/duhotavlad/Sites/rotani/wp-content/plugins/woocommerce/includes/wc-core-functions.php(345): include('/Users/duhotavl...')
#4 /Users/duhotavlad/Sites/rotani/wp-content/plugins/woocommerce/includes/wc-template-functions.php(1618): wc_get_template('single-product/...')
#5 /Users/duhotavlad/Sites/rotani/wp-includes/class-wp-hook.php(308): woocommerce_output_product_data_tabs('')
#6 /Users/duhotavlad/Sites/rotani/wp-includes/class-wp-hook.php(332): WP_Hook->apply_filters('', Array)
#7 /Users/duhotavlad/Sites/rotani/wp-includes/plugin.php(517): WP_Hook->do_action(Array)
#8 /Users/duhotavlad/Sites/rotani/wp-content/themes/rotani/woocommerce/content-single-product.php(74): do_action('woocommerce_aft...')
#9 /Users/duhotavlad/Sites/rotani/wp-includes/template.php(785): require('/Users/duhotavl...')
#10 /Users/duhotavlad/Sites/rotani/wp-content/plugins/woocommerce/includes/wc-core-functions.php(284): load_template('/Users/duhotavl...', false)
#11 /Users/duhotavlad/Sites/rotani/wp-content/themes/rotani/woocommerce/single-product.php(37): wc_get_template_part('content', 'single-product')
#12 /Users/duhotavlad/Sites/rotani/wp-includes/template-loader.php(106): include('/Users/duhotavl...')
#13 /Users/duhotavlad/Sites/rotani/wp-blog-header.php(19): require_once('/Users/duhotavl...')
#14 /Users/duhotavlad/Sites/rotani/index.php(17): require('/Users/duhotavl...')
#15 {main}
  thrown in /Users/duhotavlad/Sites/rotani/wp-content/themes/rotani/woocommerce/single-product/tabs/description.php on line 20

2023-03-28T13:29:50+00:00 CRITICAL Uncaught TypeError: array_shift(): Argument #1 ($array) must be of type array, null given in /Users/duhotavlad/Sites/rotani/wp-content/themes/rotani/woocommerce/cart/cart.php:77
Stack trace:
#0 /Users/duhotavlad/Sites/rotani/wp-content/themes/rotani/woocommerce/cart/cart.php(77): array_shift(NULL)
#1 /Users/duhotavlad/Sites/rotani/wp-content/plugins/woocommerce/includes/wc-core-functions.php(345): include('/Users/duhotavl...')
#2 /Users/duhotavlad/Sites/rotani/wp-content/plugins/woocommerce/includes/shortcodes/class-wc-shortcode-cart.php(99): wc_get_template('cart/cart.php')
#3 /Users/duhotavlad/Sites/rotani/wp-content/plugins/woocommerce/includes/class-wc-shortcodes.php(72): WC_Shortcode_Cart::output(Array)
#4 /Users/duhotavlad/Sites/rotani/wp-content/plugins/woocommerce/includes/class-wc-shortcodes.php(85): WC_Shortcodes::shortcode_wrapper(Array)
#5 /Users/duhotavlad/Sites/rotani/wp-includes/shortcodes.php(355): WC_Shortcodes::cart('', '', 'woocommerce_car...')
#6 [internal function]: do_shortcode_tag(Array)
#7 /Users/duhotavlad/Sites/rotani/wp-includes/shortcodes.php(227): preg_replace_callback('/\\[(\\[?)(woocom...', 'do_shortcode_ta...', '[woocommerce_ca...')
#8 /Users/duhotavlad/Sites/rotani/wp-includes/class-wp-hook.php(308): do_shortcode('[woocommerce_ca...')
#9 /Users/duhotavlad/Sites/rotani/wp-includes/plugin.php(205): WP_Hook->apply_filters('[woocommerce_ca...', Array)
#10 /Users/duhotavlad/Sites/rotani/wp-includes/post-template.php(255): apply_filters('the_content', '<!-- wp:shortco...')
#11 /Users/duhotavlad/Sites/rotani/wp-content/themes/rotani/index.php(4): the_content()
#12 /Users/duhotavlad/Sites/rotani/wp-includes/template-loader.php(106): include('/Users/duhotavl...')
#13 /Users/duhotavlad/Sites/rotani/wp-blog-header.php(19): require_once('/Users/duhotavl...')
#14 /Users/duhotavlad/Sites/rotani/index.php(17): require('/Users/duhotavl...')
#15 {main}
  thrown in /Users/duhotavlad/Sites/rotani/wp-content/themes/rotani/woocommerce/cart/cart.php on line 77

2023-03-28T14:10:21+00:00 CRITICAL Uncaught TypeError: call_user_func_array(): Argument #1 ($function) must be a valid callback, function "njengah_override_checkout_fields" not found or invalid function name in /Users/duhotavlad/Sites/rotani/wp-includes/class-wp-hook.php:308
Stack trace:
#0 /Users/duhotavlad/Sites/rotani/wp-includes/plugin.php(205): WP_Hook->apply_filters(Array, Array)
#1 /Users/duhotavlad/Sites/rotani/wp-content/plugins/woocommerce/includes/class-wc-checkout.php(300): apply_filters('woocommerce_che...', Array)
#2 /Users/duhotavlad/Sites/rotani/wp-content/themes/rotani/woocommerce/checkout/form-checkout.php(34): WC_Checkout->get_checkout_fields()
#3 /Users/duhotavlad/Sites/rotani/wp-content/plugins/woocommerce/includes/wc-core-functions.php(345): include('/Users/duhotavl...')
#4 /Users/duhotavlad/Sites/rotani/wp-content/plugins/woocommerce/includes/shortcodes/class-wc-shortcode-checkout.php(316): wc_get_template('checkout/form-c...', Array)
#5 /Users/duhotavlad/Sites/rotani/wp-content/plugins/woocommerce/includes/shortcodes/class-wc-shortcode-checkout.php(67): WC_Shortcode_Checkout::checkout()
#6 /Users/duhotavlad/Sites/rotani/wp-content/plugins/woocommerce/includes/class-wc-shortcodes.php(72): WC_Shortcode_Checkout::output('')
#7 /Users/duhotavlad/Sites/rotani/wp-content/plugins/woocommerce/includes/class-wc-shortcodes.php(95): WC_Shortcodes::shortcode_wrapper(Array, '')
#8 /Users/duhotavlad/Sites/rotani/wp-includes/shortcodes.php(355): WC_Shortcodes::checkout('', '', 'woocommerce_che...')
#9 [internal function]: do_shortcode_tag(Array)
#10 /Users/duhotavlad/Sites/rotani/wp-includes/shortcodes.php(227): preg_replace_callback('/\\[(\\[?)(woocom...', 'do_shortcode_ta...', '[woocommerce_ch...')
#11 /Users/duhotavlad/Sites/rotani/wp-includes/class-wp-hook.php(308): do_shortcode('[woocommerce_ch...')
#12 /Users/duhotavlad/Sites/rotani/wp-includes/plugin.php(205): WP_Hook->apply_filters('[woocommerce_ch...', Array)
#13 /Users/duhotavlad/Sites/rotani/wp-includes/post-template.php(255): apply_filters('the_content', '<!-- wp:shortco...')
#14 /Users/duhotavlad/Sites/rotani/wp-content/themes/rotani/index.php(4): the_content()
#15 /Users/duhotavlad/Sites/rotani/wp-includes/template-loader.php(106): include('/Users/duhotavl...')
#16 /Users/duhotavlad/Sites/rotani/wp-blog-header.php(19): require_once('/Users/duhotavl...')
#17 /Users/duhotavlad/Sites/rotani/index.php(17): require('/Users/duhotavl...')
#18 {main}
  thrown in /Users/duhotavlad/Sites/rotani/wp-includes/class-wp-hook.php on line 308

2023-03-28T14:11:20+00:00 CRITICAL Uncaught TypeError: call_user_func_array(): Argument #1 ($function) must be a valid callback, function "njengah_override_checkout_fields" not found or invalid function name in /Users/duhotavlad/Sites/rotani/wp-includes/class-wp-hook.php:308
Stack trace:
#0 /Users/duhotavlad/Sites/rotani/wp-includes/plugin.php(205): WP_Hook->apply_filters(Array, Array)
#1 /Users/duhotavlad/Sites/rotani/wp-content/plugins/woocommerce/includes/class-wc-checkout.php(300): apply_filters('woocommerce_che...', Array)
#2 /Users/duhotavlad/Sites/rotani/wp-content/themes/rotani/woocommerce/checkout/form-checkout.php(34): WC_Checkout->get_checkout_fields()
#3 /Users/duhotavlad/Sites/rotani/wp-content/plugins/woocommerce/includes/wc-core-functions.php(345): include('/Users/duhotavl...')
#4 /Users/duhotavlad/Sites/rotani/wp-content/plugins/woocommerce/includes/shortcodes/class-wc-shortcode-checkout.php(316): wc_get_template('checkout/form-c...', Array)
#5 /Users/duhotavlad/Sites/rotani/wp-content/plugins/woocommerce/includes/shortcodes/class-wc-shortcode-checkout.php(67): WC_Shortcode_Checkout::checkout()
#6 /Users/duhotavlad/Sites/rotani/wp-content/plugins/woocommerce/includes/class-wc-shortcodes.php(72): WC_Shortcode_Checkout::output('')
#7 /Users/duhotavlad/Sites/rotani/wp-content/plugins/woocommerce/includes/class-wc-shortcodes.php(95): WC_Shortcodes::shortcode_wrapper(Array, '')
#8 /Users/duhotavlad/Sites/rotani/wp-includes/shortcodes.php(355): WC_Shortcodes::checkout('', '', 'woocommerce_che...')
#9 [internal function]: do_shortcode_tag(Array)
#10 /Users/duhotavlad/Sites/rotani/wp-includes/shortcodes.php(227): preg_replace_callback('/\\[(\\[?)(woocom...', 'do_shortcode_ta...', '[woocommerce_ch...')
#11 /Users/duhotavlad/Sites/rotani/wp-includes/class-wp-hook.php(308): do_shortcode('[woocommerce_ch...')
#12 /Users/duhotavlad/Sites/rotani/wp-includes/plugin.php(205): WP_Hook->apply_filters('[woocommerce_ch...', Array)
#13 /Users/duhotavlad/Sites/rotani/wp-includes/post-template.php(255): apply_filters('the_content', '<!-- wp:shortco...')
#14 /Users/duhotavlad/Sites/rotani/wp-content/themes/rotani/index.php(4): the_content()
#15 /Users/duhotavlad/Sites/rotani/wp-includes/template-loader.php(106): include('/Users/duhotavl...')
#16 /Users/duhotavlad/Sites/rotani/wp-blog-header.php(19): require_once('/Users/duhotavl...')
#17 /Users/duhotavlad/Sites/rotani/index.php(17): require('/Users/duhotavl...')
#18 {main}
  thrown in /Users/duhotavlad/Sites/rotani/wp-includes/class-wp-hook.php on line 308

2023-03-28T14:11:21+00:00 CRITICAL Uncaught TypeError: call_user_func_array(): Argument #1 ($function) must be a valid callback, function "njengah_override_checkout_fields" not found or invalid function name in /Users/duhotavlad/Sites/rotani/wp-includes/class-wp-hook.php:308
Stack trace:
#0 /Users/duhotavlad/Sites/rotani/wp-includes/plugin.php(205): WP_Hook->apply_filters(Array, Array)
#1 /Users/duhotavlad/Sites/rotani/wp-content/plugins/woocommerce/includes/class-wc-checkout.php(300): apply_filters('woocommerce_che...', Array)
#2 /Users/duhotavlad/Sites/rotani/wp-content/themes/rotani/woocommerce/checkout/form-checkout.php(34): WC_Checkout->get_checkout_fields()
#3 /Users/duhotavlad/Sites/rotani/wp-content/plugins/woocommerce/includes/wc-core-functions.php(345): include('/Users/duhotavl...')
#4 /Users/duhotavlad/Sites/rotani/wp-content/plugins/woocommerce/includes/shortcodes/class-wc-shortcode-checkout.php(316): wc_get_template('checkout/form-c...', Array)
#5 /Users/duhotavlad/Sites/rotani/wp-content/plugins/woocommerce/includes/shortcodes/class-wc-shortcode-checkout.php(67): WC_Shortcode_Checkout::checkout()
#6 /Users/duhotavlad/Sites/rotani/wp-content/plugins/woocommerce/includes/class-wc-shortcodes.php(72): WC_Shortcode_Checkout::output('')
#7 /Users/duhotavlad/Sites/rotani/wp-content/plugins/woocommerce/includes/class-wc-shortcodes.php(95): WC_Shortcodes::shortcode_wrapper(Array, '')
#8 /Users/duhotavlad/Sites/rotani/wp-includes/shortcodes.php(355): WC_Shortcodes::checkout('', '', 'woocommerce_che...')
#9 [internal function]: do_shortcode_tag(Array)
#10 /Users/duhotavlad/Sites/rotani/wp-includes/shortcodes.php(227): preg_replace_callback('/\\[(\\[?)(woocom...', 'do_shortcode_ta...', '[woocommerce_ch...')
#11 /Users/duhotavlad/Sites/rotani/wp-includes/class-wp-hook.php(308): do_shortcode('[woocommerce_ch...')
#12 /Users/duhotavlad/Sites/rotani/wp-includes/plugin.php(205): WP_Hook->apply_filters('[woocommerce_ch...', Array)
#13 /Users/duhotavlad/Sites/rotani/wp-includes/post-template.php(255): apply_filters('the_content', '<!-- wp:shortco...')
#14 /Users/duhotavlad/Sites/rotani/wp-content/themes/rotani/index.php(4): the_content()
#15 /Users/duhotavlad/Sites/rotani/wp-includes/template-loader.php(106): include('/Users/duhotavl...')
#16 /Users/duhotavlad/Sites/rotani/wp-blog-header.php(19): require_once('/Users/duhotavl...')
#17 /Users/duhotavlad/Sites/rotani/index.php(17): require('/Users/duhotavl...')
#18 {main}
  thrown in /Users/duhotavlad/Sites/rotani/wp-includes/class-wp-hook.php on line 308

2023-03-28T18:39:40+00:00 CRITICAL Uncaught Error: Cannot use object of type stdClass as array in /Users/duhotavlad/Sites/rotani/wp-content/themes/rotani/woocommerce/cart/cart.php:302
Stack trace:
#0 /Users/duhotavlad/Sites/rotani/wp-content/plugins/woocommerce/includes/wc-core-functions.php(345): include()
#1 /Users/duhotavlad/Sites/rotani/wp-content/plugins/woocommerce/includes/shortcodes/class-wc-shortcode-cart.php(99): wc_get_template('cart/cart.php')
#2 /Users/duhotavlad/Sites/rotani/wp-content/plugins/woocommerce/includes/class-wc-shortcodes.php(72): WC_Shortcode_Cart::output(Array)
#3 /Users/duhotavlad/Sites/rotani/wp-content/plugins/woocommerce/includes/class-wc-shortcodes.php(85): WC_Shortcodes::shortcode_wrapper(Array)
#4 /Users/duhotavlad/Sites/rotani/wp-includes/shortcodes.php(355): WC_Shortcodes::cart('', '', 'woocommerce_car...')
#5 [internal function]: do_shortcode_tag(Array)
#6 /Users/duhotavlad/Sites/rotani/wp-includes/shortcodes.php(227): preg_replace_callback('/\\[(\\[?)(woocom...', 'do_shortcode_ta...', '[woocommerce_ca...')
#7 /Users/duhotavlad/Sites/rotani/wp-includes/class-wp-hook.php(308): do_shortcode('[woocommerce_ca...')
#8 /Users/duhotavlad/Sites/rotani/wp-includes/plugin.php(205): WP_Hook->apply_filters('[woocommerce_ca...', Array)
#9 /Users/duhotavlad/Sites/rotani/wp-includes/post-template.php(255): apply_filters('the_content', '<!-- wp:shortco...')
#10 /Users/duhotavlad/Sites/rotani/wp-content/themes/rotani/index.php(4): the_content()
#11 /Users/duhotavlad/Sites/rotani/wp-includes/template-loader.php(106): include('/Users/duhotavl...')
#12 /Users/duhotavlad/Sites/rotani/wp-blog-header.php(19): require_once('/Users/duhotavl...')
#13 /Users/duhotavlad/Sites/rotani/index.php(17): require('/Users/duhotavl...')
#14 {main}
  thrown in /Users/duhotavlad/Sites/rotani/wp-content/themes/rotani/woocommerce/cart/cart.php on line 302

2023-03-28T18:41:43+00:00 CRITICAL Uncaught Error: Cannot use object of type stdClass as array in /Users/duhotavlad/Sites/rotani/wp-content/themes/rotani/woocommerce/cart/cart.php:302
Stack trace:
#0 /Users/duhotavlad/Sites/rotani/wp-content/plugins/woocommerce/includes/wc-core-functions.php(345): include()
#1 /Users/duhotavlad/Sites/rotani/wp-content/plugins/woocommerce/includes/shortcodes/class-wc-shortcode-cart.php(99): wc_get_template('cart/cart.php')
#2 /Users/duhotavlad/Sites/rotani/wp-content/plugins/woocommerce/includes/class-wc-shortcodes.php(72): WC_Shortcode_Cart::output(Array)
#3 /Users/duhotavlad/Sites/rotani/wp-content/plugins/woocommerce/includes/class-wc-shortcodes.php(85): WC_Shortcodes::shortcode_wrapper(Array)
#4 /Users/duhotavlad/Sites/rotani/wp-includes/shortcodes.php(355): WC_Shortcodes::cart('', '', 'woocommerce_car...')
#5 [internal function]: do_shortcode_tag(Array)
#6 /Users/duhotavlad/Sites/rotani/wp-includes/shortcodes.php(227): preg_replace_callback('/\\[(\\[?)(woocom...', 'do_shortcode_ta...', '[woocommerce_ca...')
#7 /Users/duhotavlad/Sites/rotani/wp-includes/class-wp-hook.php(308): do_shortcode('[woocommerce_ca...')
#8 /Users/duhotavlad/Sites/rotani/wp-includes/plugin.php(205): WP_Hook->apply_filters('[woocommerce_ca...', Array)
#9 /Users/duhotavlad/Sites/rotani/wp-includes/post-template.php(255): apply_filters('the_content', '<!-- wp:shortco...')
#10 /Users/duhotavlad/Sites/rotani/wp-content/themes/rotani/index.php(4): the_content()
#11 /Users/duhotavlad/Sites/rotani/wp-includes/template-loader.php(106): include('/Users/duhotavl...')
#12 /Users/duhotavlad/Sites/rotani/wp-blog-header.php(19): require_once('/Users/duhotavl...')
#13 /Users/duhotavlad/Sites/rotani/index.php(17): require('/Users/duhotavl...')
#14 {main}
  thrown in /Users/duhotavlad/Sites/rotani/wp-content/themes/rotani/woocommerce/cart/cart.php on line 302

2023-03-28T18:48:23+00:00 CRITICAL Uncaught ArgumentCountError: var_dump() expects at least 1 argument, 0 given in /Users/duhotavlad/Sites/rotani/wp-content/themes/rotani/woocommerce/cart/cart.php:278
Stack trace:
#0 /Users/duhotavlad/Sites/rotani/wp-content/themes/rotani/woocommerce/cart/cart.php(278): var_dump()
#1 /Users/duhotavlad/Sites/rotani/wp-content/plugins/woocommerce/includes/wc-core-functions.php(345): include('/Users/duhotavl...')
#2 /Users/duhotavlad/Sites/rotani/wp-content/plugins/woocommerce/includes/shortcodes/class-wc-shortcode-cart.php(99): wc_get_template('cart/cart.php')
#3 /Users/duhotavlad/Sites/rotani/wp-content/plugins/woocommerce/includes/class-wc-shortcodes.php(72): WC_Shortcode_Cart::output(Array)
#4 /Users/duhotavlad/Sites/rotani/wp-content/plugins/woocommerce/includes/class-wc-shortcodes.php(85): WC_Shortcodes::shortcode_wrapper(Array)
#5 /Users/duhotavlad/Sites/rotani/wp-includes/shortcodes.php(355): WC_Shortcodes::cart('', '', 'woocommerce_car...')
#6 [internal function]: do_shortcode_tag(Array)
#7 /Users/duhotavlad/Sites/rotani/wp-includes/shortcodes.php(227): preg_replace_callback('/\\[(\\[?)(woocom...', 'do_shortcode_ta...', '[woocommerce_ca...')
#8 /Users/duhotavlad/Sites/rotani/wp-includes/class-wp-hook.php(308): do_shortcode('[woocommerce_ca...')
#9 /Users/duhotavlad/Sites/rotani/wp-includes/plugin.php(205): WP_Hook->apply_filters('[woocommerce_ca...', Array)
#10 /Users/duhotavlad/Sites/rotani/wp-includes/post-template.php(255): apply_filters('the_content', '<!-- wp:shortco...')
#11 /Users/duhotavlad/Sites/rotani/wp-content/themes/rotani/index.php(4): the_content()
#12 /Users/duhotavlad/Sites/rotani/wp-includes/template-loader.php(106): include('/Users/duhotavl...')
#13 /Users/duhotavlad/Sites/rotani/wp-blog-header.php(19): require_once('/Users/duhotavl...')
#14 /Users/duhotavlad/Sites/rotani/index.php(17): require('/Users/duhotavl...')
#15 {main}
  thrown in /Users/duhotavlad/Sites/rotani/wp-content/themes/rotani/woocommerce/cart/cart.php on line 278

2023-03-28T18:49:02+00:00 CRITICAL Uncaught Error: Cannot use object of type stdClass as array in /Users/duhotavlad/Sites/rotani/wp-content/themes/rotani/woocommerce/cart/cart.php:279
Stack trace:
#0 /Users/duhotavlad/Sites/rotani/wp-content/plugins/woocommerce/includes/wc-core-functions.php(345): include()
#1 /Users/duhotavlad/Sites/rotani/wp-content/plugins/woocommerce/includes/shortcodes/class-wc-shortcode-cart.php(99): wc_get_template('cart/cart.php')
#2 /Users/duhotavlad/Sites/rotani/wp-content/plugins/woocommerce/includes/class-wc-shortcodes.php(72): WC_Shortcode_Cart::output(Array)
#3 /Users/duhotavlad/Sites/rotani/wp-content/plugins/woocommerce/includes/class-wc-shortcodes.php(85): WC_Shortcodes::shortcode_wrapper(Array)
#4 /Users/duhotavlad/Sites/rotani/wp-includes/shortcodes.php(355): WC_Shortcodes::cart('', '', 'woocommerce_car...')
#5 [internal function]: do_shortcode_tag(Array)
#6 /Users/duhotavlad/Sites/rotani/wp-includes/shortcodes.php(227): preg_replace_callback('/\\[(\\[?)(woocom...', 'do_shortcode_ta...', '[woocommerce_ca...')
#7 /Users/duhotavlad/Sites/rotani/wp-includes/class-wp-hook.php(308): do_shortcode('[woocommerce_ca...')
#8 /Users/duhotavlad/Sites/rotani/wp-includes/plugin.php(205): WP_Hook->apply_filters('[woocommerce_ca...', Array)
#9 /Users/duhotavlad/Sites/rotani/wp-includes/post-template.php(255): apply_filters('the_content', '<!-- wp:shortco...')
#10 /Users/duhotavlad/Sites/rotani/wp-content/themes/rotani/index.php(4): the_content()
#11 /Users/duhotavlad/Sites/rotani/wp-includes/template-loader.php(106): include('/Users/duhotavl...')
#12 /Users/duhotavlad/Sites/rotani/wp-blog-header.php(19): require_once('/Users/duhotavl...')
#13 /Users/duhotavlad/Sites/rotani/index.php(17): require('/Users/duhotavl...')
#14 {main}
  thrown in /Users/duhotavlad/Sites/rotani/wp-content/themes/rotani/woocommerce/cart/cart.php on line 279

2023-03-28T18:54:30+00:00 CRITICAL Cannot redeclare custom_shipping_cost() (previously declared in /Users/duhotavlad/Sites/rotani/wp-content/themes/rotani/functions.php:264) in /Users/duhotavlad/Sites/rotani/wp-content/themes/rotani/woocommerce/cart/cart.php on line 284

