2023-04-07T19:16:51+00:00 CRITICAL syntax error, unexpected identifier "wp_die" in /Users/duhotavlad/Sites/rotani/wp-content/themes/rotani/functions.php on line 365

2023-04-07T19:16:52+00:00 CRITICAL syntax error, unexpected identifier "wp_die" in /Users/duhotavlad/Sites/rotani/wp-content/themes/rotani/functions.php on line 365

2023-04-07T19:18:05+00:00 CRITICAL syntax error, unexpected token ";" in /Users/duhotavlad/Sites/rotani/wp-content/themes/rotani/functions.php on line 364

2023-04-07T19:18:06+00:00 CRITICAL syntax error, unexpected token ";" in /Users/duhotavlad/Sites/rotani/wp-content/themes/rotani/functions.php on line 364

2023-04-07T19:18:07+00:00 CRITICAL syntax error, unexpected token ";" in /Users/duhotavlad/Sites/rotani/wp-content/themes/rotani/functions.php on line 364

2023-04-07T19:18:07+00:00 CRITICAL syntax error, unexpected token ";" in /Users/duhotavlad/Sites/rotani/wp-content/themes/rotani/functions.php on line 364

2023-04-07T19:18:08+00:00 CRITICAL syntax error, unexpected token ";" in /Users/duhotavlad/Sites/rotani/wp-content/themes/rotani/functions.php on line 364

2023-04-07T19:22:38+00:00 CRITICAL Unclosed '{' on line 363 in /Users/duhotavlad/Sites/rotani/wp-content/themes/rotani/functions.php on line 368

2023-04-07T19:22:39+00:00 CRITICAL Unclosed '{' on line 363 in /Users/duhotavlad/Sites/rotani/wp-content/themes/rotani/functions.php on line 368

2023-04-07T19:22:40+00:00 CRITICAL Unclosed '{' on line 363 in /Users/duhotavlad/Sites/rotani/wp-content/themes/rotani/functions.php on line 369

2023-04-07T19:22:41+00:00 CRITICAL Unclosed '{' on line 363 in /Users/duhotavlad/Sites/rotani/wp-content/themes/rotani/functions.php on line 369

2023-04-07T19:22:42+00:00 CRITICAL Unclosed '{' on line 363 in /Users/duhotavlad/Sites/rotani/wp-content/themes/rotani/functions.php on line 369

2023-04-07T19:22:42+00:00 CRITICAL Unclosed '{' on line 363 in /Users/duhotavlad/Sites/rotani/wp-content/themes/rotani/functions.php on line 369

2023-04-07T19:22:43+00:00 CRITICAL Unclosed '{' on line 363 in /Users/duhotavlad/Sites/rotani/wp-content/themes/rotani/functions.php on line 369

2023-04-07T19:22:44+00:00 CRITICAL Unclosed '{' on line 363 in /Users/duhotavlad/Sites/rotani/wp-content/themes/rotani/functions.php on line 370

2023-04-07T19:22:52+00:00 CRITICAL syntax error, unexpected token ";" in /Users/duhotavlad/Sites/rotani/wp-content/themes/rotani/functions.php on line 364

2023-04-07T19:22:53+00:00 CRITICAL syntax error, unexpected token ";" in /Users/duhotavlad/Sites/rotani/wp-content/themes/rotani/functions.php on line 365

2023-04-07T19:22:53+00:00 CRITICAL syntax error, unexpected token ";" in /Users/duhotavlad/Sites/rotani/wp-content/themes/rotani/functions.php on line 365

2023-04-07T19:22:54+00:00 CRITICAL syntax error, unexpected token "<" in /Users/duhotavlad/Sites/rotani/wp-content/themes/rotani/functions.php on line 365

2023-04-07T19:22:55+00:00 CRITICAL syntax error, unexpected token "<" in /Users/duhotavlad/Sites/rotani/wp-content/themes/rotani/functions.php on line 365

2023-04-07T19:22:56+00:00 CRITICAL syntax error, unexpected token "<" in /Users/duhotavlad/Sites/rotani/wp-content/themes/rotani/functions.php on line 365

2023-04-07T19:22:56+00:00 CRITICAL syntax error, unexpected token "<" in /Users/duhotavlad/Sites/rotani/wp-content/themes/rotani/functions.php on line 365

2023-04-07T19:22:57+00:00 CRITICAL syntax error, unexpected token "<" in /Users/duhotavlad/Sites/rotani/wp-content/themes/rotani/functions.php on line 365

2023-04-07T19:22:58+00:00 CRITICAL syntax error, unexpected token "<" in /Users/duhotavlad/Sites/rotani/wp-content/themes/rotani/functions.php on line 365

2023-04-07T19:22:59+00:00 CRITICAL syntax error, unexpected token "<" in /Users/duhotavlad/Sites/rotani/wp-content/themes/rotani/functions.php on line 365

2023-04-07T19:23:00+00:00 CRITICAL syntax error, unexpected token "<" in /Users/duhotavlad/Sites/rotani/wp-content/themes/rotani/functions.php on line 365

2023-04-07T19:23:00+00:00 CRITICAL syntax error, unexpected token "<" in /Users/duhotavlad/Sites/rotani/wp-content/themes/rotani/functions.php on line 365

2023-04-07T19:23:01+00:00 CRITICAL syntax error, unexpected token "<" in /Users/duhotavlad/Sites/rotani/wp-content/themes/rotani/functions.php on line 365

2023-04-07T19:23:02+00:00 CRITICAL syntax error, unexpected token "<" in /Users/duhotavlad/Sites/rotani/wp-content/themes/rotani/functions.php on line 365

2023-04-07T19:23:03+00:00 CRITICAL syntax error, unexpected token "<" in /Users/duhotavlad/Sites/rotani/wp-content/themes/rotani/functions.php on line 365

2023-04-07T19:23:04+00:00 CRITICAL syntax error, unexpected token "<" in /Users/duhotavlad/Sites/rotani/wp-content/themes/rotani/functions.php on line 365

2023-04-07T19:23:04+00:00 CRITICAL syntax error, unexpected token "<" in /Users/duhotavlad/Sites/rotani/wp-content/themes/rotani/functions.php on line 365

2023-04-07T19:23:05+00:00 CRITICAL syntax error, unexpected token "<" in /Users/duhotavlad/Sites/rotani/wp-content/themes/rotani/functions.php on line 365

2023-04-07T19:23:06+00:00 CRITICAL syntax error, unexpected token "<" in /Users/duhotavlad/Sites/rotani/wp-content/themes/rotani/functions.php on line 365

2023-04-07T19:23:07+00:00 CRITICAL syntax error, unexpected identifier "shop", expecting "," or ";" in /Users/duhotavlad/Sites/rotani/wp-content/themes/rotani/functions.php on line 368

2023-04-07T19:23:08+00:00 CRITICAL syntax error, unexpected identifier "shop", expecting "," or ";" in /Users/duhotavlad/Sites/rotani/wp-content/themes/rotani/functions.php on line 368

2023-04-07T19:23:08+00:00 CRITICAL syntax error, unexpected identifier "shop", expecting "," or ";" in /Users/duhotavlad/Sites/rotani/wp-content/themes/rotani/functions.php on line 368

2023-04-07T19:23:09+00:00 CRITICAL syntax error, unexpected identifier "shop", expecting "," or ";" in /Users/duhotavlad/Sites/rotani/wp-content/themes/rotani/functions.php on line 368

2023-04-07T19:23:10+00:00 CRITICAL syntax error, unexpected identifier "shop", expecting "," or ";" in /Users/duhotavlad/Sites/rotani/wp-content/themes/rotani/functions.php on line 368

2023-04-07T19:23:11+00:00 CRITICAL syntax error, unexpected identifier "shop", expecting "," or ";" in /Users/duhotavlad/Sites/rotani/wp-content/themes/rotani/functions.php on line 368

2023-04-07T19:23:13+00:00 CRITICAL syntax error, unexpected identifier "shop", expecting "," or ";" in /Users/duhotavlad/Sites/rotani/wp-content/themes/rotani/functions.php on line 368

2023-04-07T19:23:14+00:00 CRITICAL syntax error, unexpected identifier "shop", expecting "," or ";" in /Users/duhotavlad/Sites/rotani/wp-content/themes/rotani/functions.php on line 368

2023-04-07T19:23:14+00:00 CRITICAL syntax error, unexpected identifier "shop", expecting "," or ";" in /Users/duhotavlad/Sites/rotani/wp-content/themes/rotani/functions.php on line 368

2023-04-07T19:23:15+00:00 CRITICAL syntax error, unexpected identifier "shop", expecting "," or ";" in /Users/duhotavlad/Sites/rotani/wp-content/themes/rotani/functions.php on line 368

2023-04-07T19:23:16+00:00 CRITICAL syntax error, unexpected identifier "shop", expecting "," or ";" in /Users/duhotavlad/Sites/rotani/wp-content/themes/rotani/functions.php on line 368

2023-04-07T19:23:17+00:00 CRITICAL syntax error, unexpected identifier "shop", expecting "," or ";" in /Users/duhotavlad/Sites/rotani/wp-content/themes/rotani/functions.php on line 368

2023-04-07T19:23:18+00:00 CRITICAL syntax error, unexpected identifier "shop", expecting "," or ";" in /Users/duhotavlad/Sites/rotani/wp-content/themes/rotani/functions.php on line 368

2023-04-07T19:23:18+00:00 CRITICAL syntax error, unexpected identifier "shop", expecting "," or ";" in /Users/duhotavlad/Sites/rotani/wp-content/themes/rotani/functions.php on line 368

2023-04-07T19:23:19+00:00 CRITICAL syntax error, unexpected identifier "shop", expecting "," or ";" in /Users/duhotavlad/Sites/rotani/wp-content/themes/rotani/functions.php on line 368

2023-04-07T19:23:20+00:00 CRITICAL syntax error, unexpected identifier "shop", expecting "," or ";" in /Users/duhotavlad/Sites/rotani/wp-content/themes/rotani/functions.php on line 368

2023-04-07T19:23:21+00:00 CRITICAL syntax error, unexpected identifier "shop", expecting "," or ";" in /Users/duhotavlad/Sites/rotani/wp-content/themes/rotani/functions.php on line 368

2023-04-07T19:23:22+00:00 CRITICAL syntax error, unexpected identifier "shop", expecting "," or ";" in /Users/duhotavlad/Sites/rotani/wp-content/themes/rotani/functions.php on line 368

2023-04-07T19:23:22+00:00 CRITICAL syntax error, unexpected identifier "shop", expecting "," or ";" in /Users/duhotavlad/Sites/rotani/wp-content/themes/rotani/functions.php on line 368

2023-04-07T19:23:23+00:00 CRITICAL syntax error, unexpected identifier "shop", expecting "," or ";" in /Users/duhotavlad/Sites/rotani/wp-content/themes/rotani/functions.php on line 368

2023-04-07T19:23:24+00:00 CRITICAL syntax error, unexpected identifier "shop", expecting "," or ";" in /Users/duhotavlad/Sites/rotani/wp-content/themes/rotani/functions.php on line 368

2023-04-07T19:23:25+00:00 CRITICAL syntax error, unexpected identifier "shop", expecting "," or ";" in /Users/duhotavlad/Sites/rotani/wp-content/themes/rotani/functions.php on line 368

2023-04-07T19:23:25+00:00 CRITICAL syntax error, unexpected identifier "shop", expecting "," or ";" in /Users/duhotavlad/Sites/rotani/wp-content/themes/rotani/functions.php on line 368

2023-04-07T19:23:26+00:00 CRITICAL syntax error, unexpected identifier "shop", expecting "," or ";" in /Users/duhotavlad/Sites/rotani/wp-content/themes/rotani/functions.php on line 368

2023-04-07T19:23:27+00:00 CRITICAL syntax error, unexpected identifier "shop", expecting "," or ";" in /Users/duhotavlad/Sites/rotani/wp-content/themes/rotani/functions.php on line 368

2023-04-07T19:23:28+00:00 CRITICAL syntax error, unexpected identifier "shop", expecting "," or ";" in /Users/duhotavlad/Sites/rotani/wp-content/themes/rotani/functions.php on line 368

2023-04-07T19:23:29+00:00 CRITICAL syntax error, unexpected identifier "shop", expecting "," or ";" in /Users/duhotavlad/Sites/rotani/wp-content/themes/rotani/functions.php on line 368

2023-04-07T19:23:29+00:00 CRITICAL syntax error, unexpected identifier "shop", expecting "," or ";" in /Users/duhotavlad/Sites/rotani/wp-content/themes/rotani/functions.php on line 368

2023-04-07T19:23:30+00:00 CRITICAL syntax error, unexpected identifier "shop", expecting "," or ";" in /Users/duhotavlad/Sites/rotani/wp-content/themes/rotani/functions.php on line 368

2023-04-07T19:23:31+00:00 CRITICAL syntax error, unexpected identifier "shop", expecting "," or ";" in /Users/duhotavlad/Sites/rotani/wp-content/themes/rotani/functions.php on line 368

2023-04-07T19:23:32+00:00 CRITICAL syntax error, unexpected identifier "shop", expecting "," or ";" in /Users/duhotavlad/Sites/rotani/wp-content/themes/rotani/functions.php on line 368

2023-04-07T19:23:32+00:00 CRITICAL syntax error, unexpected identifier "shop", expecting "," or ";" in /Users/duhotavlad/Sites/rotani/wp-content/themes/rotani/functions.php on line 368

2023-04-07T19:23:33+00:00 CRITICAL syntax error, unexpected identifier "shop", expecting "," or ";" in /Users/duhotavlad/Sites/rotani/wp-content/themes/rotani/functions.php on line 368

2023-04-07T19:23:34+00:00 CRITICAL syntax error, unexpected identifier "shop", expecting "," or ";" in /Users/duhotavlad/Sites/rotani/wp-content/themes/rotani/functions.php on line 368

2023-04-07T19:23:35+00:00 CRITICAL syntax error, unexpected identifier "shop", expecting "," or ";" in /Users/duhotavlad/Sites/rotani/wp-content/themes/rotani/functions.php on line 368

2023-04-07T19:23:35+00:00 CRITICAL syntax error, unexpected identifier "shop", expecting "," or ";" in /Users/duhotavlad/Sites/rotani/wp-content/themes/rotani/functions.php on line 368

2023-04-07T19:23:36+00:00 CRITICAL syntax error, unexpected identifier "shop", expecting "," or ";" in /Users/duhotavlad/Sites/rotani/wp-content/themes/rotani/functions.php on line 368

2023-04-07T19:23:37+00:00 CRITICAL syntax error, unexpected identifier "shop", expecting "," or ";" in /Users/duhotavlad/Sites/rotani/wp-content/themes/rotani/functions.php on line 368

2023-04-07T19:23:38+00:00 CRITICAL syntax error, unexpected identifier "shop", expecting "," or ";" in /Users/duhotavlad/Sites/rotani/wp-content/themes/rotani/functions.php on line 368

2023-04-07T19:23:39+00:00 CRITICAL syntax error, unexpected identifier "shop", expecting "," or ";" in /Users/duhotavlad/Sites/rotani/wp-content/themes/rotani/functions.php on line 368

2023-04-07T19:23:39+00:00 CRITICAL syntax error, unexpected identifier "shop", expecting "," or ";" in /Users/duhotavlad/Sites/rotani/wp-content/themes/rotani/functions.php on line 368

2023-04-07T19:23:40+00:00 CRITICAL syntax error, unexpected identifier "shop", expecting "," or ";" in /Users/duhotavlad/Sites/rotani/wp-content/themes/rotani/functions.php on line 368

2023-04-07T19:23:41+00:00 CRITICAL syntax error, unexpected identifier "shop", expecting "," or ";" in /Users/duhotavlad/Sites/rotani/wp-content/themes/rotani/functions.php on line 368

2023-04-07T19:23:42+00:00 CRITICAL syntax error, unexpected identifier "shop", expecting "," or ";" in /Users/duhotavlad/Sites/rotani/wp-content/themes/rotani/functions.php on line 368

2023-04-07T19:23:42+00:00 CRITICAL syntax error, unexpected identifier "shop", expecting "," or ";" in /Users/duhotavlad/Sites/rotani/wp-content/themes/rotani/functions.php on line 368

2023-04-07T19:23:43+00:00 CRITICAL syntax error, unexpected identifier "shop", expecting "," or ";" in /Users/duhotavlad/Sites/rotani/wp-content/themes/rotani/functions.php on line 368

2023-04-07T19:23:44+00:00 CRITICAL syntax error, unexpected identifier "shop", expecting "," or ";" in /Users/duhotavlad/Sites/rotani/wp-content/themes/rotani/functions.php on line 368

2023-04-07T19:23:45+00:00 CRITICAL syntax error, unexpected identifier "shop", expecting "," or ";" in /Users/duhotavlad/Sites/rotani/wp-content/themes/rotani/functions.php on line 368

2023-04-07T19:23:45+00:00 CRITICAL syntax error, unexpected identifier "shop", expecting "," or ";" in /Users/duhotavlad/Sites/rotani/wp-content/themes/rotani/functions.php on line 368

2023-04-07T19:23:46+00:00 CRITICAL syntax error, unexpected identifier "shop", expecting "," or ";" in /Users/duhotavlad/Sites/rotani/wp-content/themes/rotani/functions.php on line 368

2023-04-07T19:23:47+00:00 CRITICAL syntax error, unexpected identifier "shop", expecting "," or ";" in /Users/duhotavlad/Sites/rotani/wp-content/themes/rotani/functions.php on line 368

2023-04-07T19:23:48+00:00 CRITICAL syntax error, unexpected identifier "shop", expecting "," or ";" in /Users/duhotavlad/Sites/rotani/wp-content/themes/rotani/functions.php on line 368

2023-04-07T19:23:49+00:00 CRITICAL syntax error, unexpected identifier "shop", expecting "," or ";" in /Users/duhotavlad/Sites/rotani/wp-content/themes/rotani/functions.php on line 368

2023-04-07T19:23:49+00:00 CRITICAL syntax error, unexpected identifier "shop", expecting "," or ";" in /Users/duhotavlad/Sites/rotani/wp-content/themes/rotani/functions.php on line 368

2023-04-07T19:23:50+00:00 CRITICAL syntax error, unexpected identifier "shop", expecting "," or ";" in /Users/duhotavlad/Sites/rotani/wp-content/themes/rotani/functions.php on line 368

2023-04-07T19:23:51+00:00 CRITICAL syntax error, unexpected identifier "shop", expecting "," or ";" in /Users/duhotavlad/Sites/rotani/wp-content/themes/rotani/functions.php on line 368

2023-04-07T19:23:52+00:00 CRITICAL syntax error, unexpected identifier "shop", expecting "," or ";" in /Users/duhotavlad/Sites/rotani/wp-content/themes/rotani/functions.php on line 368

2023-04-07T19:23:52+00:00 CRITICAL syntax error, unexpected identifier "shop", expecting "," or ";" in /Users/duhotavlad/Sites/rotani/wp-content/themes/rotani/functions.php on line 368

2023-04-07T19:23:53+00:00 CRITICAL syntax error, unexpected identifier "shop", expecting "," or ";" in /Users/duhotavlad/Sites/rotani/wp-content/themes/rotani/functions.php on line 368

2023-04-07T19:23:54+00:00 CRITICAL syntax error, unexpected identifier "shop", expecting "," or ";" in /Users/duhotavlad/Sites/rotani/wp-content/themes/rotani/functions.php on line 368

2023-04-07T19:23:55+00:00 CRITICAL syntax error, unexpected identifier "shop", expecting "," or ";" in /Users/duhotavlad/Sites/rotani/wp-content/themes/rotani/functions.php on line 368

2023-04-07T19:23:55+00:00 CRITICAL syntax error, unexpected identifier "shop", expecting "," or ";" in /Users/duhotavlad/Sites/rotani/wp-content/themes/rotani/functions.php on line 368

2023-04-07T19:23:56+00:00 CRITICAL syntax error, unexpected identifier "shop", expecting "," or ";" in /Users/duhotavlad/Sites/rotani/wp-content/themes/rotani/functions.php on line 368

2023-04-07T19:23:57+00:00 CRITICAL syntax error, unexpected identifier "shop", expecting "," or ";" in /Users/duhotavlad/Sites/rotani/wp-content/themes/rotani/functions.php on line 368

2023-04-07T19:23:58+00:00 CRITICAL syntax error, unexpected identifier "shop", expecting "," or ";" in /Users/duhotavlad/Sites/rotani/wp-content/themes/rotani/functions.php on line 368

2023-04-07T19:23:59+00:00 CRITICAL syntax error, unexpected identifier "shop", expecting "," or ";" in /Users/duhotavlad/Sites/rotani/wp-content/themes/rotani/functions.php on line 368

2023-04-07T19:23:59+00:00 CRITICAL syntax error, unexpected identifier "shop", expecting "," or ";" in /Users/duhotavlad/Sites/rotani/wp-content/themes/rotani/functions.php on line 368

2023-04-07T19:24:00+00:00 CRITICAL syntax error, unexpected identifier "shop", expecting "," or ";" in /Users/duhotavlad/Sites/rotani/wp-content/themes/rotani/functions.php on line 368

2023-04-07T19:24:01+00:00 CRITICAL syntax error, unexpected identifier "shop", expecting "," or ";" in /Users/duhotavlad/Sites/rotani/wp-content/themes/rotani/functions.php on line 368

2023-04-07T19:24:02+00:00 CRITICAL syntax error, unexpected identifier "shop", expecting "," or ";" in /Users/duhotavlad/Sites/rotani/wp-content/themes/rotani/functions.php on line 368

2023-04-07T19:24:02+00:00 CRITICAL syntax error, unexpected identifier "shop", expecting "," or ";" in /Users/duhotavlad/Sites/rotani/wp-content/themes/rotani/functions.php on line 368

2023-04-07T19:24:03+00:00 CRITICAL syntax error, unexpected identifier "shop", expecting "," or ";" in /Users/duhotavlad/Sites/rotani/wp-content/themes/rotani/functions.php on line 368

2023-04-07T19:24:04+00:00 CRITICAL syntax error, unexpected identifier "shop", expecting "," or ";" in /Users/duhotavlad/Sites/rotani/wp-content/themes/rotani/functions.php on line 368

2023-04-07T19:24:05+00:00 CRITICAL syntax error, unexpected identifier "shop", expecting "," or ";" in /Users/duhotavlad/Sites/rotani/wp-content/themes/rotani/functions.php on line 368

2023-04-07T19:24:05+00:00 CRITICAL syntax error, unexpected identifier "shop", expecting "," or ";" in /Users/duhotavlad/Sites/rotani/wp-content/themes/rotani/functions.php on line 368

2023-04-07T19:24:06+00:00 CRITICAL syntax error, unexpected identifier "shop", expecting "," or ";" in /Users/duhotavlad/Sites/rotani/wp-content/themes/rotani/functions.php on line 368

2023-04-07T19:24:07+00:00 CRITICAL syntax error, unexpected identifier "shop", expecting "," or ";" in /Users/duhotavlad/Sites/rotani/wp-content/themes/rotani/functions.php on line 368

2023-04-07T19:24:08+00:00 CRITICAL syntax error, unexpected identifier "cart", expecting "," or ";" in /Users/duhotavlad/Sites/rotani/wp-content/themes/rotani/functions.php on line 365

2023-04-07T19:24:09+00:00 CRITICAL syntax error, unexpected identifier "cart", expecting "," or ";" in /Users/duhotavlad/Sites/rotani/wp-content/themes/rotani/functions.php on line 365

2023-04-07T19:24:09+00:00 CRITICAL syntax error, unexpected identifier "cart", expecting "," or ";" in /Users/duhotavlad/Sites/rotani/wp-content/themes/rotani/functions.php on line 365

2023-04-07T19:24:10+00:00 CRITICAL syntax error, unexpected identifier "cart", expecting "," or ";" in /Users/duhotavlad/Sites/rotani/wp-content/themes/rotani/functions.php on line 365

2023-04-07T19:24:11+00:00 CRITICAL syntax error, unexpected identifier "cart", expecting "," or ";" in /Users/duhotavlad/Sites/rotani/wp-content/themes/rotani/functions.php on line 365

2023-04-07T19:24:12+00:00 CRITICAL syntax error, unexpected identifier "cart", expecting "," or ";" in /Users/duhotavlad/Sites/rotani/wp-content/themes/rotani/functions.php on line 365

2023-04-07T19:24:12+00:00 CRITICAL syntax error, unexpected identifier "shop", expecting "," or ";" in /Users/duhotavlad/Sites/rotani/wp-content/themes/rotani/functions.php on line 368

2023-04-07T19:24:13+00:00 CRITICAL syntax error, unexpected identifier "shop", expecting "," or ";" in /Users/duhotavlad/Sites/rotani/wp-content/themes/rotani/functions.php on line 368

2023-04-07T19:24:14+00:00 CRITICAL syntax error, unexpected identifier "shop", expecting "," or ";" in /Users/duhotavlad/Sites/rotani/wp-content/themes/rotani/functions.php on line 368

2023-04-07T19:24:15+00:00 CRITICAL syntax error, unexpected identifier "shop", expecting "," or ";" in /Users/duhotavlad/Sites/rotani/wp-content/themes/rotani/functions.php on line 368

2023-04-07T19:24:16+00:00 CRITICAL syntax error, unexpected identifier "shop", expecting "," or ";" in /Users/duhotavlad/Sites/rotani/wp-content/themes/rotani/functions.php on line 368

2023-04-07T19:24:16+00:00 CRITICAL syntax error, unexpected identifier "shop", expecting "," or ";" in /Users/duhotavlad/Sites/rotani/wp-content/themes/rotani/functions.php on line 368

2023-04-07T19:24:17+00:00 CRITICAL syntax error, unexpected identifier "shop", expecting "," or ";" in /Users/duhotavlad/Sites/rotani/wp-content/themes/rotani/functions.php on line 368

2023-04-07T19:24:18+00:00 CRITICAL syntax error, unexpected identifier "shop", expecting "," or ";" in /Users/duhotavlad/Sites/rotani/wp-content/themes/rotani/functions.php on line 368

2023-04-07T19:24:19+00:00 CRITICAL syntax error, unexpected identifier "shop", expecting "," or ";" in /Users/duhotavlad/Sites/rotani/wp-content/themes/rotani/functions.php on line 368

2023-04-07T19:24:19+00:00 CRITICAL syntax error, unexpected identifier "shop", expecting "," or ";" in /Users/duhotavlad/Sites/rotani/wp-content/themes/rotani/functions.php on line 368

2023-04-07T19:24:20+00:00 CRITICAL syntax error, unexpected identifier "shop", expecting "," or ";" in /Users/duhotavlad/Sites/rotani/wp-content/themes/rotani/functions.php on line 368

2023-04-07T19:24:21+00:00 CRITICAL syntax error, unexpected identifier "shop", expecting "," or ";" in /Users/duhotavlad/Sites/rotani/wp-content/themes/rotani/functions.php on line 368

2023-04-07T19:24:22+00:00 CRITICAL syntax error, unexpected identifier "shop", expecting "," or ";" in /Users/duhotavlad/Sites/rotani/wp-content/themes/rotani/functions.php on line 368

2023-04-07T19:24:22+00:00 CRITICAL syntax error, unexpected identifier "shop", expecting "," or ";" in /Users/duhotavlad/Sites/rotani/wp-content/themes/rotani/functions.php on line 368

2023-04-07T19:24:23+00:00 CRITICAL syntax error, unexpected identifier "shop", expecting "," or ";" in /Users/duhotavlad/Sites/rotani/wp-content/themes/rotani/functions.php on line 368

2023-04-07T19:24:24+00:00 CRITICAL syntax error, unexpected identifier "shop", expecting "," or ";" in /Users/duhotavlad/Sites/rotani/wp-content/themes/rotani/functions.php on line 368

2023-04-07T19:24:25+00:00 CRITICAL syntax error, unexpected identifier "shop", expecting "," or ";" in /Users/duhotavlad/Sites/rotani/wp-content/themes/rotani/functions.php on line 368

2023-04-07T19:24:25+00:00 CRITICAL syntax error, unexpected identifier "shop", expecting "," or ";" in /Users/duhotavlad/Sites/rotani/wp-content/themes/rotani/functions.php on line 368

2023-04-07T19:24:26+00:00 CRITICAL syntax error, unexpected identifier "shop", expecting "," or ";" in /Users/duhotavlad/Sites/rotani/wp-content/themes/rotani/functions.php on line 368

2023-04-07T19:24:27+00:00 CRITICAL syntax error, unexpected identifier "shop", expecting "," or ";" in /Users/duhotavlad/Sites/rotani/wp-content/themes/rotani/functions.php on line 368

2023-04-07T19:24:28+00:00 CRITICAL syntax error, unexpected identifier "shop", expecting "," or ";" in /Users/duhotavlad/Sites/rotani/wp-content/themes/rotani/functions.php on line 368

2023-04-07T19:24:29+00:00 CRITICAL syntax error, unexpected identifier "shop", expecting "," or ";" in /Users/duhotavlad/Sites/rotani/wp-content/themes/rotani/functions.php on line 368

2023-04-07T19:24:29+00:00 CRITICAL syntax error, unexpected identifier "shop", expecting "," or ";" in /Users/duhotavlad/Sites/rotani/wp-content/themes/rotani/functions.php on line 368

2023-04-07T19:24:30+00:00 CRITICAL syntax error, unexpected identifier "shop", expecting "," or ";" in /Users/duhotavlad/Sites/rotani/wp-content/themes/rotani/functions.php on line 368

2023-04-07T19:24:31+00:00 CRITICAL syntax error, unexpected identifier "shop", expecting "," or ";" in /Users/duhotavlad/Sites/rotani/wp-content/themes/rotani/functions.php on line 368

2023-04-07T19:24:32+00:00 CRITICAL syntax error, unexpected identifier "shop", expecting "," or ";" in /Users/duhotavlad/Sites/rotani/wp-content/themes/rotani/functions.php on line 368

2023-04-07T19:24:33+00:00 CRITICAL syntax error, unexpected identifier "shop", expecting "," or ";" in /Users/duhotavlad/Sites/rotani/wp-content/themes/rotani/functions.php on line 368

2023-04-07T19:24:33+00:00 CRITICAL syntax error, unexpected identifier "shop", expecting "," or ";" in /Users/duhotavlad/Sites/rotani/wp-content/themes/rotani/functions.php on line 368

2023-04-07T19:24:34+00:00 CRITICAL syntax error, unexpected identifier "shop", expecting "," or ";" in /Users/duhotavlad/Sites/rotani/wp-content/themes/rotani/functions.php on line 368

2023-04-07T19:24:35+00:00 CRITICAL syntax error, unexpected identifier "shop", expecting "," or ";" in /Users/duhotavlad/Sites/rotani/wp-content/themes/rotani/functions.php on line 368

2023-04-07T19:24:36+00:00 CRITICAL syntax error, unexpected identifier "shop", expecting "," or ";" in /Users/duhotavlad/Sites/rotani/wp-content/themes/rotani/functions.php on line 368

2023-04-07T19:24:40+00:00 CRITICAL syntax error, unexpected token "<" in /Users/duhotavlad/Sites/rotani/wp-content/themes/rotani/functions.php on line 364

2023-04-07T19:24:41+00:00 CRITICAL syntax error, unexpected token "<" in /Users/duhotavlad/Sites/rotani/wp-content/themes/rotani/functions.php on line 364

2023-04-07T19:24:42+00:00 CRITICAL syntax error, unexpected token "<" in /Users/duhotavlad/Sites/rotani/wp-content/themes/rotani/functions.php on line 364

2023-04-07T19:24:42+00:00 CRITICAL syntax error, unexpected identifier "shop", expecting "," or ";" in /Users/duhotavlad/Sites/rotani/wp-content/themes/rotani/functions.php on line 367

2023-04-07T19:24:43+00:00 CRITICAL syntax error, unexpected identifier "shop", expecting "," or ";" in /Users/duhotavlad/Sites/rotani/wp-content/themes/rotani/functions.php on line 367

2023-04-07T19:24:44+00:00 CRITICAL syntax error, unexpected identifier "shop", expecting "," or ";" in /Users/duhotavlad/Sites/rotani/wp-content/themes/rotani/functions.php on line 367

2023-04-07T19:24:45+00:00 CRITICAL syntax error, unexpected identifier "shop", expecting "," or ";" in /Users/duhotavlad/Sites/rotani/wp-content/themes/rotani/functions.php on line 367

2023-04-07T19:24:45+00:00 CRITICAL syntax error, unexpected identifier "shop", expecting "," or ";" in /Users/duhotavlad/Sites/rotani/wp-content/themes/rotani/functions.php on line 367

2023-04-07T19:24:46+00:00 CRITICAL syntax error, unexpected identifier "shop", expecting "," or ";" in /Users/duhotavlad/Sites/rotani/wp-content/themes/rotani/functions.php on line 367

2023-04-07T19:24:47+00:00 CRITICAL syntax error, unexpected identifier "shop", expecting "," or ";" in /Users/duhotavlad/Sites/rotani/wp-content/themes/rotani/functions.php on line 367

2023-04-07T19:24:48+00:00 CRITICAL syntax error, unexpected identifier "shop", expecting "," or ";" in /Users/duhotavlad/Sites/rotani/wp-content/themes/rotani/functions.php on line 367

2023-04-07T19:24:48+00:00 CRITICAL syntax error, unexpected identifier "shop", expecting "," or ";" in /Users/duhotavlad/Sites/rotani/wp-content/themes/rotani/functions.php on line 367

2023-04-07T19:24:49+00:00 CRITICAL syntax error, unexpected identifier "shop", expecting "," or ";" in /Users/duhotavlad/Sites/rotani/wp-content/themes/rotani/functions.php on line 367

2023-04-07T19:24:50+00:00 CRITICAL syntax error, unexpected identifier "shop", expecting "," or ";" in /Users/duhotavlad/Sites/rotani/wp-content/themes/rotani/functions.php on line 367

2023-04-07T19:24:51+00:00 CRITICAL syntax error, unexpected token "?" in /Users/duhotavlad/Sites/rotani/wp-content/themes/rotani/functions.php on line 367

2023-04-07T19:24:51+00:00 CRITICAL syntax error, unexpected token "?" in /Users/duhotavlad/Sites/rotani/wp-content/themes/rotani/functions.php on line 367

2023-04-07T19:24:52+00:00 CRITICAL syntax error, unexpected token "?" in /Users/duhotavlad/Sites/rotani/wp-content/themes/rotani/functions.php on line 367

2023-04-07T19:24:53+00:00 CRITICAL syntax error, unexpected token "?" in /Users/duhotavlad/Sites/rotani/wp-content/themes/rotani/functions.php on line 367

2023-04-07T19:24:54+00:00 CRITICAL syntax error, unexpected token "?" in /Users/duhotavlad/Sites/rotani/wp-content/themes/rotani/functions.php on line 367

2023-04-07T19:24:54+00:00 CRITICAL syntax error, unexpected token "?" in /Users/duhotavlad/Sites/rotani/wp-content/themes/rotani/functions.php on line 367

2023-04-07T19:24:55+00:00 CRITICAL syntax error, unexpected token "?" in /Users/duhotavlad/Sites/rotani/wp-content/themes/rotani/functions.php on line 367

2023-04-07T19:24:56+00:00 CRITICAL syntax error, unexpected token "?" in /Users/duhotavlad/Sites/rotani/wp-content/themes/rotani/functions.php on line 367

2023-04-07T19:24:57+00:00 CRITICAL syntax error, unexpected token "?" in /Users/duhotavlad/Sites/rotani/wp-content/themes/rotani/functions.php on line 367

2023-04-07T19:24:58+00:00 CRITICAL syntax error, unexpected token "if" in /Users/duhotavlad/Sites/rotani/wp-content/themes/rotani/functions.php on line 367

2023-04-07T19:24:58+00:00 CRITICAL syntax error, unexpected token "if" in /Users/duhotavlad/Sites/rotani/wp-content/themes/rotani/functions.php on line 367

2023-04-07T19:24:59+00:00 CRITICAL syntax error, unexpected token "if", expecting "," or ";" in /Users/duhotavlad/Sites/rotani/wp-content/themes/rotani/functions.php on line 367

2023-04-07T19:25:00+00:00 CRITICAL syntax error, unexpected token "if", expecting "," or ";" in /Users/duhotavlad/Sites/rotani/wp-content/themes/rotani/functions.php on line 367

2023-04-07T19:25:01+00:00 CRITICAL syntax error, unexpected token "if", expecting "," or ";" in /Users/duhotavlad/Sites/rotani/wp-content/themes/rotani/functions.php on line 367

2023-04-07T19:25:01+00:00 CRITICAL syntax error, unexpected token "if", expecting "," or ";" in /Users/duhotavlad/Sites/rotani/wp-content/themes/rotani/functions.php on line 367

2023-04-07T19:25:02+00:00 CRITICAL syntax error, unexpected token "if", expecting "," or ";" in /Users/duhotavlad/Sites/rotani/wp-content/themes/rotani/functions.php on line 367

2023-04-07T19:25:03+00:00 CRITICAL syntax error, unexpected token "if", expecting "," or ";" in /Users/duhotavlad/Sites/rotani/wp-content/themes/rotani/functions.php on line 367

2023-04-07T19:25:04+00:00 CRITICAL syntax error, unexpected token "if", expecting "," or ";" in /Users/duhotavlad/Sites/rotani/wp-content/themes/rotani/functions.php on line 367

2023-04-07T19:25:04+00:00 CRITICAL syntax error, unexpected token "if", expecting "," or ";" in /Users/duhotavlad/Sites/rotani/wp-content/themes/rotani/functions.php on line 367

2023-04-07T19:25:05+00:00 CRITICAL syntax error, unexpected token "if", expecting "," or ";" in /Users/duhotavlad/Sites/rotani/wp-content/themes/rotani/functions.php on line 367

2023-04-07T19:25:06+00:00 CRITICAL syntax error, unexpected token "if", expecting "," or ";" in /Users/duhotavlad/Sites/rotani/wp-content/themes/rotani/functions.php on line 367

2023-04-07T19:25:07+00:00 CRITICAL syntax error, unexpected token "endif" in /Users/duhotavlad/Sites/rotani/wp-content/themes/rotani/functions.php on line 381

2023-04-07T19:25:07+00:00 CRITICAL syntax error, unexpected token "endif" in /Users/duhotavlad/Sites/rotani/wp-content/themes/rotani/functions.php on line 381

2023-04-07T19:25:08+00:00 CRITICAL syntax error, unexpected token "endif" in /Users/duhotavlad/Sites/rotani/wp-content/themes/rotani/functions.php on line 381

2023-04-07T19:25:09+00:00 CRITICAL syntax error, unexpected token "endif" in /Users/duhotavlad/Sites/rotani/wp-content/themes/rotani/functions.php on line 381

2023-04-07T19:25:10+00:00 CRITICAL syntax error, unexpected token "endif" in /Users/duhotavlad/Sites/rotani/wp-content/themes/rotani/functions.php on line 381

2023-04-07T19:25:11+00:00 CRITICAL syntax error, unexpected token "endif" in /Users/duhotavlad/Sites/rotani/wp-content/themes/rotani/functions.php on line 381

2023-04-07T19:25:11+00:00 CRITICAL syntax error, unexpected token "endif" in /Users/duhotavlad/Sites/rotani/wp-content/themes/rotani/functions.php on line 381

2023-04-07T19:25:12+00:00 CRITICAL syntax error, unexpected token "endif" in /Users/duhotavlad/Sites/rotani/wp-content/themes/rotani/functions.php on line 381

2023-04-07T19:25:13+00:00 CRITICAL syntax error, unexpected token "endif" in /Users/duhotavlad/Sites/rotani/wp-content/themes/rotani/functions.php on line 381

2023-04-07T19:25:14+00:00 CRITICAL syntax error, unexpected token "endif" in /Users/duhotavlad/Sites/rotani/wp-content/themes/rotani/functions.php on line 381

2023-04-07T19:25:14+00:00 CRITICAL syntax error, unexpected token "endif" in /Users/duhotavlad/Sites/rotani/wp-content/themes/rotani/functions.php on line 381

