2023-03-30T11:52:21+00:00 CRITICAL Uncaught ArgumentCountError: Too few arguments to function allowed_products_variation_in_the_cart(), 3 passed in /Users/duhotavlad/Sites/rotani/wp-includes/class-wp-hook.php on line 308 and exactly 5 expected in /Users/duhotavlad/Sites/rotani/wp-content/themes/rotani/functions.php:332
Stack trace:
#0 /Users/duhotavlad/Sites/rotani/wp-includes/class-wp-hook.php(308): allowed_products_variation_in_the_cart(true, 17, 1)
#1 /Users/duhotavlad/Sites/rotani/wp-includes/plugin.php(205): WP_Hook->apply_filters(true, Array)
#2 /Users/duhotavlad/Sites/rotani/wp-content/plugins/woocommerce/includes/class-wc-ajax.php(426): apply_filters('woocommerce_add...', true, 17, 1)
#3 /Users/duhotavlad/Sites/rotani/wp-includes/class-wp-hook.php(308): WC_AJAX::add_to_cart('')
#4 /Users/duhotavlad/Sites/rotani/wp-includes/class-wp-hook.php(332): WP_Hook->apply_filters('', Array)
#5 /Users/duhotavlad/Sites/rotani/wp-includes/plugin.php(517): WP_Hook->do_action(Array)
#6 /Users/duhotavlad/Sites/rotani/wp-content/plugins/woocommerce/includes/class-wc-ajax.php(94): do_action('wc_ajax_add_to_...')
#7 /Users/duhotavlad/Sites/rotani/wp-includes/class-wp-hook.php(308): WC_AJAX::do_wc_ajax('')
#8 /Users/duhotavlad/Sites/rotani/wp-includes/class-wp-hook.php(332): WP_Hook->apply_filters(false, Array)
#9 /Users/duhotavlad/Sites/rotani/wp-includes/plugin.php(517): WP_Hook->do_action(Array)
#10 /Users/duhotavlad/Sites/rotani/wp-includes/template-loader.php(13): do_action('template_redire...')
#11 /Users/duhotavlad/Sites/rotani/wp-blog-header.php(19): require_once('/Users/duhotavl...')
#12 /Users/duhotavlad/Sites/rotani/index.php(17): require('/Users/duhotavl...')
#13 {main}
  thrown in /Users/duhotavlad/Sites/rotani/wp-content/themes/rotani/functions.php on line 332

2023-03-30T11:52:31+00:00 CRITICAL Uncaught ArgumentCountError: Too few arguments to function allowed_products_variation_in_the_cart(), 3 passed in /Users/duhotavlad/Sites/rotani/wp-includes/class-wp-hook.php on line 308 and exactly 5 expected in /Users/duhotavlad/Sites/rotani/wp-content/themes/rotani/functions.php:332
Stack trace:
#0 /Users/duhotavlad/Sites/rotani/wp-includes/class-wp-hook.php(308): allowed_products_variation_in_the_cart(true, 26, 1)
#1 /Users/duhotavlad/Sites/rotani/wp-includes/plugin.php(205): WP_Hook->apply_filters(true, Array)
#2 /Users/duhotavlad/Sites/rotani/wp-content/plugins/woocommerce/includes/class-wc-ajax.php(426): apply_filters('woocommerce_add...', true, 26, 1)
#3 /Users/duhotavlad/Sites/rotani/wp-includes/class-wp-hook.php(308): WC_AJAX::add_to_cart('')
#4 /Users/duhotavlad/Sites/rotani/wp-includes/class-wp-hook.php(332): WP_Hook->apply_filters('', Array)
#5 /Users/duhotavlad/Sites/rotani/wp-includes/plugin.php(517): WP_Hook->do_action(Array)
#6 /Users/duhotavlad/Sites/rotani/wp-content/plugins/woocommerce/includes/class-wc-ajax.php(94): do_action('wc_ajax_add_to_...')
#7 /Users/duhotavlad/Sites/rotani/wp-includes/class-wp-hook.php(308): WC_AJAX::do_wc_ajax('')
#8 /Users/duhotavlad/Sites/rotani/wp-includes/class-wp-hook.php(332): WP_Hook->apply_filters(false, Array)
#9 /Users/duhotavlad/Sites/rotani/wp-includes/plugin.php(517): WP_Hook->do_action(Array)
#10 /Users/duhotavlad/Sites/rotani/wp-includes/template-loader.php(13): do_action('template_redire...')
#11 /Users/duhotavlad/Sites/rotani/wp-blog-header.php(19): require_once('/Users/duhotavl...')
#12 /Users/duhotavlad/Sites/rotani/index.php(17): require('/Users/duhotavl...')
#13 {main}
  thrown in /Users/duhotavlad/Sites/rotani/wp-content/themes/rotani/functions.php on line 332

2023-03-30T11:52:39+00:00 CRITICAL Uncaught ArgumentCountError: Too few arguments to function allowed_products_variation_in_the_cart(), 3 passed in /Users/duhotavlad/Sites/rotani/wp-includes/class-wp-hook.php on line 308 and exactly 5 expected in /Users/duhotavlad/Sites/rotani/wp-content/themes/rotani/functions.php:332
Stack trace:
#0 /Users/duhotavlad/Sites/rotani/wp-includes/class-wp-hook.php(308): allowed_products_variation_in_the_cart(true, 26, 1)
#1 /Users/duhotavlad/Sites/rotani/wp-includes/plugin.php(205): WP_Hook->apply_filters(true, Array)
#2 /Users/duhotavlad/Sites/rotani/wp-content/plugins/woocommerce/includes/class-wc-ajax.php(426): apply_filters('woocommerce_add...', true, 26, 1)
#3 /Users/duhotavlad/Sites/rotani/wp-includes/class-wp-hook.php(308): WC_AJAX::add_to_cart('')
#4 /Users/duhotavlad/Sites/rotani/wp-includes/class-wp-hook.php(332): WP_Hook->apply_filters('', Array)
#5 /Users/duhotavlad/Sites/rotani/wp-includes/plugin.php(517): WP_Hook->do_action(Array)
#6 /Users/duhotavlad/Sites/rotani/wp-content/plugins/woocommerce/includes/class-wc-ajax.php(94): do_action('wc_ajax_add_to_...')
#7 /Users/duhotavlad/Sites/rotani/wp-includes/class-wp-hook.php(308): WC_AJAX::do_wc_ajax('')
#8 /Users/duhotavlad/Sites/rotani/wp-includes/class-wp-hook.php(332): WP_Hook->apply_filters(false, Array)
#9 /Users/duhotavlad/Sites/rotani/wp-includes/plugin.php(517): WP_Hook->do_action(Array)
#10 /Users/duhotavlad/Sites/rotani/wp-includes/template-loader.php(13): do_action('template_redire...')
#11 /Users/duhotavlad/Sites/rotani/wp-blog-header.php(19): require_once('/Users/duhotavl...')
#12 /Users/duhotavlad/Sites/rotani/index.php(17): require('/Users/duhotavl...')
#13 {main}
  thrown in /Users/duhotavlad/Sites/rotani/wp-content/themes/rotani/functions.php on line 332

2023-03-30T11:52:49+00:00 CRITICAL Uncaught ArgumentCountError: Too few arguments to function allowed_products_variation_in_the_cart(), 3 passed in /Users/duhotavlad/Sites/rotani/wp-includes/class-wp-hook.php on line 308 and exactly 5 expected in /Users/duhotavlad/Sites/rotani/wp-content/themes/rotani/functions.php:332
Stack trace:
#0 /Users/duhotavlad/Sites/rotani/wp-includes/class-wp-hook.php(308): allowed_products_variation_in_the_cart(true, 17, 1)
#1 /Users/duhotavlad/Sites/rotani/wp-includes/plugin.php(205): WP_Hook->apply_filters(true, Array)
#2 /Users/duhotavlad/Sites/rotani/wp-content/plugins/woocommerce/includes/class-wc-ajax.php(426): apply_filters('woocommerce_add...', true, 17, 1)
#3 /Users/duhotavlad/Sites/rotani/wp-includes/class-wp-hook.php(308): WC_AJAX::add_to_cart('')
#4 /Users/duhotavlad/Sites/rotani/wp-includes/class-wp-hook.php(332): WP_Hook->apply_filters('', Array)
#5 /Users/duhotavlad/Sites/rotani/wp-includes/plugin.php(517): WP_Hook->do_action(Array)
#6 /Users/duhotavlad/Sites/rotani/wp-content/plugins/woocommerce/includes/class-wc-ajax.php(94): do_action('wc_ajax_add_to_...')
#7 /Users/duhotavlad/Sites/rotani/wp-includes/class-wp-hook.php(308): WC_AJAX::do_wc_ajax('')
#8 /Users/duhotavlad/Sites/rotani/wp-includes/class-wp-hook.php(332): WP_Hook->apply_filters(false, Array)
#9 /Users/duhotavlad/Sites/rotani/wp-includes/plugin.php(517): WP_Hook->do_action(Array)
#10 /Users/duhotavlad/Sites/rotani/wp-includes/template-loader.php(13): do_action('template_redire...')
#11 /Users/duhotavlad/Sites/rotani/wp-blog-header.php(19): require_once('/Users/duhotavl...')
#12 /Users/duhotavlad/Sites/rotani/index.php(17): require('/Users/duhotavl...')
#13 {main}
  thrown in /Users/duhotavlad/Sites/rotani/wp-content/themes/rotani/functions.php on line 332

2023-03-30T11:53:26+00:00 CRITICAL Uncaught ArgumentCountError: Too few arguments to function allowed_products_variation_in_the_cart(), 3 passed in /Users/duhotavlad/Sites/rotani/wp-includes/class-wp-hook.php on line 308 and exactly 5 expected in /Users/duhotavlad/Sites/rotani/wp-content/themes/rotani/functions.php:332
Stack trace:
#0 /Users/duhotavlad/Sites/rotani/wp-includes/class-wp-hook.php(308): allowed_products_variation_in_the_cart(true, 17, 1)
#1 /Users/duhotavlad/Sites/rotani/wp-includes/plugin.php(205): WP_Hook->apply_filters(true, Array)
#2 /Users/duhotavlad/Sites/rotani/wp-content/plugins/woocommerce/includes/class-wc-ajax.php(426): apply_filters('woocommerce_add...', true, 17, 1)
#3 /Users/duhotavlad/Sites/rotani/wp-includes/class-wp-hook.php(308): WC_AJAX::add_to_cart('')
#4 /Users/duhotavlad/Sites/rotani/wp-includes/class-wp-hook.php(332): WP_Hook->apply_filters('', Array)
#5 /Users/duhotavlad/Sites/rotani/wp-includes/plugin.php(517): WP_Hook->do_action(Array)
#6 /Users/duhotavlad/Sites/rotani/wp-content/plugins/woocommerce/includes/class-wc-ajax.php(94): do_action('wc_ajax_add_to_...')
#7 /Users/duhotavlad/Sites/rotani/wp-includes/class-wp-hook.php(308): WC_AJAX::do_wc_ajax('')
#8 /Users/duhotavlad/Sites/rotani/wp-includes/class-wp-hook.php(332): WP_Hook->apply_filters(false, Array)
#9 /Users/duhotavlad/Sites/rotani/wp-includes/plugin.php(517): WP_Hook->do_action(Array)
#10 /Users/duhotavlad/Sites/rotani/wp-includes/template-loader.php(13): do_action('template_redire...')
#11 /Users/duhotavlad/Sites/rotani/wp-blog-header.php(19): require_once('/Users/duhotavl...')
#12 /Users/duhotavlad/Sites/rotani/index.php(17): require('/Users/duhotavl...')
#13 {main}
  thrown in /Users/duhotavlad/Sites/rotani/wp-content/themes/rotani/functions.php on line 332

2023-03-30T11:53:30+00:00 CRITICAL Uncaught ArgumentCountError: Too few arguments to function allowed_products_variation_in_the_cart(), 3 passed in /Users/duhotavlad/Sites/rotani/wp-includes/class-wp-hook.php on line 308 and exactly 5 expected in /Users/duhotavlad/Sites/rotani/wp-content/themes/rotani/functions.php:332
Stack trace:
#0 /Users/duhotavlad/Sites/rotani/wp-includes/class-wp-hook.php(308): allowed_products_variation_in_the_cart(true, 26, 1)
#1 /Users/duhotavlad/Sites/rotani/wp-includes/plugin.php(205): WP_Hook->apply_filters(true, Array)
#2 /Users/duhotavlad/Sites/rotani/wp-content/plugins/woocommerce/includes/class-wc-ajax.php(426): apply_filters('woocommerce_add...', true, 26, 1)
#3 /Users/duhotavlad/Sites/rotani/wp-includes/class-wp-hook.php(308): WC_AJAX::add_to_cart('')
#4 /Users/duhotavlad/Sites/rotani/wp-includes/class-wp-hook.php(332): WP_Hook->apply_filters('', Array)
#5 /Users/duhotavlad/Sites/rotani/wp-includes/plugin.php(517): WP_Hook->do_action(Array)
#6 /Users/duhotavlad/Sites/rotani/wp-content/plugins/woocommerce/includes/class-wc-ajax.php(94): do_action('wc_ajax_add_to_...')
#7 /Users/duhotavlad/Sites/rotani/wp-includes/class-wp-hook.php(308): WC_AJAX::do_wc_ajax('')
#8 /Users/duhotavlad/Sites/rotani/wp-includes/class-wp-hook.php(332): WP_Hook->apply_filters(false, Array)
#9 /Users/duhotavlad/Sites/rotani/wp-includes/plugin.php(517): WP_Hook->do_action(Array)
#10 /Users/duhotavlad/Sites/rotani/wp-includes/template-loader.php(13): do_action('template_redire...')
#11 /Users/duhotavlad/Sites/rotani/wp-blog-header.php(19): require_once('/Users/duhotavl...')
#12 /Users/duhotavlad/Sites/rotani/index.php(17): require('/Users/duhotavl...')
#13 {main}
  thrown in /Users/duhotavlad/Sites/rotani/wp-content/themes/rotani/functions.php on line 332

2023-03-30T11:53:45+00:00 CRITICAL Uncaught ArgumentCountError: Too few arguments to function allowed_products_variation_in_the_cart(), 3 passed in /Users/duhotavlad/Sites/rotani/wp-includes/class-wp-hook.php on line 308 and exactly 5 expected in /Users/duhotavlad/Sites/rotani/wp-content/themes/rotani/functions.php:332
Stack trace:
#0 /Users/duhotavlad/Sites/rotani/wp-includes/class-wp-hook.php(308): allowed_products_variation_in_the_cart(true, 17, 1)
#1 /Users/duhotavlad/Sites/rotani/wp-includes/plugin.php(205): WP_Hook->apply_filters(true, Array)
#2 /Users/duhotavlad/Sites/rotani/wp-content/plugins/woocommerce/includes/class-wc-ajax.php(426): apply_filters('woocommerce_add...', true, 17, 1)
#3 /Users/duhotavlad/Sites/rotani/wp-includes/class-wp-hook.php(308): WC_AJAX::add_to_cart('')
#4 /Users/duhotavlad/Sites/rotani/wp-includes/class-wp-hook.php(332): WP_Hook->apply_filters('', Array)
#5 /Users/duhotavlad/Sites/rotani/wp-includes/plugin.php(517): WP_Hook->do_action(Array)
#6 /Users/duhotavlad/Sites/rotani/wp-content/plugins/woocommerce/includes/class-wc-ajax.php(94): do_action('wc_ajax_add_to_...')
#7 /Users/duhotavlad/Sites/rotani/wp-includes/class-wp-hook.php(308): WC_AJAX::do_wc_ajax('')
#8 /Users/duhotavlad/Sites/rotani/wp-includes/class-wp-hook.php(332): WP_Hook->apply_filters(false, Array)
#9 /Users/duhotavlad/Sites/rotani/wp-includes/plugin.php(517): WP_Hook->do_action(Array)
#10 /Users/duhotavlad/Sites/rotani/wp-includes/template-loader.php(13): do_action('template_redire...')
#11 /Users/duhotavlad/Sites/rotani/wp-blog-header.php(19): require_once('/Users/duhotavl...')
#12 /Users/duhotavlad/Sites/rotani/index.php(17): require('/Users/duhotavl...')
#13 {main}
  thrown in /Users/duhotavlad/Sites/rotani/wp-content/themes/rotani/functions.php on line 332

2023-03-30T12:03:11+00:00 CRITICAL Uncaught ArgumentCountError: Too few arguments to function allowed_products_variation_in_the_cart(), 3 passed in /Users/duhotavlad/Sites/rotani/wp-includes/class-wp-hook.php on line 308 and exactly 5 expected in /Users/duhotavlad/Sites/rotani/wp-content/themes/rotani/functions.php:332
Stack trace:
#0 /Users/duhotavlad/Sites/rotani/wp-includes/class-wp-hook.php(308): allowed_products_variation_in_the_cart(true, 26, 1)
#1 /Users/duhotavlad/Sites/rotani/wp-includes/plugin.php(205): WP_Hook->apply_filters(true, Array)
#2 /Users/duhotavlad/Sites/rotani/wp-content/plugins/woocommerce/includes/class-wc-ajax.php(426): apply_filters('woocommerce_add...', true, 26, 1)
#3 /Users/duhotavlad/Sites/rotani/wp-includes/class-wp-hook.php(308): WC_AJAX::add_to_cart('')
#4 /Users/duhotavlad/Sites/rotani/wp-includes/class-wp-hook.php(332): WP_Hook->apply_filters('', Array)
#5 /Users/duhotavlad/Sites/rotani/wp-includes/plugin.php(517): WP_Hook->do_action(Array)
#6 /Users/duhotavlad/Sites/rotani/wp-content/plugins/woocommerce/includes/class-wc-ajax.php(94): do_action('wc_ajax_add_to_...')
#7 /Users/duhotavlad/Sites/rotani/wp-includes/class-wp-hook.php(308): WC_AJAX::do_wc_ajax('')
#8 /Users/duhotavlad/Sites/rotani/wp-includes/class-wp-hook.php(332): WP_Hook->apply_filters(false, Array)
#9 /Users/duhotavlad/Sites/rotani/wp-includes/plugin.php(517): WP_Hook->do_action(Array)
#10 /Users/duhotavlad/Sites/rotani/wp-includes/template-loader.php(13): do_action('template_redire...')
#11 /Users/duhotavlad/Sites/rotani/wp-blog-header.php(19): require_once('/Users/duhotavl...')
#12 /Users/duhotavlad/Sites/rotani/index.php(17): require('/Users/duhotavl...')
#13 {main}
  thrown in /Users/duhotavlad/Sites/rotani/wp-content/themes/rotani/functions.php on line 332

