2023-04-04T13:09:46+00:00 CRITICAL Uncaught Error: Call to undefined method stdClass::url() in /Users/duhotavlad/Sites/rotani/wp-content/themes/rotani/woocommerce/cart/cart-totals.php:185
Stack trace:
#0 /Users/duhotavlad/Sites/rotani/wp-content/plugins/woocommerce/includes/wc-core-functions.php(345): include()
#1 /Users/duhotavlad/Sites/rotani/wp-content/plugins/woocommerce/includes/wc-template-functions.php(2160): wc_get_template('cart/cart-total...')
#2 /Users/duhotavlad/Sites/rotani/wp-includes/class-wp-hook.php(308): woocommerce_cart_totals('')
#3 /Users/duhotavlad/Sites/rotani/wp-includes/class-wp-hook.php(332): WP_Hook->apply_filters(NULL, Array)
#4 /Users/duhotavlad/Sites/rotani/wp-includes/plugin.php(517): WP_Hook->do_action(Array)
#5 /Users/duhotavlad/Sites/rotani/wp-content/themes/rotani/woocommerce/cart/cart.php(148): do_action('woocommerce_car...')
#6 /Users/duhotavlad/Sites/rotani/wp-content/plugins/woocommerce/includes/wc-core-functions.php(345): include('/Users/duhotavl...')
#7 /Users/duhotavlad/Sites/rotani/wp-content/plugins/woocommerce/includes/shortcodes/class-wc-shortcode-cart.php(99): wc_get_template('cart/cart.php')
#8 /Users/duhotavlad/Sites/rotani/wp-content/plugins/woocommerce/includes/class-wc-shortcodes.php(72): WC_Shortcode_Cart::output(Array)
#9 /Users/duhotavlad/Sites/rotani/wp-content/plugins/woocommerce/includes/class-wc-shortcodes.php(85): WC_Shortcodes::shortcode_wrapper(Array)
#10 /Users/duhotavlad/Sites/rotani/wp-includes/shortcodes.php(355): WC_Shortcodes::cart('', '', 'woocommerce_car...')
#11 [internal function]: do_shortcode_tag(Array)
#12 /Users/duhotavlad/Sites/rotani/wp-includes/shortcodes.php(227): preg_replace_callback('/\\[(\\[?)(woocom...', 'do_shortcode_ta...', '[woocommerce_ca...')
#13 /Users/duhotavlad/Sites/rotani/wp-includes/class-wp-hook.php(308): do_shortcode('[woocommerce_ca...')
#14 /Users/duhotavlad/Sites/rotani/wp-includes/plugin.php(205): WP_Hook->apply_filters('[woocommerce_ca...', Array)
#15 /Users/duhotavlad/Sites/rotani/wp-includes/post-template.php(255): apply_filters('the_content', '<!-- wp:shortco...')
#16 /Users/duhotavlad/Sites/rotani/wp-content/themes/rotani/index.php(4): the_content()
#17 /Users/duhotavlad/Sites/rotani/wp-includes/template-loader.php(106): include('/Users/duhotavl...')
#18 /Users/duhotavlad/Sites/rotani/wp-blog-header.php(19): require_once('/Users/duhotavl...')
#19 /Users/duhotavlad/Sites/rotani/index.php(17): require('/Users/duhotavl...')
#20 {main}
  thrown in /Users/duhotavlad/Sites/rotani/wp-content/themes/rotani/woocommerce/cart/cart-totals.php on line 185

2023-04-04T13:10:17+00:00 CRITICAL Uncaught Error: Cannot use object of type stdClass as array in /Users/duhotavlad/Sites/rotani/wp-content/themes/rotani/woocommerce/cart/cart-totals.php:185
Stack trace:
#0 /Users/duhotavlad/Sites/rotani/wp-content/plugins/woocommerce/includes/wc-core-functions.php(345): include()
#1 /Users/duhotavlad/Sites/rotani/wp-content/plugins/woocommerce/includes/wc-template-functions.php(2160): wc_get_template('cart/cart-total...')
#2 /Users/duhotavlad/Sites/rotani/wp-includes/class-wp-hook.php(308): woocommerce_cart_totals('')
#3 /Users/duhotavlad/Sites/rotani/wp-includes/class-wp-hook.php(332): WP_Hook->apply_filters(NULL, Array)
#4 /Users/duhotavlad/Sites/rotani/wp-includes/plugin.php(517): WP_Hook->do_action(Array)
#5 /Users/duhotavlad/Sites/rotani/wp-content/themes/rotani/woocommerce/cart/cart.php(148): do_action('woocommerce_car...')
#6 /Users/duhotavlad/Sites/rotani/wp-content/plugins/woocommerce/includes/wc-core-functions.php(345): include('/Users/duhotavl...')
#7 /Users/duhotavlad/Sites/rotani/wp-content/plugins/woocommerce/includes/shortcodes/class-wc-shortcode-cart.php(99): wc_get_template('cart/cart.php')
#8 /Users/duhotavlad/Sites/rotani/wp-content/plugins/woocommerce/includes/class-wc-shortcodes.php(72): WC_Shortcode_Cart::output(Array)
#9 /Users/duhotavlad/Sites/rotani/wp-content/plugins/woocommerce/includes/class-wc-shortcodes.php(85): WC_Shortcodes::shortcode_wrapper(Array)
#10 /Users/duhotavlad/Sites/rotani/wp-includes/shortcodes.php(355): WC_Shortcodes::cart('', '', 'woocommerce_car...')
#11 [internal function]: do_shortcode_tag(Array)
#12 /Users/duhotavlad/Sites/rotani/wp-includes/shortcodes.php(227): preg_replace_callback('/\\[(\\[?)(woocom...', 'do_shortcode_ta...', '[woocommerce_ca...')
#13 /Users/duhotavlad/Sites/rotani/wp-includes/class-wp-hook.php(308): do_shortcode('[woocommerce_ca...')
#14 /Users/duhotavlad/Sites/rotani/wp-includes/plugin.php(205): WP_Hook->apply_filters('[woocommerce_ca...', Array)
#15 /Users/duhotavlad/Sites/rotani/wp-includes/post-template.php(255): apply_filters('the_content', '<!-- wp:shortco...')
#16 /Users/duhotavlad/Sites/rotani/wp-content/themes/rotani/index.php(4): the_content()
#17 /Users/duhotavlad/Sites/rotani/wp-includes/template-loader.php(106): include('/Users/duhotavl...')
#18 /Users/duhotavlad/Sites/rotani/wp-blog-header.php(19): require_once('/Users/duhotavl...')
#19 /Users/duhotavlad/Sites/rotani/index.php(17): require('/Users/duhotavl...')
#20 {main}
  thrown in /Users/duhotavlad/Sites/rotani/wp-content/themes/rotani/woocommerce/cart/cart-totals.php on line 185

2023-04-04T13:28:45+00:00 CRITICAL syntax error, unexpected token "foreach" in /Users/duhotavlad/Sites/rotani/wp-content/themes/rotani/woocommerce/cart/cart-totals.php on line 111

2023-04-04T13:28:55+00:00 CRITICAL syntax error, unexpected token "." in /Users/duhotavlad/Sites/rotani/wp-content/themes/rotani/woocommerce/cart/cart-totals.php on line 131

2023-04-04T13:29:50+00:00 CRITICAL syntax error, unexpected token "." in /Users/duhotavlad/Sites/rotani/wp-content/themes/rotani/woocommerce/cart/cart-totals.php on line 131

2023-04-04T13:31:08+00:00 CRITICAL syntax error, unexpected token "." in /Users/duhotavlad/Sites/rotani/wp-content/themes/rotani/woocommerce/cart/cart-totals.php on line 131

2023-04-04T13:32:04+00:00 CRITICAL syntax error, unexpected token "\" in /Users/duhotavlad/Sites/rotani/wp-content/themes/rotani/woocommerce/cart/cart-totals.php on line 131

2023-04-04T13:32:12+00:00 CRITICAL syntax error, unexpected token "\" in /Users/duhotavlad/Sites/rotani/wp-content/themes/rotani/woocommerce/cart/cart-totals.php on line 131

2023-04-04T13:33:22+00:00 CRITICAL syntax error, unexpected token "echo" in /Users/duhotavlad/Sites/rotani/wp-content/themes/rotani/woocommerce/cart/cart-totals.php on line 155

2023-04-04T13:40:21+00:00 CRITICAL syntax error, unexpected token "{" in /Users/duhotavlad/Sites/rotani/wp-content/themes/rotani/woocommerce/cart/cart-totals.php on line 171

2023-04-04T13:41:16+00:00 CRITICAL syntax error, unexpected token "{" in /Users/duhotavlad/Sites/rotani/wp-content/themes/rotani/woocommerce/cart/cart-totals.php on line 171

2023-04-04T13:41:55+00:00 CRITICAL syntax error, unexpected token "{", expecting "]" in /Users/duhotavlad/Sites/rotani/wp-content/themes/rotani/woocommerce/cart/cart-totals.php on line 204

2023-04-04T13:46:12+00:00 CRITICAL Invalid body indentation level (expecting an indentation level of at least 1) in /Users/duhotavlad/Sites/rotani/wp-content/themes/rotani/woocommerce/cart/cart-totals.php on line 171

2023-04-04T13:50:06+00:00 CRITICAL Invalid body indentation level (expecting an indentation level of at least 1) in /Users/duhotavlad/Sites/rotani/wp-content/themes/rotani/woocommerce/cart/cart-totals.php on line 171

2023-04-04T13:56:18+00:00 CRITICAL syntax error, unexpected token "<<" in /Users/duhotavlad/Sites/rotani/wp-content/themes/rotani/woocommerce/cart/cart-totals.php on line 110

2023-04-04T13:57:59+00:00 CRITICAL syntax error, unexpected token "<<" in /Users/duhotavlad/Sites/rotani/wp-content/themes/rotani/woocommerce/cart/cart-totals.php on line 110

