2023-04-03T16:28:14+00:00 CRITICAL Uncaught TypeError: array_filter(): Argument #1 ($array) must be of type array, null given in /Users/duhotavlad/Sites/rotani/wp-content/plugins/woocommerce/packages/woocommerce-blocks/src/Shipping/ShippingController.php:341
Stack trace:
#0 /Users/duhotavlad/Sites/rotani/wp-content/plugins/woocommerce/packages/woocommerce-blocks/src/Shipping/ShippingController.php(341): array_filter(NULL, Object(Closure))
#1 [internal function]: Automattic\WooCommerce\Blocks\Shipping\ShippingController->Automattic\WooCommerce\Blocks\Shipping\{closure}(Array)
#2 /Users/duhotavlad/Sites/rotani/wp-content/plugins/woocommerce/packages/woocommerce-blocks/src/Shipping/ShippingController.php(336): array_map(Object(Closure), Array)
#3 /Users/duhotavlad/Sites/rotani/wp-includes/class-wp-hook.php(308): Automattic\WooCommerce\Blocks\Shipping\ShippingController->filter_shipping_packages(Array)
#4 /Users/duhotavlad/Sites/rotani/wp-includes/plugin.php(205): WP_Hook->apply_filters(Array, Array)
#5 /Users/duhotavlad/Sites/rotani/wp-content/plugins/woocommerce/includes/class-wc-shipping.php(274): apply_filters('woocommerce_shi...', Array)
#6 /Users/duhotavlad/Sites/rotani/wp-content/plugins/woocommerce/includes/class-wc-cart.php(1423): WC_Shipping->calculate_shipping(Array)
#7 /Users/duhotavlad/Sites/rotani/wp-content/plugins/woocommerce/includes/class-wc-cart-totals.php(339): WC_Cart->calculate_shipping()
#8 /Users/duhotavlad/Sites/rotani/wp-content/plugins/woocommerce/includes/class-wc-cart-totals.php(850): WC_Cart_Totals->get_shipping_from_cart()
#9 /Users/duhotavlad/Sites/rotani/wp-content/plugins/woocommerce/includes/class-wc-cart-totals.php(144): WC_Cart_Totals->calculate_shipping_totals()
#10 /Users/duhotavlad/Sites/rotani/wp-content/plugins/woocommerce/includes/class-wc-cart-totals.php(134): WC_Cart_Totals->calculate()
#11 /Users/duhotavlad/Sites/rotani/wp-content/plugins/woocommerce/includes/class-wc-cart.php(1401): WC_Cart_Totals->__construct(Object(WC_Cart))
#12 /Users/duhotavlad/Sites/rotani/wp-content/plugins/woocommerce/includes/shortcodes/class-wc-shortcode-cart.php(94): WC_Cart->calculate_totals()
#13 /Users/duhotavlad/Sites/rotani/wp-content/plugins/woocommerce/includes/class-wc-shortcodes.php(72): WC_Shortcode_Cart::output(Array)
#14 /Users/duhotavlad/Sites/rotani/wp-content/plugins/woocommerce/includes/class-wc-shortcodes.php(85): WC_Shortcodes::shortcode_wrapper(Array)
#15 /Users/duhotavlad/Sites/rotani/wp-includes/shortcodes.php(355): WC_Shortcodes::cart('', '', 'woocommerce_car...')
#16 [internal function]: do_shortcode_tag(Array)
#17 /Users/duhotavlad/Sites/rotani/wp-includes/shortcodes.php(227): preg_replace_callback('/\\[(\\[?)(woocom...', 'do_shortcode_ta...', '[woocommerce_ca...')
#18 /Users/duhotavlad/Sites/rotani/wp-includes/class-wp-hook.php(308): do_shortcode('[woocommerce_ca...')
#19 /Users/duhotavlad/Sites/rotani/wp-includes/plugin.php(205): WP_Hook->apply_filters('[woocommerce_ca...', Array)
#20 /Users/duhotavlad/Sites/rotani/wp-includes/post-template.php(255): apply_filters('the_content', '<!-- wp:shortco...')
#21 /Users/duhotavlad/Sites/rotani/wp-content/themes/rotani/index.php(4): the_content()
#22 /Users/duhotavlad/Sites/rotani/wp-includes/template-loader.php(106): include('/Users/duhotavl...')
#23 /Users/duhotavlad/Sites/rotani/wp-blog-header.php(19): require_once('/Users/duhotavl...')
#24 /Users/duhotavlad/Sites/rotani/index.php(17): require('/Users/duhotavl...')
#25 {main}
  thrown in /Users/duhotavlad/Sites/rotani/wp-content/plugins/woocommerce/packages/woocommerce-blocks/src/Shipping/ShippingController.php on line 341

2023-04-03T16:29:06+00:00 CRITICAL Uncaught TypeError: array_filter(): Argument #1 ($array) must be of type array, null given in /Users/duhotavlad/Sites/rotani/wp-content/plugins/woocommerce/packages/woocommerce-blocks/src/Shipping/ShippingController.php:341
Stack trace:
#0 /Users/duhotavlad/Sites/rotani/wp-content/plugins/woocommerce/packages/woocommerce-blocks/src/Shipping/ShippingController.php(341): array_filter(NULL, Object(Closure))
#1 [internal function]: Automattic\WooCommerce\Blocks\Shipping\ShippingController->Automattic\WooCommerce\Blocks\Shipping\{closure}(Array)
#2 /Users/duhotavlad/Sites/rotani/wp-content/plugins/woocommerce/packages/woocommerce-blocks/src/Shipping/ShippingController.php(336): array_map(Object(Closure), Array)
#3 /Users/duhotavlad/Sites/rotani/wp-includes/class-wp-hook.php(308): Automattic\WooCommerce\Blocks\Shipping\ShippingController->filter_shipping_packages(Array)
#4 /Users/duhotavlad/Sites/rotani/wp-includes/plugin.php(205): WP_Hook->apply_filters(Array, Array)
#5 /Users/duhotavlad/Sites/rotani/wp-content/plugins/woocommerce/includes/class-wc-shipping.php(274): apply_filters('woocommerce_shi...', Array)
#6 /Users/duhotavlad/Sites/rotani/wp-content/plugins/woocommerce/includes/class-wc-cart.php(1423): WC_Shipping->calculate_shipping(Array)
#7 /Users/duhotavlad/Sites/rotani/wp-content/plugins/woocommerce/includes/class-wc-cart-totals.php(339): WC_Cart->calculate_shipping()
#8 /Users/duhotavlad/Sites/rotani/wp-content/plugins/woocommerce/includes/class-wc-cart-totals.php(850): WC_Cart_Totals->get_shipping_from_cart()
#9 /Users/duhotavlad/Sites/rotani/wp-content/plugins/woocommerce/includes/class-wc-cart-totals.php(144): WC_Cart_Totals->calculate_shipping_totals()
#10 /Users/duhotavlad/Sites/rotani/wp-content/plugins/woocommerce/includes/class-wc-cart-totals.php(134): WC_Cart_Totals->calculate()
#11 /Users/duhotavlad/Sites/rotani/wp-content/plugins/woocommerce/includes/class-wc-cart.php(1401): WC_Cart_Totals->__construct(Object(WC_Cart))
#12 /Users/duhotavlad/Sites/rotani/wp-content/plugins/woocommerce/includes/shortcodes/class-wc-shortcode-cart.php(94): WC_Cart->calculate_totals()
#13 /Users/duhotavlad/Sites/rotani/wp-content/plugins/woocommerce/includes/class-wc-shortcodes.php(72): WC_Shortcode_Cart::output(Array)
#14 /Users/duhotavlad/Sites/rotani/wp-content/plugins/woocommerce/includes/class-wc-shortcodes.php(85): WC_Shortcodes::shortcode_wrapper(Array)
#15 /Users/duhotavlad/Sites/rotani/wp-includes/shortcodes.php(355): WC_Shortcodes::cart('', '', 'woocommerce_car...')
#16 [internal function]: do_shortcode_tag(Array)
#17 /Users/duhotavlad/Sites/rotani/wp-includes/shortcodes.php(227): preg_replace_callback('/\\[(\\[?)(woocom...', 'do_shortcode_ta...', '[woocommerce_ca...')
#18 /Users/duhotavlad/Sites/rotani/wp-includes/class-wp-hook.php(308): do_shortcode('[woocommerce_ca...')
#19 /Users/duhotavlad/Sites/rotani/wp-includes/plugin.php(205): WP_Hook->apply_filters('[woocommerce_ca...', Array)
#20 /Users/duhotavlad/Sites/rotani/wp-includes/post-template.php(255): apply_filters('the_content', '<!-- wp:shortco...')
#21 /Users/duhotavlad/Sites/rotani/wp-content/themes/rotani/index.php(4): the_content()
#22 /Users/duhotavlad/Sites/rotani/wp-includes/template-loader.php(106): include('/Users/duhotavl...')
#23 /Users/duhotavlad/Sites/rotani/wp-blog-header.php(19): require_once('/Users/duhotavl...')
#24 /Users/duhotavlad/Sites/rotani/index.php(17): require('/Users/duhotavl...')
#25 {main}
  thrown in /Users/duhotavlad/Sites/rotani/wp-content/plugins/woocommerce/packages/woocommerce-blocks/src/Shipping/ShippingController.php on line 341

2023-04-03T16:29:08+00:00 CRITICAL Uncaught TypeError: array_filter(): Argument #1 ($array) must be of type array, null given in /Users/duhotavlad/Sites/rotani/wp-content/plugins/woocommerce/packages/woocommerce-blocks/src/Shipping/ShippingController.php:341
Stack trace:
#0 /Users/duhotavlad/Sites/rotani/wp-content/plugins/woocommerce/packages/woocommerce-blocks/src/Shipping/ShippingController.php(341): array_filter(NULL, Object(Closure))
#1 [internal function]: Automattic\WooCommerce\Blocks\Shipping\ShippingController->Automattic\WooCommerce\Blocks\Shipping\{closure}(Array)
#2 /Users/duhotavlad/Sites/rotani/wp-content/plugins/woocommerce/packages/woocommerce-blocks/src/Shipping/ShippingController.php(336): array_map(Object(Closure), Array)
#3 /Users/duhotavlad/Sites/rotani/wp-includes/class-wp-hook.php(308): Automattic\WooCommerce\Blocks\Shipping\ShippingController->filter_shipping_packages(Array)
#4 /Users/duhotavlad/Sites/rotani/wp-includes/plugin.php(205): WP_Hook->apply_filters(Array, Array)
#5 /Users/duhotavlad/Sites/rotani/wp-content/plugins/woocommerce/includes/class-wc-shipping.php(274): apply_filters('woocommerce_shi...', Array)
#6 /Users/duhotavlad/Sites/rotani/wp-content/plugins/woocommerce/includes/class-wc-cart.php(1423): WC_Shipping->calculate_shipping(Array)
#7 /Users/duhotavlad/Sites/rotani/wp-content/plugins/woocommerce/includes/class-wc-cart-totals.php(339): WC_Cart->calculate_shipping()
#8 /Users/duhotavlad/Sites/rotani/wp-content/plugins/woocommerce/includes/class-wc-cart-totals.php(850): WC_Cart_Totals->get_shipping_from_cart()
#9 /Users/duhotavlad/Sites/rotani/wp-content/plugins/woocommerce/includes/class-wc-cart-totals.php(144): WC_Cart_Totals->calculate_shipping_totals()
#10 /Users/duhotavlad/Sites/rotani/wp-content/plugins/woocommerce/includes/class-wc-cart-totals.php(134): WC_Cart_Totals->calculate()
#11 /Users/duhotavlad/Sites/rotani/wp-content/plugins/woocommerce/includes/class-wc-cart.php(1401): WC_Cart_Totals->__construct(Object(WC_Cart))
#12 /Users/duhotavlad/Sites/rotani/wp-content/plugins/woocommerce/includes/shortcodes/class-wc-shortcode-cart.php(94): WC_Cart->calculate_totals()
#13 /Users/duhotavlad/Sites/rotani/wp-content/plugins/woocommerce/includes/class-wc-shortcodes.php(72): WC_Shortcode_Cart::output(Array)
#14 /Users/duhotavlad/Sites/rotani/wp-content/plugins/woocommerce/includes/class-wc-shortcodes.php(85): WC_Shortcodes::shortcode_wrapper(Array)
#15 /Users/duhotavlad/Sites/rotani/wp-includes/shortcodes.php(355): WC_Shortcodes::cart('', '', 'woocommerce_car...')
#16 [internal function]: do_shortcode_tag(Array)
#17 /Users/duhotavlad/Sites/rotani/wp-includes/shortcodes.php(227): preg_replace_callback('/\\[(\\[?)(woocom...', 'do_shortcode_ta...', '[woocommerce_ca...')
#18 /Users/duhotavlad/Sites/rotani/wp-includes/class-wp-hook.php(308): do_shortcode('[woocommerce_ca...')
#19 /Users/duhotavlad/Sites/rotani/wp-includes/plugin.php(205): WP_Hook->apply_filters('[woocommerce_ca...', Array)
#20 /Users/duhotavlad/Sites/rotani/wp-includes/post-template.php(255): apply_filters('the_content', '<!-- wp:shortco...')
#21 /Users/duhotavlad/Sites/rotani/wp-content/themes/rotani/index.php(4): the_content()
#22 /Users/duhotavlad/Sites/rotani/wp-includes/template-loader.php(106): include('/Users/duhotavl...')
#23 /Users/duhotavlad/Sites/rotani/wp-blog-header.php(19): require_once('/Users/duhotavl...')
#24 /Users/duhotavlad/Sites/rotani/index.php(17): require('/Users/duhotavl...')
#25 {main}
  thrown in /Users/duhotavlad/Sites/rotani/wp-content/plugins/woocommerce/packages/woocommerce-blocks/src/Shipping/ShippingController.php on line 341

2023-04-03T16:29:11+00:00 CRITICAL Uncaught TypeError: array_filter(): Argument #1 ($array) must be of type array, null given in /Users/duhotavlad/Sites/rotani/wp-content/plugins/woocommerce/packages/woocommerce-blocks/src/Shipping/ShippingController.php:341
Stack trace:
#0 /Users/duhotavlad/Sites/rotani/wp-content/plugins/woocommerce/packages/woocommerce-blocks/src/Shipping/ShippingController.php(341): array_filter(NULL, Object(Closure))
#1 [internal function]: Automattic\WooCommerce\Blocks\Shipping\ShippingController->Automattic\WooCommerce\Blocks\Shipping\{closure}(Array)
#2 /Users/duhotavlad/Sites/rotani/wp-content/plugins/woocommerce/packages/woocommerce-blocks/src/Shipping/ShippingController.php(336): array_map(Object(Closure), Array)
#3 /Users/duhotavlad/Sites/rotani/wp-includes/class-wp-hook.php(308): Automattic\WooCommerce\Blocks\Shipping\ShippingController->filter_shipping_packages(Array)
#4 /Users/duhotavlad/Sites/rotani/wp-includes/plugin.php(205): WP_Hook->apply_filters(Array, Array)
#5 /Users/duhotavlad/Sites/rotani/wp-content/plugins/woocommerce/includes/class-wc-shipping.php(274): apply_filters('woocommerce_shi...', Array)
#6 /Users/duhotavlad/Sites/rotani/wp-content/plugins/woocommerce/includes/class-wc-cart.php(1423): WC_Shipping->calculate_shipping(Array)
#7 /Users/duhotavlad/Sites/rotani/wp-content/plugins/woocommerce/includes/class-wc-cart-totals.php(339): WC_Cart->calculate_shipping()
#8 /Users/duhotavlad/Sites/rotani/wp-content/plugins/woocommerce/includes/class-wc-cart-totals.php(850): WC_Cart_Totals->get_shipping_from_cart()
#9 /Users/duhotavlad/Sites/rotani/wp-content/plugins/woocommerce/includes/class-wc-cart-totals.php(144): WC_Cart_Totals->calculate_shipping_totals()
#10 /Users/duhotavlad/Sites/rotani/wp-content/plugins/woocommerce/includes/class-wc-cart-totals.php(134): WC_Cart_Totals->calculate()
#11 /Users/duhotavlad/Sites/rotani/wp-content/plugins/woocommerce/includes/class-wc-cart.php(1401): WC_Cart_Totals->__construct(Object(WC_Cart))
#12 /Users/duhotavlad/Sites/rotani/wp-content/plugins/woocommerce/includes/shortcodes/class-wc-shortcode-cart.php(94): WC_Cart->calculate_totals()
#13 /Users/duhotavlad/Sites/rotani/wp-content/plugins/woocommerce/includes/class-wc-shortcodes.php(72): WC_Shortcode_Cart::output(Array)
#14 /Users/duhotavlad/Sites/rotani/wp-content/plugins/woocommerce/includes/class-wc-shortcodes.php(85): WC_Shortcodes::shortcode_wrapper(Array)
#15 /Users/duhotavlad/Sites/rotani/wp-includes/shortcodes.php(355): WC_Shortcodes::cart('', '', 'woocommerce_car...')
#16 [internal function]: do_shortcode_tag(Array)
#17 /Users/duhotavlad/Sites/rotani/wp-includes/shortcodes.php(227): preg_replace_callback('/\\[(\\[?)(woocom...', 'do_shortcode_ta...', '[woocommerce_ca...')
#18 /Users/duhotavlad/Sites/rotani/wp-includes/class-wp-hook.php(308): do_shortcode('[woocommerce_ca...')
#19 /Users/duhotavlad/Sites/rotani/wp-includes/plugin.php(205): WP_Hook->apply_filters('[woocommerce_ca...', Array)
#20 /Users/duhotavlad/Sites/rotani/wp-includes/post-template.php(255): apply_filters('the_content', '<!-- wp:shortco...')
#21 /Users/duhotavlad/Sites/rotani/wp-content/themes/rotani/index.php(4): the_content()
#22 /Users/duhotavlad/Sites/rotani/wp-includes/template-loader.php(106): include('/Users/duhotavl...')
#23 /Users/duhotavlad/Sites/rotani/wp-blog-header.php(19): require_once('/Users/duhotavl...')
#24 /Users/duhotavlad/Sites/rotani/index.php(17): require('/Users/duhotavl...')
#25 {main}
  thrown in /Users/duhotavlad/Sites/rotani/wp-content/plugins/woocommerce/packages/woocommerce-blocks/src/Shipping/ShippingController.php on line 341

2023-04-03T16:29:26+00:00 CRITICAL Uncaught TypeError: array_filter(): Argument #1 ($array) must be of type array, null given in /Users/duhotavlad/Sites/rotani/wp-content/plugins/woocommerce/packages/woocommerce-blocks/src/Shipping/ShippingController.php:341
Stack trace:
#0 /Users/duhotavlad/Sites/rotani/wp-content/plugins/woocommerce/packages/woocommerce-blocks/src/Shipping/ShippingController.php(341): array_filter(NULL, Object(Closure))
#1 [internal function]: Automattic\WooCommerce\Blocks\Shipping\ShippingController->Automattic\WooCommerce\Blocks\Shipping\{closure}(Array)
#2 /Users/duhotavlad/Sites/rotani/wp-content/plugins/woocommerce/packages/woocommerce-blocks/src/Shipping/ShippingController.php(336): array_map(Object(Closure), Array)
#3 /Users/duhotavlad/Sites/rotani/wp-includes/class-wp-hook.php(308): Automattic\WooCommerce\Blocks\Shipping\ShippingController->filter_shipping_packages(Array)
#4 /Users/duhotavlad/Sites/rotani/wp-includes/plugin.php(205): WP_Hook->apply_filters(Array, Array)
#5 /Users/duhotavlad/Sites/rotani/wp-content/plugins/woocommerce/includes/class-wc-shipping.php(274): apply_filters('woocommerce_shi...', Array)
#6 /Users/duhotavlad/Sites/rotani/wp-content/plugins/woocommerce/includes/class-wc-cart.php(1423): WC_Shipping->calculate_shipping(Array)
#7 /Users/duhotavlad/Sites/rotani/wp-content/plugins/woocommerce/includes/class-wc-cart-totals.php(339): WC_Cart->calculate_shipping()
#8 /Users/duhotavlad/Sites/rotani/wp-content/plugins/woocommerce/includes/class-wc-cart-totals.php(850): WC_Cart_Totals->get_shipping_from_cart()
#9 /Users/duhotavlad/Sites/rotani/wp-content/plugins/woocommerce/includes/class-wc-cart-totals.php(144): WC_Cart_Totals->calculate_shipping_totals()
#10 /Users/duhotavlad/Sites/rotani/wp-content/plugins/woocommerce/includes/class-wc-cart-totals.php(134): WC_Cart_Totals->calculate()
#11 /Users/duhotavlad/Sites/rotani/wp-content/plugins/woocommerce/includes/class-wc-cart.php(1401): WC_Cart_Totals->__construct(Object(WC_Cart))
#12 /Users/duhotavlad/Sites/rotani/wp-content/plugins/woocommerce/includes/shortcodes/class-wc-shortcode-cart.php(94): WC_Cart->calculate_totals()
#13 /Users/duhotavlad/Sites/rotani/wp-content/plugins/woocommerce/includes/class-wc-shortcodes.php(72): WC_Shortcode_Cart::output(Array)
#14 /Users/duhotavlad/Sites/rotani/wp-content/plugins/woocommerce/includes/class-wc-shortcodes.php(85): WC_Shortcodes::shortcode_wrapper(Array)
#15 /Users/duhotavlad/Sites/rotani/wp-includes/shortcodes.php(355): WC_Shortcodes::cart('', '', 'woocommerce_car...')
#16 [internal function]: do_shortcode_tag(Array)
#17 /Users/duhotavlad/Sites/rotani/wp-includes/shortcodes.php(227): preg_replace_callback('/\\[(\\[?)(woocom...', 'do_shortcode_ta...', '[woocommerce_ca...')
#18 /Users/duhotavlad/Sites/rotani/wp-includes/class-wp-hook.php(308): do_shortcode('[woocommerce_ca...')
#19 /Users/duhotavlad/Sites/rotani/wp-includes/plugin.php(205): WP_Hook->apply_filters('[woocommerce_ca...', Array)
#20 /Users/duhotavlad/Sites/rotani/wp-includes/post-template.php(255): apply_filters('the_content', '<!-- wp:shortco...')
#21 /Users/duhotavlad/Sites/rotani/wp-content/themes/rotani/index.php(4): the_content()
#22 /Users/duhotavlad/Sites/rotani/wp-includes/template-loader.php(106): include('/Users/duhotavl...')
#23 /Users/duhotavlad/Sites/rotani/wp-blog-header.php(19): require_once('/Users/duhotavl...')
#24 /Users/duhotavlad/Sites/rotani/index.php(17): require('/Users/duhotavl...')
#25 {main}
  thrown in /Users/duhotavlad/Sites/rotani/wp-content/plugins/woocommerce/packages/woocommerce-blocks/src/Shipping/ShippingController.php on line 341

2023-04-03T16:30:24+00:00 CRITICAL Uncaught TypeError: array_filter(): Argument #1 ($array) must be of type array, null given in /Users/duhotavlad/Sites/rotani/wp-content/plugins/woocommerce/packages/woocommerce-blocks/src/Shipping/ShippingController.php:341
Stack trace:
#0 /Users/duhotavlad/Sites/rotani/wp-content/plugins/woocommerce/packages/woocommerce-blocks/src/Shipping/ShippingController.php(341): array_filter(NULL, Object(Closure))
#1 [internal function]: Automattic\WooCommerce\Blocks\Shipping\ShippingController->Automattic\WooCommerce\Blocks\Shipping\{closure}(Array)
#2 /Users/duhotavlad/Sites/rotani/wp-content/plugins/woocommerce/packages/woocommerce-blocks/src/Shipping/ShippingController.php(336): array_map(Object(Closure), Array)
#3 /Users/duhotavlad/Sites/rotani/wp-includes/class-wp-hook.php(308): Automattic\WooCommerce\Blocks\Shipping\ShippingController->filter_shipping_packages(Array)
#4 /Users/duhotavlad/Sites/rotani/wp-includes/plugin.php(205): WP_Hook->apply_filters(Array, Array)
#5 /Users/duhotavlad/Sites/rotani/wp-content/plugins/woocommerce/includes/class-wc-shipping.php(274): apply_filters('woocommerce_shi...', Array)
#6 /Users/duhotavlad/Sites/rotani/wp-content/plugins/woocommerce/includes/class-wc-cart.php(1423): WC_Shipping->calculate_shipping(Array)
#7 /Users/duhotavlad/Sites/rotani/wp-content/plugins/woocommerce/includes/class-wc-cart-totals.php(339): WC_Cart->calculate_shipping()
#8 /Users/duhotavlad/Sites/rotani/wp-content/plugins/woocommerce/includes/class-wc-cart-totals.php(850): WC_Cart_Totals->get_shipping_from_cart()
#9 /Users/duhotavlad/Sites/rotani/wp-content/plugins/woocommerce/includes/class-wc-cart-totals.php(144): WC_Cart_Totals->calculate_shipping_totals()
#10 /Users/duhotavlad/Sites/rotani/wp-content/plugins/woocommerce/includes/class-wc-cart-totals.php(134): WC_Cart_Totals->calculate()
#11 /Users/duhotavlad/Sites/rotani/wp-content/plugins/woocommerce/includes/class-wc-cart.php(1401): WC_Cart_Totals->__construct(Object(WC_Cart))
#12 /Users/duhotavlad/Sites/rotani/wp-content/plugins/woocommerce/includes/shortcodes/class-wc-shortcode-cart.php(94): WC_Cart->calculate_totals()
#13 /Users/duhotavlad/Sites/rotani/wp-content/plugins/woocommerce/includes/class-wc-shortcodes.php(72): WC_Shortcode_Cart::output(Array)
#14 /Users/duhotavlad/Sites/rotani/wp-content/plugins/woocommerce/includes/class-wc-shortcodes.php(85): WC_Shortcodes::shortcode_wrapper(Array)
#15 /Users/duhotavlad/Sites/rotani/wp-includes/shortcodes.php(355): WC_Shortcodes::cart('', '', 'woocommerce_car...')
#16 [internal function]: do_shortcode_tag(Array)
#17 /Users/duhotavlad/Sites/rotani/wp-includes/shortcodes.php(227): preg_replace_callback('/\\[(\\[?)(woocom...', 'do_shortcode_ta...', '[woocommerce_ca...')
#18 /Users/duhotavlad/Sites/rotani/wp-includes/class-wp-hook.php(308): do_shortcode('[woocommerce_ca...')
#19 /Users/duhotavlad/Sites/rotani/wp-includes/plugin.php(205): WP_Hook->apply_filters('[woocommerce_ca...', Array)
#20 /Users/duhotavlad/Sites/rotani/wp-includes/post-template.php(255): apply_filters('the_content', '<!-- wp:shortco...')
#21 /Users/duhotavlad/Sites/rotani/wp-content/themes/rotani/index.php(4): the_content()
#22 /Users/duhotavlad/Sites/rotani/wp-includes/template-loader.php(106): include('/Users/duhotavl...')
#23 /Users/duhotavlad/Sites/rotani/wp-blog-header.php(19): require_once('/Users/duhotavl...')
#24 /Users/duhotavlad/Sites/rotani/index.php(17): require('/Users/duhotavl...')
#25 {main}
  thrown in /Users/duhotavlad/Sites/rotani/wp-content/plugins/woocommerce/packages/woocommerce-blocks/src/Shipping/ShippingController.php on line 341

2023-04-03T16:30:56+00:00 CRITICAL Uncaught TypeError: array_filter(): Argument #1 ($array) must be of type array, null given in /Users/duhotavlad/Sites/rotani/wp-content/plugins/woocommerce/packages/woocommerce-blocks/src/Shipping/ShippingController.php:341
Stack trace:
#0 /Users/duhotavlad/Sites/rotani/wp-content/plugins/woocommerce/packages/woocommerce-blocks/src/Shipping/ShippingController.php(341): array_filter(NULL, Object(Closure))
#1 [internal function]: Automattic\WooCommerce\Blocks\Shipping\ShippingController->Automattic\WooCommerce\Blocks\Shipping\{closure}(Array)
#2 /Users/duhotavlad/Sites/rotani/wp-content/plugins/woocommerce/packages/woocommerce-blocks/src/Shipping/ShippingController.php(336): array_map(Object(Closure), Array)
#3 /Users/duhotavlad/Sites/rotani/wp-includes/class-wp-hook.php(308): Automattic\WooCommerce\Blocks\Shipping\ShippingController->filter_shipping_packages(Array)
#4 /Users/duhotavlad/Sites/rotani/wp-includes/plugin.php(205): WP_Hook->apply_filters(Array, Array)
#5 /Users/duhotavlad/Sites/rotani/wp-content/plugins/woocommerce/includes/class-wc-shipping.php(274): apply_filters('woocommerce_shi...', Array)
#6 /Users/duhotavlad/Sites/rotani/wp-content/plugins/woocommerce/includes/class-wc-cart.php(1423): WC_Shipping->calculate_shipping(Array)
#7 /Users/duhotavlad/Sites/rotani/wp-content/plugins/woocommerce/includes/class-wc-cart-totals.php(339): WC_Cart->calculate_shipping()
#8 /Users/duhotavlad/Sites/rotani/wp-content/plugins/woocommerce/includes/class-wc-cart-totals.php(850): WC_Cart_Totals->get_shipping_from_cart()
#9 /Users/duhotavlad/Sites/rotani/wp-content/plugins/woocommerce/includes/class-wc-cart-totals.php(144): WC_Cart_Totals->calculate_shipping_totals()
#10 /Users/duhotavlad/Sites/rotani/wp-content/plugins/woocommerce/includes/class-wc-cart-totals.php(134): WC_Cart_Totals->calculate()
#11 /Users/duhotavlad/Sites/rotani/wp-content/plugins/woocommerce/includes/class-wc-cart.php(1401): WC_Cart_Totals->__construct(Object(WC_Cart))
#12 /Users/duhotavlad/Sites/rotani/wp-content/plugins/woocommerce/includes/shortcodes/class-wc-shortcode-cart.php(94): WC_Cart->calculate_totals()
#13 /Users/duhotavlad/Sites/rotani/wp-content/plugins/woocommerce/includes/class-wc-shortcodes.php(72): WC_Shortcode_Cart::output(Array)
#14 /Users/duhotavlad/Sites/rotani/wp-content/plugins/woocommerce/includes/class-wc-shortcodes.php(85): WC_Shortcodes::shortcode_wrapper(Array)
#15 /Users/duhotavlad/Sites/rotani/wp-includes/shortcodes.php(355): WC_Shortcodes::cart('', '', 'woocommerce_car...')
#16 [internal function]: do_shortcode_tag(Array)
#17 /Users/duhotavlad/Sites/rotani/wp-includes/shortcodes.php(227): preg_replace_callback('/\\[(\\[?)(woocom...', 'do_shortcode_ta...', '[woocommerce_ca...')
#18 /Users/duhotavlad/Sites/rotani/wp-includes/class-wp-hook.php(308): do_shortcode('[woocommerce_ca...')
#19 /Users/duhotavlad/Sites/rotani/wp-includes/plugin.php(205): WP_Hook->apply_filters('[woocommerce_ca...', Array)
#20 /Users/duhotavlad/Sites/rotani/wp-includes/post-template.php(255): apply_filters('the_content', '<!-- wp:shortco...')
#21 /Users/duhotavlad/Sites/rotani/wp-content/themes/rotani/index.php(4): the_content()
#22 /Users/duhotavlad/Sites/rotani/wp-includes/template-loader.php(106): include('/Users/duhotavl...')
#23 /Users/duhotavlad/Sites/rotani/wp-blog-header.php(19): require_once('/Users/duhotavl...')
#24 /Users/duhotavlad/Sites/rotani/index.php(17): require('/Users/duhotavl...')
#25 {main}
  thrown in /Users/duhotavlad/Sites/rotani/wp-content/plugins/woocommerce/packages/woocommerce-blocks/src/Shipping/ShippingController.php on line 341

2023-04-03T16:31:03+00:00 CRITICAL Uncaught TypeError: array_filter(): Argument #1 ($array) must be of type array, null given in /Users/duhotavlad/Sites/rotani/wp-content/plugins/woocommerce/packages/woocommerce-blocks/src/Shipping/ShippingController.php:341
Stack trace:
#0 /Users/duhotavlad/Sites/rotani/wp-content/plugins/woocommerce/packages/woocommerce-blocks/src/Shipping/ShippingController.php(341): array_filter(NULL, Object(Closure))
#1 [internal function]: Automattic\WooCommerce\Blocks\Shipping\ShippingController->Automattic\WooCommerce\Blocks\Shipping\{closure}(Array)
#2 /Users/duhotavlad/Sites/rotani/wp-content/plugins/woocommerce/packages/woocommerce-blocks/src/Shipping/ShippingController.php(336): array_map(Object(Closure), Array)
#3 /Users/duhotavlad/Sites/rotani/wp-includes/class-wp-hook.php(308): Automattic\WooCommerce\Blocks\Shipping\ShippingController->filter_shipping_packages(Array)
#4 /Users/duhotavlad/Sites/rotani/wp-includes/plugin.php(205): WP_Hook->apply_filters(Array, Array)
#5 /Users/duhotavlad/Sites/rotani/wp-content/plugins/woocommerce/includes/class-wc-shipping.php(274): apply_filters('woocommerce_shi...', Array)
#6 /Users/duhotavlad/Sites/rotani/wp-content/plugins/woocommerce/includes/class-wc-cart.php(1423): WC_Shipping->calculate_shipping(Array)
#7 /Users/duhotavlad/Sites/rotani/wp-content/plugins/woocommerce/includes/class-wc-cart-totals.php(339): WC_Cart->calculate_shipping()
#8 /Users/duhotavlad/Sites/rotani/wp-content/plugins/woocommerce/includes/class-wc-cart-totals.php(850): WC_Cart_Totals->get_shipping_from_cart()
#9 /Users/duhotavlad/Sites/rotani/wp-content/plugins/woocommerce/includes/class-wc-cart-totals.php(144): WC_Cart_Totals->calculate_shipping_totals()
#10 /Users/duhotavlad/Sites/rotani/wp-content/plugins/woocommerce/includes/class-wc-cart-totals.php(134): WC_Cart_Totals->calculate()
#11 /Users/duhotavlad/Sites/rotani/wp-content/plugins/woocommerce/includes/class-wc-cart.php(1401): WC_Cart_Totals->__construct(Object(WC_Cart))
#12 /Users/duhotavlad/Sites/rotani/wp-content/plugins/woocommerce/includes/shortcodes/class-wc-shortcode-cart.php(94): WC_Cart->calculate_totals()
#13 /Users/duhotavlad/Sites/rotani/wp-content/plugins/woocommerce/includes/class-wc-shortcodes.php(72): WC_Shortcode_Cart::output(Array)
#14 /Users/duhotavlad/Sites/rotani/wp-content/plugins/woocommerce/includes/class-wc-shortcodes.php(85): WC_Shortcodes::shortcode_wrapper(Array)
#15 /Users/duhotavlad/Sites/rotani/wp-includes/shortcodes.php(355): WC_Shortcodes::cart('', '', 'woocommerce_car...')
#16 [internal function]: do_shortcode_tag(Array)
#17 /Users/duhotavlad/Sites/rotani/wp-includes/shortcodes.php(227): preg_replace_callback('/\\[(\\[?)(woocom...', 'do_shortcode_ta...', '[woocommerce_ca...')
#18 /Users/duhotavlad/Sites/rotani/wp-includes/class-wp-hook.php(308): do_shortcode('[woocommerce_ca...')
#19 /Users/duhotavlad/Sites/rotani/wp-includes/plugin.php(205): WP_Hook->apply_filters('[woocommerce_ca...', Array)
#20 /Users/duhotavlad/Sites/rotani/wp-includes/post-template.php(255): apply_filters('the_content', '<!-- wp:shortco...')
#21 /Users/duhotavlad/Sites/rotani/wp-content/themes/rotani/index.php(4): the_content()
#22 /Users/duhotavlad/Sites/rotani/wp-includes/template-loader.php(106): include('/Users/duhotavl...')
#23 /Users/duhotavlad/Sites/rotani/wp-blog-header.php(19): require_once('/Users/duhotavl...')
#24 /Users/duhotavlad/Sites/rotani/index.php(17): require('/Users/duhotavl...')
#25 {main}
  thrown in /Users/duhotavlad/Sites/rotani/wp-content/plugins/woocommerce/packages/woocommerce-blocks/src/Shipping/ShippingController.php on line 341

2023-04-03T16:31:44+00:00 CRITICAL Uncaught TypeError: array_filter(): Argument #1 ($array) must be of type array, null given in /Users/duhotavlad/Sites/rotani/wp-content/plugins/woocommerce/packages/woocommerce-blocks/src/Shipping/ShippingController.php:341
Stack trace:
#0 /Users/duhotavlad/Sites/rotani/wp-content/plugins/woocommerce/packages/woocommerce-blocks/src/Shipping/ShippingController.php(341): array_filter(NULL, Object(Closure))
#1 [internal function]: Automattic\WooCommerce\Blocks\Shipping\ShippingController->Automattic\WooCommerce\Blocks\Shipping\{closure}(Array)
#2 /Users/duhotavlad/Sites/rotani/wp-content/plugins/woocommerce/packages/woocommerce-blocks/src/Shipping/ShippingController.php(336): array_map(Object(Closure), Array)
#3 /Users/duhotavlad/Sites/rotani/wp-includes/class-wp-hook.php(308): Automattic\WooCommerce\Blocks\Shipping\ShippingController->filter_shipping_packages(Array)
#4 /Users/duhotavlad/Sites/rotani/wp-includes/plugin.php(205): WP_Hook->apply_filters(Array, Array)
#5 /Users/duhotavlad/Sites/rotani/wp-content/plugins/woocommerce/includes/class-wc-shipping.php(274): apply_filters('woocommerce_shi...', Array)
#6 /Users/duhotavlad/Sites/rotani/wp-content/plugins/woocommerce/includes/class-wc-cart.php(1423): WC_Shipping->calculate_shipping(Array)
#7 /Users/duhotavlad/Sites/rotani/wp-content/plugins/woocommerce/includes/class-wc-cart-totals.php(339): WC_Cart->calculate_shipping()
#8 /Users/duhotavlad/Sites/rotani/wp-content/plugins/woocommerce/includes/class-wc-cart-totals.php(850): WC_Cart_Totals->get_shipping_from_cart()
#9 /Users/duhotavlad/Sites/rotani/wp-content/plugins/woocommerce/includes/class-wc-cart-totals.php(144): WC_Cart_Totals->calculate_shipping_totals()
#10 /Users/duhotavlad/Sites/rotani/wp-content/plugins/woocommerce/includes/class-wc-cart-totals.php(134): WC_Cart_Totals->calculate()
#11 /Users/duhotavlad/Sites/rotani/wp-content/plugins/woocommerce/includes/class-wc-cart.php(1401): WC_Cart_Totals->__construct(Object(WC_Cart))
#12 /Users/duhotavlad/Sites/rotani/wp-content/plugins/woocommerce/includes/shortcodes/class-wc-shortcode-cart.php(87): WC_Cart->calculate_totals()
#13 /Users/duhotavlad/Sites/rotani/wp-content/plugins/woocommerce/includes/class-wc-shortcodes.php(72): WC_Shortcode_Cart::output(Array)
#14 /Users/duhotavlad/Sites/rotani/wp-content/plugins/woocommerce/includes/class-wc-shortcodes.php(85): WC_Shortcodes::shortcode_wrapper(Array)
#15 /Users/duhotavlad/Sites/rotani/wp-includes/shortcodes.php(355): WC_Shortcodes::cart('', '', 'woocommerce_car...')
#16 [internal function]: do_shortcode_tag(Array)
#17 /Users/duhotavlad/Sites/rotani/wp-includes/shortcodes.php(227): preg_replace_callback('/\\[(\\[?)(woocom...', 'do_shortcode_ta...', '[woocommerce_ca...')
#18 /Users/duhotavlad/Sites/rotani/wp-includes/class-wp-hook.php(308): do_shortcode('[woocommerce_ca...')
#19 /Users/duhotavlad/Sites/rotani/wp-includes/plugin.php(205): WP_Hook->apply_filters('[woocommerce_ca...', Array)
#20 /Users/duhotavlad/Sites/rotani/wp-includes/post-template.php(255): apply_filters('the_content', '<!-- wp:shortco...')
#21 /Users/duhotavlad/Sites/rotani/wp-content/themes/rotani/index.php(4): the_content()
#22 /Users/duhotavlad/Sites/rotani/wp-includes/template-loader.php(106): include('/Users/duhotavl...')
#23 /Users/duhotavlad/Sites/rotani/wp-blog-header.php(19): require_once('/Users/duhotavl...')
#24 /Users/duhotavlad/Sites/rotani/index.php(17): require('/Users/duhotavl...')
#25 {main}
  thrown in /Users/duhotavlad/Sites/rotani/wp-content/plugins/woocommerce/packages/woocommerce-blocks/src/Shipping/ShippingController.php on line 341

2023-04-03T16:31:49+00:00 CRITICAL Uncaught TypeError: array_filter(): Argument #1 ($array) must be of type array, null given in /Users/duhotavlad/Sites/rotani/wp-content/plugins/woocommerce/packages/woocommerce-blocks/src/Shipping/ShippingController.php:341
Stack trace:
#0 /Users/duhotavlad/Sites/rotani/wp-content/plugins/woocommerce/packages/woocommerce-blocks/src/Shipping/ShippingController.php(341): array_filter(NULL, Object(Closure))
#1 [internal function]: Automattic\WooCommerce\Blocks\Shipping\ShippingController->Automattic\WooCommerce\Blocks\Shipping\{closure}(Array)
#2 /Users/duhotavlad/Sites/rotani/wp-content/plugins/woocommerce/packages/woocommerce-blocks/src/Shipping/ShippingController.php(336): array_map(Object(Closure), Array)
#3 /Users/duhotavlad/Sites/rotani/wp-includes/class-wp-hook.php(308): Automattic\WooCommerce\Blocks\Shipping\ShippingController->filter_shipping_packages(Array)
#4 /Users/duhotavlad/Sites/rotani/wp-includes/plugin.php(205): WP_Hook->apply_filters(Array, Array)
#5 /Users/duhotavlad/Sites/rotani/wp-content/plugins/woocommerce/includes/class-wc-shipping.php(274): apply_filters('woocommerce_shi...', Array)
#6 /Users/duhotavlad/Sites/rotani/wp-content/plugins/woocommerce/includes/class-wc-cart.php(1423): WC_Shipping->calculate_shipping(Array)
#7 /Users/duhotavlad/Sites/rotani/wp-content/plugins/woocommerce/includes/class-wc-cart-totals.php(339): WC_Cart->calculate_shipping()
#8 /Users/duhotavlad/Sites/rotani/wp-content/plugins/woocommerce/includes/class-wc-cart-totals.php(850): WC_Cart_Totals->get_shipping_from_cart()
#9 /Users/duhotavlad/Sites/rotani/wp-content/plugins/woocommerce/includes/class-wc-cart-totals.php(144): WC_Cart_Totals->calculate_shipping_totals()
#10 /Users/duhotavlad/Sites/rotani/wp-content/plugins/woocommerce/includes/class-wc-cart-totals.php(134): WC_Cart_Totals->calculate()
#11 /Users/duhotavlad/Sites/rotani/wp-content/plugins/woocommerce/includes/class-wc-cart.php(1401): WC_Cart_Totals->__construct(Object(WC_Cart))
#12 /Users/duhotavlad/Sites/rotani/wp-content/plugins/woocommerce/includes/shortcodes/class-wc-shortcode-cart.php(94): WC_Cart->calculate_totals()
#13 /Users/duhotavlad/Sites/rotani/wp-content/plugins/woocommerce/includes/class-wc-shortcodes.php(72): WC_Shortcode_Cart::output(Array)
#14 /Users/duhotavlad/Sites/rotani/wp-content/plugins/woocommerce/includes/class-wc-shortcodes.php(85): WC_Shortcodes::shortcode_wrapper(Array)
#15 /Users/duhotavlad/Sites/rotani/wp-includes/shortcodes.php(355): WC_Shortcodes::cart('', '', 'woocommerce_car...')
#16 [internal function]: do_shortcode_tag(Array)
#17 /Users/duhotavlad/Sites/rotani/wp-includes/shortcodes.php(227): preg_replace_callback('/\\[(\\[?)(woocom...', 'do_shortcode_ta...', '[woocommerce_ca...')
#18 /Users/duhotavlad/Sites/rotani/wp-includes/class-wp-hook.php(308): do_shortcode('[woocommerce_ca...')
#19 /Users/duhotavlad/Sites/rotani/wp-includes/plugin.php(205): WP_Hook->apply_filters('[woocommerce_ca...', Array)
#20 /Users/duhotavlad/Sites/rotani/wp-includes/post-template.php(255): apply_filters('the_content', '<!-- wp:shortco...')
#21 /Users/duhotavlad/Sites/rotani/wp-content/themes/rotani/index.php(4): the_content()
#22 /Users/duhotavlad/Sites/rotani/wp-includes/template-loader.php(106): include('/Users/duhotavl...')
#23 /Users/duhotavlad/Sites/rotani/wp-blog-header.php(19): require_once('/Users/duhotavl...')
#24 /Users/duhotavlad/Sites/rotani/index.php(17): require('/Users/duhotavl...')
#25 {main}
  thrown in /Users/duhotavlad/Sites/rotani/wp-content/plugins/woocommerce/packages/woocommerce-blocks/src/Shipping/ShippingController.php on line 341

2023-04-03T16:31:52+00:00 CRITICAL Uncaught TypeError: array_filter(): Argument #1 ($array) must be of type array, null given in /Users/duhotavlad/Sites/rotani/wp-content/plugins/woocommerce/packages/woocommerce-blocks/src/Shipping/ShippingController.php:341
Stack trace:
#0 /Users/duhotavlad/Sites/rotani/wp-content/plugins/woocommerce/packages/woocommerce-blocks/src/Shipping/ShippingController.php(341): array_filter(NULL, Object(Closure))
#1 [internal function]: Automattic\WooCommerce\Blocks\Shipping\ShippingController->Automattic\WooCommerce\Blocks\Shipping\{closure}(Array)
#2 /Users/duhotavlad/Sites/rotani/wp-content/plugins/woocommerce/packages/woocommerce-blocks/src/Shipping/ShippingController.php(336): array_map(Object(Closure), Array)
#3 /Users/duhotavlad/Sites/rotani/wp-includes/class-wp-hook.php(308): Automattic\WooCommerce\Blocks\Shipping\ShippingController->filter_shipping_packages(Array)
#4 /Users/duhotavlad/Sites/rotani/wp-includes/plugin.php(205): WP_Hook->apply_filters(Array, Array)
#5 /Users/duhotavlad/Sites/rotani/wp-content/plugins/woocommerce/includes/class-wc-shipping.php(274): apply_filters('woocommerce_shi...', Array)
#6 /Users/duhotavlad/Sites/rotani/wp-content/plugins/woocommerce/includes/class-wc-cart.php(1423): WC_Shipping->calculate_shipping(Array)
#7 /Users/duhotavlad/Sites/rotani/wp-content/plugins/woocommerce/includes/class-wc-cart-totals.php(339): WC_Cart->calculate_shipping()
#8 /Users/duhotavlad/Sites/rotani/wp-content/plugins/woocommerce/includes/class-wc-cart-totals.php(850): WC_Cart_Totals->get_shipping_from_cart()
#9 /Users/duhotavlad/Sites/rotani/wp-content/plugins/woocommerce/includes/class-wc-cart-totals.php(144): WC_Cart_Totals->calculate_shipping_totals()
#10 /Users/duhotavlad/Sites/rotani/wp-content/plugins/woocommerce/includes/class-wc-cart-totals.php(134): WC_Cart_Totals->calculate()
#11 /Users/duhotavlad/Sites/rotani/wp-content/plugins/woocommerce/includes/class-wc-cart.php(1401): WC_Cart_Totals->__construct(Object(WC_Cart))
#12 /Users/duhotavlad/Sites/rotani/wp-content/plugins/woocommerce/includes/shortcodes/class-wc-shortcode-cart.php(94): WC_Cart->calculate_totals()
#13 /Users/duhotavlad/Sites/rotani/wp-content/plugins/woocommerce/includes/class-wc-shortcodes.php(72): WC_Shortcode_Cart::output(Array)
#14 /Users/duhotavlad/Sites/rotani/wp-content/plugins/woocommerce/includes/class-wc-shortcodes.php(85): WC_Shortcodes::shortcode_wrapper(Array)
#15 /Users/duhotavlad/Sites/rotani/wp-includes/shortcodes.php(355): WC_Shortcodes::cart('', '', 'woocommerce_car...')
#16 [internal function]: do_shortcode_tag(Array)
#17 /Users/duhotavlad/Sites/rotani/wp-includes/shortcodes.php(227): preg_replace_callback('/\\[(\\[?)(woocom...', 'do_shortcode_ta...', '[woocommerce_ca...')
#18 /Users/duhotavlad/Sites/rotani/wp-includes/class-wp-hook.php(308): do_shortcode('[woocommerce_ca...')
#19 /Users/duhotavlad/Sites/rotani/wp-includes/plugin.php(205): WP_Hook->apply_filters('[woocommerce_ca...', Array)
#20 /Users/duhotavlad/Sites/rotani/wp-includes/post-template.php(255): apply_filters('the_content', '<!-- wp:shortco...')
#21 /Users/duhotavlad/Sites/rotani/wp-content/themes/rotani/index.php(4): the_content()
#22 /Users/duhotavlad/Sites/rotani/wp-includes/template-loader.php(106): include('/Users/duhotavl...')
#23 /Users/duhotavlad/Sites/rotani/wp-blog-header.php(19): require_once('/Users/duhotavl...')
#24 /Users/duhotavlad/Sites/rotani/index.php(17): require('/Users/duhotavl...')
#25 {main}
  thrown in /Users/duhotavlad/Sites/rotani/wp-content/plugins/woocommerce/packages/woocommerce-blocks/src/Shipping/ShippingController.php on line 341

2023-04-03T16:32:20+00:00 CRITICAL Uncaught TypeError: array_filter(): Argument #1 ($array) must be of type array, null given in /Users/duhotavlad/Sites/rotani/wp-content/plugins/woocommerce/packages/woocommerce-blocks/src/Shipping/ShippingController.php:341
Stack trace:
#0 /Users/duhotavlad/Sites/rotani/wp-content/plugins/woocommerce/packages/woocommerce-blocks/src/Shipping/ShippingController.php(341): array_filter(NULL, Object(Closure))
#1 [internal function]: Automattic\WooCommerce\Blocks\Shipping\ShippingController->Automattic\WooCommerce\Blocks\Shipping\{closure}(Array)
#2 /Users/duhotavlad/Sites/rotani/wp-content/plugins/woocommerce/packages/woocommerce-blocks/src/Shipping/ShippingController.php(336): array_map(Object(Closure), Array)
#3 /Users/duhotavlad/Sites/rotani/wp-includes/class-wp-hook.php(308): Automattic\WooCommerce\Blocks\Shipping\ShippingController->filter_shipping_packages(Array)
#4 /Users/duhotavlad/Sites/rotani/wp-includes/plugin.php(205): WP_Hook->apply_filters(Array, Array)
#5 /Users/duhotavlad/Sites/rotani/wp-content/plugins/woocommerce/includes/class-wc-shipping.php(274): apply_filters('woocommerce_shi...', Array)
#6 /Users/duhotavlad/Sites/rotani/wp-content/plugins/woocommerce/includes/class-wc-cart.php(1423): WC_Shipping->calculate_shipping(Array)
#7 /Users/duhotavlad/Sites/rotani/wp-content/plugins/woocommerce/includes/class-wc-cart-totals.php(339): WC_Cart->calculate_shipping()
#8 /Users/duhotavlad/Sites/rotani/wp-content/plugins/woocommerce/includes/class-wc-cart-totals.php(850): WC_Cart_Totals->get_shipping_from_cart()
#9 /Users/duhotavlad/Sites/rotani/wp-content/plugins/woocommerce/includes/class-wc-cart-totals.php(144): WC_Cart_Totals->calculate_shipping_totals()
#10 /Users/duhotavlad/Sites/rotani/wp-content/plugins/woocommerce/includes/class-wc-cart-totals.php(134): WC_Cart_Totals->calculate()
#11 /Users/duhotavlad/Sites/rotani/wp-content/plugins/woocommerce/includes/class-wc-cart.php(1401): WC_Cart_Totals->__construct(Object(WC_Cart))
#12 /Users/duhotavlad/Sites/rotani/wp-content/plugins/woocommerce/includes/shortcodes/class-wc-shortcode-cart.php(94): WC_Cart->calculate_totals()
#13 /Users/duhotavlad/Sites/rotani/wp-content/plugins/woocommerce/includes/class-wc-shortcodes.php(72): WC_Shortcode_Cart::output(Array)
#14 /Users/duhotavlad/Sites/rotani/wp-content/plugins/woocommerce/includes/class-wc-shortcodes.php(85): WC_Shortcodes::shortcode_wrapper(Array)
#15 /Users/duhotavlad/Sites/rotani/wp-includes/shortcodes.php(355): WC_Shortcodes::cart('', '', 'woocommerce_car...')
#16 [internal function]: do_shortcode_tag(Array)
#17 /Users/duhotavlad/Sites/rotani/wp-includes/shortcodes.php(227): preg_replace_callback('/\\[(\\[?)(woocom...', 'do_shortcode_ta...', '[woocommerce_ca...')
#18 /Users/duhotavlad/Sites/rotani/wp-includes/class-wp-hook.php(308): do_shortcode('[woocommerce_ca...')
#19 /Users/duhotavlad/Sites/rotani/wp-includes/plugin.php(205): WP_Hook->apply_filters('[woocommerce_ca...', Array)
#20 /Users/duhotavlad/Sites/rotani/wp-includes/post-template.php(255): apply_filters('the_content', '<!-- wp:shortco...')
#21 /Users/duhotavlad/Sites/rotani/wp-content/themes/rotani/index.php(4): the_content()
#22 /Users/duhotavlad/Sites/rotani/wp-includes/template-loader.php(106): include('/Users/duhotavl...')
#23 /Users/duhotavlad/Sites/rotani/wp-blog-header.php(19): require_once('/Users/duhotavl...')
#24 /Users/duhotavlad/Sites/rotani/index.php(17): require('/Users/duhotavl...')
#25 {main}
  thrown in /Users/duhotavlad/Sites/rotani/wp-content/plugins/woocommerce/packages/woocommerce-blocks/src/Shipping/ShippingController.php on line 341

2023-04-03T16:32:28+00:00 CRITICAL Uncaught TypeError: array_filter(): Argument #1 ($array) must be of type array, null given in /Users/duhotavlad/Sites/rotani/wp-content/plugins/woocommerce/packages/woocommerce-blocks/src/Shipping/ShippingController.php:341
Stack trace:
#0 /Users/duhotavlad/Sites/rotani/wp-content/plugins/woocommerce/packages/woocommerce-blocks/src/Shipping/ShippingController.php(341): array_filter(NULL, Object(Closure))
#1 [internal function]: Automattic\WooCommerce\Blocks\Shipping\ShippingController->Automattic\WooCommerce\Blocks\Shipping\{closure}(Array)
#2 /Users/duhotavlad/Sites/rotani/wp-content/plugins/woocommerce/packages/woocommerce-blocks/src/Shipping/ShippingController.php(336): array_map(Object(Closure), Array)
#3 /Users/duhotavlad/Sites/rotani/wp-includes/class-wp-hook.php(308): Automattic\WooCommerce\Blocks\Shipping\ShippingController->filter_shipping_packages(Array)
#4 /Users/duhotavlad/Sites/rotani/wp-includes/plugin.php(205): WP_Hook->apply_filters(Array, Array)
#5 /Users/duhotavlad/Sites/rotani/wp-content/plugins/woocommerce/includes/class-wc-shipping.php(274): apply_filters('woocommerce_shi...', Array)
#6 /Users/duhotavlad/Sites/rotani/wp-content/plugins/woocommerce/includes/class-wc-cart.php(1423): WC_Shipping->calculate_shipping(Array)
#7 /Users/duhotavlad/Sites/rotani/wp-content/plugins/woocommerce/includes/class-wc-cart-totals.php(339): WC_Cart->calculate_shipping()
#8 /Users/duhotavlad/Sites/rotani/wp-content/plugins/woocommerce/includes/class-wc-cart-totals.php(850): WC_Cart_Totals->get_shipping_from_cart()
#9 /Users/duhotavlad/Sites/rotani/wp-content/plugins/woocommerce/includes/class-wc-cart-totals.php(144): WC_Cart_Totals->calculate_shipping_totals()
#10 /Users/duhotavlad/Sites/rotani/wp-content/plugins/woocommerce/includes/class-wc-cart-totals.php(134): WC_Cart_Totals->calculate()
#11 /Users/duhotavlad/Sites/rotani/wp-content/plugins/woocommerce/includes/class-wc-cart.php(1401): WC_Cart_Totals->__construct(Object(WC_Cart))
#12 /Users/duhotavlad/Sites/rotani/wp-content/plugins/woocommerce/includes/shortcodes/class-wc-shortcode-cart.php(94): WC_Cart->calculate_totals()
#13 /Users/duhotavlad/Sites/rotani/wp-content/plugins/woocommerce/includes/class-wc-shortcodes.php(72): WC_Shortcode_Cart::output(Array)
#14 /Users/duhotavlad/Sites/rotani/wp-content/plugins/woocommerce/includes/class-wc-shortcodes.php(85): WC_Shortcodes::shortcode_wrapper(Array)
#15 /Users/duhotavlad/Sites/rotani/wp-includes/shortcodes.php(355): WC_Shortcodes::cart('', '', 'woocommerce_car...')
#16 [internal function]: do_shortcode_tag(Array)
#17 /Users/duhotavlad/Sites/rotani/wp-includes/shortcodes.php(227): preg_replace_callback('/\\[(\\[?)(woocom...', 'do_shortcode_ta...', '[woocommerce_ca...')
#18 /Users/duhotavlad/Sites/rotani/wp-includes/class-wp-hook.php(308): do_shortcode('[woocommerce_ca...')
#19 /Users/duhotavlad/Sites/rotani/wp-includes/plugin.php(205): WP_Hook->apply_filters('[woocommerce_ca...', Array)
#20 /Users/duhotavlad/Sites/rotani/wp-includes/post-template.php(255): apply_filters('the_content', '<!-- wp:shortco...')
#21 /Users/duhotavlad/Sites/rotani/wp-content/themes/rotani/index.php(4): the_content()
#22 /Users/duhotavlad/Sites/rotani/wp-includes/template-loader.php(106): include('/Users/duhotavl...')
#23 /Users/duhotavlad/Sites/rotani/wp-blog-header.php(19): require_once('/Users/duhotavl...')
#24 /Users/duhotavlad/Sites/rotani/index.php(17): require('/Users/duhotavl...')
#25 {main}
  thrown in /Users/duhotavlad/Sites/rotani/wp-content/plugins/woocommerce/packages/woocommerce-blocks/src/Shipping/ShippingController.php on line 341

2023-04-03T16:32:33+00:00 CRITICAL Uncaught TypeError: array_filter(): Argument #1 ($array) must be of type array, null given in /Users/duhotavlad/Sites/rotani/wp-content/plugins/woocommerce/packages/woocommerce-blocks/src/Shipping/ShippingController.php:341
Stack trace:
#0 /Users/duhotavlad/Sites/rotani/wp-content/plugins/woocommerce/packages/woocommerce-blocks/src/Shipping/ShippingController.php(341): array_filter(NULL, Object(Closure))
#1 [internal function]: Automattic\WooCommerce\Blocks\Shipping\ShippingController->Automattic\WooCommerce\Blocks\Shipping\{closure}(Array)
#2 /Users/duhotavlad/Sites/rotani/wp-content/plugins/woocommerce/packages/woocommerce-blocks/src/Shipping/ShippingController.php(336): array_map(Object(Closure), Array)
#3 /Users/duhotavlad/Sites/rotani/wp-includes/class-wp-hook.php(308): Automattic\WooCommerce\Blocks\Shipping\ShippingController->filter_shipping_packages(Array)
#4 /Users/duhotavlad/Sites/rotani/wp-includes/plugin.php(205): WP_Hook->apply_filters(Array, Array)
#5 /Users/duhotavlad/Sites/rotani/wp-content/plugins/woocommerce/includes/class-wc-shipping.php(274): apply_filters('woocommerce_shi...', Array)
#6 /Users/duhotavlad/Sites/rotani/wp-content/plugins/woocommerce/includes/class-wc-cart.php(1423): WC_Shipping->calculate_shipping(Array)
#7 /Users/duhotavlad/Sites/rotani/wp-content/plugins/woocommerce/includes/class-wc-cart-totals.php(339): WC_Cart->calculate_shipping()
#8 /Users/duhotavlad/Sites/rotani/wp-content/plugins/woocommerce/includes/class-wc-cart-totals.php(850): WC_Cart_Totals->get_shipping_from_cart()
#9 /Users/duhotavlad/Sites/rotani/wp-content/plugins/woocommerce/includes/class-wc-cart-totals.php(144): WC_Cart_Totals->calculate_shipping_totals()
#10 /Users/duhotavlad/Sites/rotani/wp-content/plugins/woocommerce/includes/class-wc-cart-totals.php(134): WC_Cart_Totals->calculate()
#11 /Users/duhotavlad/Sites/rotani/wp-content/plugins/woocommerce/includes/class-wc-cart.php(1401): WC_Cart_Totals->__construct(Object(WC_Cart))
#12 /Users/duhotavlad/Sites/rotani/wp-content/plugins/woocommerce/includes/shortcodes/class-wc-shortcode-cart.php(94): WC_Cart->calculate_totals()
#13 /Users/duhotavlad/Sites/rotani/wp-content/plugins/woocommerce/includes/class-wc-shortcodes.php(72): WC_Shortcode_Cart::output(Array)
#14 /Users/duhotavlad/Sites/rotani/wp-content/plugins/woocommerce/includes/class-wc-shortcodes.php(85): WC_Shortcodes::shortcode_wrapper(Array)
#15 /Users/duhotavlad/Sites/rotani/wp-includes/shortcodes.php(355): WC_Shortcodes::cart('', '', 'woocommerce_car...')
#16 [internal function]: do_shortcode_tag(Array)
#17 /Users/duhotavlad/Sites/rotani/wp-includes/shortcodes.php(227): preg_replace_callback('/\\[(\\[?)(woocom...', 'do_shortcode_ta...', '[woocommerce_ca...')
#18 /Users/duhotavlad/Sites/rotani/wp-includes/class-wp-hook.php(308): do_shortcode('[woocommerce_ca...')
#19 /Users/duhotavlad/Sites/rotani/wp-includes/plugin.php(205): WP_Hook->apply_filters('[woocommerce_ca...', Array)
#20 /Users/duhotavlad/Sites/rotani/wp-includes/post-template.php(255): apply_filters('the_content', '<!-- wp:shortco...')
#21 /Users/duhotavlad/Sites/rotani/wp-content/themes/rotani/index.php(4): the_content()
#22 /Users/duhotavlad/Sites/rotani/wp-includes/template-loader.php(106): include('/Users/duhotavl...')
#23 /Users/duhotavlad/Sites/rotani/wp-blog-header.php(19): require_once('/Users/duhotavl...')
#24 /Users/duhotavlad/Sites/rotani/index.php(17): require('/Users/duhotavl...')
#25 {main}
  thrown in /Users/duhotavlad/Sites/rotani/wp-content/plugins/woocommerce/packages/woocommerce-blocks/src/Shipping/ShippingController.php on line 341

