2023-04-17T21:12:36+00:00 CRITICAL Uncaught TypeError: count(): Argument #1 ($value) must be of type Countable|array, null given in /var/www/test5/wp-content/themes/rotani/xxx.php:97
Stack trace:
#0 /var/www/test5/wp-includes/template-loader.php(106): include()
#1 /var/www/test5/wp-blog-header.php(19): require_once('...')
#2 /var/www/test5/index.php(17): require('...')
#3 {main}
  thrown in /var/www/test5/wp-content/themes/rotani/xxx.php on line 97

2023-04-17T21:12:47+00:00 CRITICAL Uncaught TypeError: count(): Argument #1 ($value) must be of type Countable|array, null given in /var/www/test5/wp-content/themes/rotani/xxx.php:97
Stack trace:
#0 /var/www/test5/wp-includes/template-loader.php(106): include()
#1 /var/www/test5/wp-blog-header.php(19): require_once('...')
#2 /var/www/test5/index.php(17): require('...')
#3 {main}
  thrown in /var/www/test5/wp-content/themes/rotani/xxx.php on line 97

2023-04-17T21:13:19+00:00 CRITICAL Uncaught TypeError: count(): Argument #1 ($value) must be of type Countable|array, null given in /var/www/test5/wp-content/themes/rotani/xxx.php:97
Stack trace:
#0 /var/www/test5/wp-includes/template-loader.php(106): include()
#1 /var/www/test5/wp-blog-header.php(19): require_once('...')
#2 /var/www/test5/index.php(17): require('...')
#3 {main}
  thrown in /var/www/test5/wp-content/themes/rotani/xxx.php on line 97

2023-04-17T21:13:28+00:00 CRITICAL Uncaught TypeError: count(): Argument #1 ($value) must be of type Countable|array, null given in /var/www/test5/wp-content/themes/rotani/xxx.php:97
Stack trace:
#0 /var/www/test5/wp-includes/template-loader.php(106): include()
#1 /var/www/test5/wp-blog-header.php(19): require_once('...')
#2 /var/www/test5/index.php(17): require('...')
#3 {main}
  thrown in /var/www/test5/wp-content/themes/rotani/xxx.php on line 97

2023-04-17T21:14:30+00:00 CRITICAL Uncaught TypeError: count(): Argument #1 ($value) must be of type Countable|array, null given in /var/www/test5/wp-content/themes/rotani/xxx.php:99
Stack trace:
#0 /var/www/test5/wp-includes/template-loader.php(106): include()
#1 /var/www/test5/wp-blog-header.php(19): require_once('...')
#2 /var/www/test5/index.php(17): require('...')
#3 {main}
  thrown in /var/www/test5/wp-content/themes/rotani/xxx.php on line 99

2023-04-17T21:15:21+00:00 CRITICAL Uncaught TypeError: count(): Argument #1 ($value) must be of type Countable|array, null given in /var/www/test5/wp-content/themes/rotani/xxx.php:99
Stack trace:
#0 /var/www/test5/wp-includes/template-loader.php(106): include()
#1 /var/www/test5/wp-blog-header.php(19): require_once('...')
#2 /var/www/test5/index.php(17): require('...')
#3 {main}
  thrown in /var/www/test5/wp-content/themes/rotani/xxx.php on line 99

2023-04-17T21:16:00+00:00 CRITICAL Uncaught TypeError: count(): Argument #1 ($value) must be of type Countable|array, null given in /var/www/test5/wp-content/themes/rotani/xxx.php:99
Stack trace:
#0 /var/www/test5/wp-includes/template-loader.php(106): include()
#1 /var/www/test5/wp-blog-header.php(19): require_once('...')
#2 /var/www/test5/index.php(17): require('...')
#3 {main}
  thrown in /var/www/test5/wp-content/themes/rotani/xxx.php on line 99

2023-04-17T21:16:25+00:00 CRITICAL Uncaught TypeError: count(): Argument #1 ($value) must be of type Countable|array, null given in /var/www/test5/wp-content/themes/rotani/xxx.php:99
Stack trace:
#0 /var/www/test5/wp-includes/template-loader.php(106): include()
#1 /var/www/test5/wp-blog-header.php(19): require_once('...')
#2 /var/www/test5/index.php(17): require('...')
#3 {main}
  thrown in /var/www/test5/wp-content/themes/rotani/xxx.php on line 99

