2023-04-08T11:25:08+00:00 CRITICAL Uncaught Error: Call to undefined method WC_NEW_SHIPPING_METHOD::has_settings() in /var/www/test5/wp-content/plugins/woocommerce/includes/admin/settings/class-wc-settings-shipping.php:59
Stack trace:
#0 /var/www/test5/wp-content/plugins/woocommerce/includes/admin/settings/class-wc-settings-page.php(155): WC_Settings_Shipping->get_own_sections()
#1 /var/www/test5/wp-content/plugins/woocommerce/includes/admin/settings/class-wc-settings-page.php(182): WC_Settings_Page->get_sections()
#2 /var/www/test5/wp-includes/class-wp-hook.php(308): WC_Settings_Page->output_sections()
#3 /var/www/test5/wp-includes/class-wp-hook.php(332): WP_Hook->apply_filters()
#4 /var/www/test5/wp-includes/plugin.php(517): WP_Hook->do_action()
#5 /var/www/test5/wp-content/plugins/woocommerce/includes/admin/views/html-admin-settings.php(36): do_action()
#6 /var/www/test5/wp-content/plugins/woocommerce/includes/admin/class-wc-admin-settings.php(154): include('...')
#7 /var/www/test5/wp-content/plugins/woocommerce/includes/admin/class-wc-admin-menus.php(291): WC_Admin_Settings::output()
#8 /var/www/test5/wp-includes/class-wp-hook.php(308): WC_Admin_Menus->settings_page()
#9 /var/www/test5/wp-includes/class-wp-hook.php(332): WP_Hook->apply_filters()
#10 /var/www/test5/wp-includes/plugin.php(517): WP_Hook->do_action()
#11 /var/www/test5/wp-admin/admin.php(259): do_action()
#12 {main}
  thrown in /var/www/test5/wp-content/plugins/woocommerce/includes/admin/settings/class-wc-settings-shipping.php on line 59

2023-04-08T11:25:35+00:00 CRITICAL Uncaught Error: Call to undefined method WC_NEW_SHIPPING_METHOD::supports() in /var/www/test5/wp-content/plugins/woocommerce/packages/woocommerce-blocks/src/Shipping/ShippingController.php:73
Stack trace:
#0 [internal function]: Automattic\WooCommerce\Blocks\Shipping\ShippingController->Automattic\WooCommerce\Blocks\Shipping\{closure}()
#1 /var/www/test5/wp-content/plugins/woocommerce/packages/woocommerce-blocks/src/Shipping/ShippingController.php(78): array_reduce()
#2 /var/www/test5/wp-content/plugins/woocommerce/packages/woocommerce-blocks/src/Assets/AssetDataRegistry.php(266): Automattic\WooCommerce\Blocks\Shipping\ShippingController->get_local_pickup_method_ids()
#3 /var/www/test5/wp-content/plugins/woocommerce/packages/woocommerce-blocks/src/Assets/AssetDataRegistry.php(367): Automattic\WooCommerce\Blocks\Assets\AssetDataRegistry->execute_lazy_data()
#4 /var/www/test5/wp-includes/class-wp-hook.php(308): Automattic\WooCommerce\Blocks\Assets\AssetDataRegistry->enqueue_asset_data()
#5 /var/www/test5/wp-includes/class-wp-hook.php(332): WP_Hook->apply_filters()
#6 /var/www/test5/wp-includes/plugin.php(517): WP_Hook->do_action()
#7 /var/www/test5/wp-admin/admin-footer.php(95): do_action()
#8 /var/www/test5/wp-admin/admin.php(297): require_once('...')
#9 {main}
  thrown in /var/www/test5/wp-content/plugins/woocommerce/packages/woocommerce-blocks/src/Shipping/ShippingController.php on line 73

2023-04-08T11:25:42+00:00 CRITICAL Uncaught Error: Call to undefined method WC_NEW_SHIPPING_METHOD::supports() in /var/www/test5/wp-content/plugins/woocommerce/packages/woocommerce-blocks/src/Shipping/ShippingController.php:73
Stack trace:
#0 [internal function]: Automattic\WooCommerce\Blocks\Shipping\ShippingController->Automattic\WooCommerce\Blocks\Shipping\{closure}()
#1 /var/www/test5/wp-content/plugins/woocommerce/packages/woocommerce-blocks/src/Shipping/ShippingController.php(78): array_reduce()
#2 /var/www/test5/wp-content/plugins/woocommerce/packages/woocommerce-blocks/src/Assets/AssetDataRegistry.php(266): Automattic\WooCommerce\Blocks\Shipping\ShippingController->get_local_pickup_method_ids()
#3 /var/www/test5/wp-content/plugins/woocommerce/packages/woocommerce-blocks/src/Assets/AssetDataRegistry.php(367): Automattic\WooCommerce\Blocks\Assets\AssetDataRegistry->execute_lazy_data()
#4 /var/www/test5/wp-includes/class-wp-hook.php(308): Automattic\WooCommerce\Blocks\Assets\AssetDataRegistry->enqueue_asset_data()
#5 /var/www/test5/wp-includes/class-wp-hook.php(332): WP_Hook->apply_filters()
#6 /var/www/test5/wp-includes/plugin.php(517): WP_Hook->do_action()
#7 /var/www/test5/wp-admin/admin-footer.php(95): do_action()
#8 /var/www/test5/wp-admin/admin.php(297): require_once('...')
#9 {main}
  thrown in /var/www/test5/wp-content/plugins/woocommerce/packages/woocommerce-blocks/src/Shipping/ShippingController.php on line 73

2023-04-08T11:26:05+00:00 CRITICAL Uncaught Error: Call to undefined method WC_NEW_SHIPPING_METHOD::supports() in /var/www/test5/wp-content/plugins/woocommerce/packages/woocommerce-blocks/src/Shipping/ShippingController.php:73
Stack trace:
#0 [internal function]: Automattic\WooCommerce\Blocks\Shipping\ShippingController->Automattic\WooCommerce\Blocks\Shipping\{closure}()
#1 /var/www/test5/wp-content/plugins/woocommerce/packages/woocommerce-blocks/src/Shipping/ShippingController.php(78): array_reduce()
#2 /var/www/test5/wp-content/plugins/woocommerce/packages/woocommerce-blocks/src/Assets/AssetDataRegistry.php(266): Automattic\WooCommerce\Blocks\Shipping\ShippingController->get_local_pickup_method_ids()
#3 /var/www/test5/wp-content/plugins/woocommerce/packages/woocommerce-blocks/src/Assets/AssetDataRegistry.php(367): Automattic\WooCommerce\Blocks\Assets\AssetDataRegistry->execute_lazy_data()
#4 /var/www/test5/wp-includes/class-wp-hook.php(308): Automattic\WooCommerce\Blocks\Assets\AssetDataRegistry->enqueue_asset_data()
#5 /var/www/test5/wp-includes/class-wp-hook.php(332): WP_Hook->apply_filters()
#6 /var/www/test5/wp-includes/plugin.php(517): WP_Hook->do_action()
#7 /var/www/test5/wp-admin/admin-footer.php(95): do_action()
#8 /var/www/test5/wp-admin/admin.php(297): require_once('...')
#9 {main}
  thrown in /var/www/test5/wp-content/plugins/woocommerce/packages/woocommerce-blocks/src/Shipping/ShippingController.php on line 73

2023-04-08T11:26:23+00:00 CRITICAL Uncaught Error: Call to undefined method WC_NEW_SHIPPING_METHOD::has_settings() in /var/www/test5/wp-content/plugins/woocommerce/includes/admin/settings/class-wc-settings-shipping.php:59
Stack trace:
#0 /var/www/test5/wp-content/plugins/woocommerce/includes/admin/settings/class-wc-settings-page.php(155): WC_Settings_Shipping->get_own_sections()
#1 /var/www/test5/wp-content/plugins/woocommerce/includes/admin/settings/class-wc-settings-page.php(182): WC_Settings_Page->get_sections()
#2 /var/www/test5/wp-includes/class-wp-hook.php(308): WC_Settings_Page->output_sections()
#3 /var/www/test5/wp-includes/class-wp-hook.php(332): WP_Hook->apply_filters()
#4 /var/www/test5/wp-includes/plugin.php(517): WP_Hook->do_action()
#5 /var/www/test5/wp-content/plugins/woocommerce/includes/admin/views/html-admin-settings.php(36): do_action()
#6 /var/www/test5/wp-content/plugins/woocommerce/includes/admin/class-wc-admin-settings.php(154): include('...')
#7 /var/www/test5/wp-content/plugins/woocommerce/includes/admin/class-wc-admin-menus.php(291): WC_Admin_Settings::output()
#8 /var/www/test5/wp-includes/class-wp-hook.php(308): WC_Admin_Menus->settings_page()
#9 /var/www/test5/wp-includes/class-wp-hook.php(332): WP_Hook->apply_filters()
#10 /var/www/test5/wp-includes/plugin.php(517): WP_Hook->do_action()
#11 /var/www/test5/wp-admin/admin.php(259): do_action()
#12 {main}
  thrown in /var/www/test5/wp-content/plugins/woocommerce/includes/admin/settings/class-wc-settings-shipping.php on line 59

2023-04-08T11:26:46+00:00 CRITICAL Uncaught Error: Call to undefined method WC_NEW_SHIPPING_METHOD::has_settings() in /var/www/test5/wp-content/plugins/woocommerce/includes/admin/settings/class-wc-settings-shipping.php:59
Stack trace:
#0 /var/www/test5/wp-content/plugins/woocommerce/includes/admin/settings/class-wc-settings-page.php(155): WC_Settings_Shipping->get_own_sections()
#1 /var/www/test5/wp-content/plugins/woocommerce/includes/admin/settings/class-wc-settings-page.php(182): WC_Settings_Page->get_sections()
#2 /var/www/test5/wp-includes/class-wp-hook.php(308): WC_Settings_Page->output_sections()
#3 /var/www/test5/wp-includes/class-wp-hook.php(332): WP_Hook->apply_filters()
#4 /var/www/test5/wp-includes/plugin.php(517): WP_Hook->do_action()
#5 /var/www/test5/wp-content/plugins/woocommerce/includes/admin/views/html-admin-settings.php(36): do_action()
#6 /var/www/test5/wp-content/plugins/woocommerce/includes/admin/class-wc-admin-settings.php(154): include('...')
#7 /var/www/test5/wp-content/plugins/woocommerce/includes/admin/class-wc-admin-menus.php(291): WC_Admin_Settings::output()
#8 /var/www/test5/wp-includes/class-wp-hook.php(308): WC_Admin_Menus->settings_page()
#9 /var/www/test5/wp-includes/class-wp-hook.php(332): WP_Hook->apply_filters()
#10 /var/www/test5/wp-includes/plugin.php(517): WP_Hook->do_action()
#11 /var/www/test5/wp-admin/admin.php(259): do_action()
#12 {main}
  thrown in /var/www/test5/wp-content/plugins/woocommerce/includes/admin/settings/class-wc-settings-shipping.php on line 59

2023-04-08T11:27:15+00:00 CRITICAL Uncaught Error: Call to undefined method WC_NEW_SHIPPING_METHOD::has_settings() in /var/www/test5/wp-content/plugins/woocommerce/includes/admin/settings/class-wc-settings-shipping.php:59
Stack trace:
#0 /var/www/test5/wp-content/plugins/woocommerce/includes/admin/settings/class-wc-settings-page.php(155): WC_Settings_Shipping->get_own_sections()
#1 /var/www/test5/wp-content/plugins/woocommerce/includes/admin/settings/class-wc-settings-page.php(182): WC_Settings_Page->get_sections()
#2 /var/www/test5/wp-includes/class-wp-hook.php(308): WC_Settings_Page->output_sections()
#3 /var/www/test5/wp-includes/class-wp-hook.php(332): WP_Hook->apply_filters()
#4 /var/www/test5/wp-includes/plugin.php(517): WP_Hook->do_action()
#5 /var/www/test5/wp-content/plugins/woocommerce/includes/admin/views/html-admin-settings.php(36): do_action()
#6 /var/www/test5/wp-content/plugins/woocommerce/includes/admin/class-wc-admin-settings.php(154): include('...')
#7 /var/www/test5/wp-content/plugins/woocommerce/includes/admin/class-wc-admin-menus.php(291): WC_Admin_Settings::output()
#8 /var/www/test5/wp-includes/class-wp-hook.php(308): WC_Admin_Menus->settings_page()
#9 /var/www/test5/wp-includes/class-wp-hook.php(332): WP_Hook->apply_filters()
#10 /var/www/test5/wp-includes/plugin.php(517): WP_Hook->do_action()
#11 /var/www/test5/wp-admin/admin.php(259): do_action()
#12 {main}
  thrown in /var/www/test5/wp-content/plugins/woocommerce/includes/admin/settings/class-wc-settings-shipping.php on line 59

2023-04-08T11:29:43+00:00 CRITICAL Uncaught Error: Call to undefined method WC_NEW_SHIPPING_METHOD::has_settings() in /var/www/test5/wp-content/plugins/woocommerce/includes/admin/settings/class-wc-settings-shipping.php:59
Stack trace:
#0 /var/www/test5/wp-content/plugins/woocommerce/includes/admin/settings/class-wc-settings-page.php(155): WC_Settings_Shipping->get_own_sections()
#1 /var/www/test5/wp-content/plugins/woocommerce/includes/admin/settings/class-wc-settings-page.php(182): WC_Settings_Page->get_sections()
#2 /var/www/test5/wp-includes/class-wp-hook.php(308): WC_Settings_Page->output_sections()
#3 /var/www/test5/wp-includes/class-wp-hook.php(332): WP_Hook->apply_filters()
#4 /var/www/test5/wp-includes/plugin.php(517): WP_Hook->do_action()
#5 /var/www/test5/wp-content/plugins/woocommerce/includes/admin/views/html-admin-settings.php(36): do_action()
#6 /var/www/test5/wp-content/plugins/woocommerce/includes/admin/class-wc-admin-settings.php(154): include('...')
#7 /var/www/test5/wp-content/plugins/woocommerce/includes/admin/class-wc-admin-menus.php(291): WC_Admin_Settings::output()
#8 /var/www/test5/wp-includes/class-wp-hook.php(308): WC_Admin_Menus->settings_page()
#9 /var/www/test5/wp-includes/class-wp-hook.php(332): WP_Hook->apply_filters()
#10 /var/www/test5/wp-includes/plugin.php(517): WP_Hook->do_action()
#11 /var/www/test5/wp-admin/admin.php(259): do_action()
#12 {main}
  thrown in /var/www/test5/wp-content/plugins/woocommerce/includes/admin/settings/class-wc-settings-shipping.php on line 59

2023-04-08T11:34:45+00:00 CRITICAL Declaration of Wcblogs_Shipping_Method::calculate_shipping($package) must be compatible with WC_Shipping_Method::calculate_shipping($package = []) in /var/www/test5/wp-content/plugins/ceocats/class-new-shipping.php on line 93

2023-04-08T11:36:11+00:00 CRITICAL Declaration of Wcblogs_Shipping_Method::calculate_shipping($package) must be compatible with WC_Shipping_Method::calculate_shipping($package = []) in /var/www/test5/wp-content/plugins/ceocats/class-new-shipping.php on line 93

2023-04-08T11:40:34+00:00 CRITICAL Declaration of Wcblogs_Shipping_Method::calculate_shipping($package) must be compatible with WC_Shipping_Method::calculate_shipping($package = []) in /var/www/test5/wp-content/plugins/ceocats/class-new-shipping.php on line 93

2023-04-08T11:40:47+00:00 CRITICAL Declaration of Wcblogs_Shipping_Method::calculate_shipping($package) must be compatible with WC_Shipping_Method::calculate_shipping($package = []) in /var/www/test5/wp-content/plugins/ceocats/class-new-shipping.php on line 93

2023-04-08T11:42:38+00:00 CRITICAL Declaration of Wcblogs_Shipping_Method::calculate_shipping($package) must be compatible with WC_Shipping_Method::calculate_shipping($package = []) in /var/www/test5/wp-content/plugins/ceocats/class-new-shipping.php on line 93

2023-04-08T11:43:02+00:00 CRITICAL Declaration of Wcblogs_Shipping_Method::calculate_shipping($package) must be compatible with WC_Shipping_Method::calculate_shipping($package = []) in /var/www/test5/wp-content/plugins/ceocats/class-new-shipping.php on line 93

2023-04-08T13:11:22+00:00 CRITICAL Uncaught Error: Class "Arta_Shipping_Method" not found in /var/www/test5/wp-content/themes/rotani/woocommerce/archive-product.php:23
Stack trace:
#0 /var/www/test5/wp-includes/template-loader.php(106): include()
#1 /var/www/test5/wp-blog-header.php(19): require_once('...')
#2 /var/www/test5/index.php(17): require('...')
#3 {main}
  thrown in /var/www/test5/wp-content/themes/rotani/woocommerce/archive-product.php on line 23

2023-04-08T13:11:44+00:00 CRITICAL Uncaught Error: Class "Arta_Shipping_Method" not found in /var/www/test5/wp-content/themes/rotani/woocommerce/archive-product.php:23
Stack trace:
#0 /var/www/test5/wp-includes/template-loader.php(106): include()
#1 /var/www/test5/wp-blog-header.php(19): require_once('...')
#2 /var/www/test5/index.php(17): require('...')
#3 {main}
  thrown in /var/www/test5/wp-content/themes/rotani/woocommerce/archive-product.php on line 23

