2023-03-26T17:52:55+00:00 CRITICAL syntax error, unexpected end of file in /Users/duhotavlad/Sites/rotani/wp-content/themes/rotani/includes/carbon-fields-options/theme-options.php on line 12

2023-03-26T17:52:56+00:00 CRITICAL syntax error, unexpected end of file in /Users/duhotavlad/Sites/rotani/wp-content/themes/rotani/includes/carbon-fields-options/theme-options.php on line 12

2023-03-26T17:53:34+00:00 CRITICAL syntax error, unexpected end of file in /Users/duhotavlad/Sites/rotani/wp-content/themes/rotani/includes/carbon-fields-options/theme-options.php on line 12

2023-03-26T17:53:35+00:00 CRITICAL syntax error, unexpected end of file in /Users/duhotavlad/Sites/rotani/wp-content/themes/rotani/includes/carbon-fields-options/theme-options.php on line 12

2023-03-26T17:53:36+00:00 CRITICAL syntax error, unexpected end of file in /Users/duhotavlad/Sites/rotani/wp-content/themes/rotani/includes/carbon-fields-options/theme-options.php on line 12

2023-03-26T17:53:36+00:00 CRITICAL syntax error, unexpected end of file in /Users/duhotavlad/Sites/rotani/wp-content/themes/rotani/includes/carbon-fields-options/theme-options.php on line 12

2023-03-26T17:53:51+00:00 CRITICAL Cannot use empty array elements in arrays in /Users/duhotavlad/Sites/rotani/wp-content/themes/rotani/includes/carbon-fields-options/post-meta.php on line 15

2023-03-26T17:53:51+00:00 CRITICAL Cannot use empty array elements in arrays in /Users/duhotavlad/Sites/rotani/wp-content/themes/rotani/includes/carbon-fields-options/post-meta.php on line 15

2023-03-26T18:06:09+00:00 CRITICAL Uncaught ArgumentCountError: Too few arguments to function Carbon_Fields\Field\Date_Field::set_input_format(), 1 passed in /Users/duhotavlad/Sites/rotani/wp-content/themes/rotani/includes/carbon-fields-options/theme-options.php on line 15 and exactly 2 expected in /Users/duhotavlad/Sites/rotani/wp-content/themes/rotani/includes/carbon-fields/vendor/htmlburger/carbon-fields/core/Field/Date_Field.php:123
Stack trace:
#0 /Users/duhotavlad/Sites/rotani/wp-content/themes/rotani/includes/carbon-fields-options/theme-options.php(15): Carbon_Fields\Field\Date_Field->set_input_format('dd')
#1 /Users/duhotavlad/Sites/rotani/wp-content/themes/rotani/functions.php(26): require_once('/Users/duhotavl...')
#2 /Users/duhotavlad/Sites/rotani/wp-includes/class-wp-hook.php(308): register_carbon_fields('')
#3 /Users/duhotavlad/Sites/rotani/wp-includes/class-wp-hook.php(332): WP_Hook->apply_filters('', Array)
#4 /Users/duhotavlad/Sites/rotani/wp-includes/plugin.php(517): WP_Hook->do_action(Array)
#5 /Users/duhotavlad/Sites/rotani/wp-content/themes/rotani/includes/carbon-fields/vendor/htmlburger/carbon-fields/core/Loader/Loader.php(113): do_action('carbon_fields_r...')
#6 /Users/duhotavlad/Sites/rotani/wp-includes/class-wp-hook.php(308): Carbon_Fields\Loader\Loader->trigger_fields_register('')
#7 /Users/duhotavlad/Sites/rotani/wp-includes/class-wp-hook.php(332): WP_Hook->apply_filters(NULL, Array)
#8 /Users/duhotavlad/Sites/rotani/wp-includes/plugin.php(517): WP_Hook->do_action(Array)
#9 /Users/duhotavlad/Sites/rotani/wp-settings.php(617): do_action('init')
#10 /Users/duhotavlad/Sites/rotani/wp-config.php(96): require_once('/Users/duhotavl...')
#11 /Users/duhotavlad/Sites/rotani/wp-load.php(50): require_once('/Users/duhotavl...')
#12 /Users/duhotavlad/Sites/rotani/wp-admin/admin-ajax.php(22): require_once('/Users/duhotavl...')
#13 {main}
  thrown in /Users/duhotavlad/Sites/rotani/wp-content/themes/rotani/includes/carbon-fields/vendor/htmlburger/carbon-fields/core/Field/Date_Field.php on line 123

2023-03-26T18:06:14+00:00 CRITICAL Uncaught ArgumentCountError: Too few arguments to function Carbon_Fields\Field\Date_Field::set_input_format(), 1 passed in /Users/duhotavlad/Sites/rotani/wp-content/themes/rotani/includes/carbon-fields-options/theme-options.php on line 15 and exactly 2 expected in /Users/duhotavlad/Sites/rotani/wp-content/themes/rotani/includes/carbon-fields/vendor/htmlburger/carbon-fields/core/Field/Date_Field.php:123
Stack trace:
#0 /Users/duhotavlad/Sites/rotani/wp-content/themes/rotani/includes/carbon-fields-options/theme-options.php(15): Carbon_Fields\Field\Date_Field->set_input_format('dd/mm/yy')
#1 /Users/duhotavlad/Sites/rotani/wp-content/themes/rotani/functions.php(26): require_once('/Users/duhotavl...')
#2 /Users/duhotavlad/Sites/rotani/wp-includes/class-wp-hook.php(308): register_carbon_fields('')
#3 /Users/duhotavlad/Sites/rotani/wp-includes/class-wp-hook.php(332): WP_Hook->apply_filters('', Array)
#4 /Users/duhotavlad/Sites/rotani/wp-includes/plugin.php(517): WP_Hook->do_action(Array)
#5 /Users/duhotavlad/Sites/rotani/wp-content/themes/rotani/includes/carbon-fields/vendor/htmlburger/carbon-fields/core/Loader/Loader.php(113): do_action('carbon_fields_r...')
#6 /Users/duhotavlad/Sites/rotani/wp-includes/class-wp-hook.php(308): Carbon_Fields\Loader\Loader->trigger_fields_register('')
#7 /Users/duhotavlad/Sites/rotani/wp-includes/class-wp-hook.php(332): WP_Hook->apply_filters(NULL, Array)
#8 /Users/duhotavlad/Sites/rotani/wp-includes/plugin.php(517): WP_Hook->do_action(Array)
#9 /Users/duhotavlad/Sites/rotani/wp-settings.php(617): do_action('init')
#10 /Users/duhotavlad/Sites/rotani/wp-config.php(96): require_once('/Users/duhotavl...')
#11 /Users/duhotavlad/Sites/rotani/wp-load.php(50): require_once('/Users/duhotavl...')
#12 /Users/duhotavlad/Sites/rotani/wp-blog-header.php(13): require_once('/Users/duhotavl...')
#13 /Users/duhotavlad/Sites/rotani/index.php(17): require('/Users/duhotavl...')
#14 {main}
  thrown in /Users/duhotavlad/Sites/rotani/wp-content/themes/rotani/includes/carbon-fields/vendor/htmlburger/carbon-fields/core/Field/Date_Field.php on line 123

2023-03-26T18:06:15+00:00 CRITICAL Uncaught ArgumentCountError: Too few arguments to function Carbon_Fields\Field\Date_Field::set_input_format(), 1 passed in /Users/duhotavlad/Sites/rotani/wp-content/themes/rotani/includes/carbon-fields-options/theme-options.php on line 15 and exactly 2 expected in /Users/duhotavlad/Sites/rotani/wp-content/themes/rotani/includes/carbon-fields/vendor/htmlburger/carbon-fields/core/Field/Date_Field.php:123
Stack trace:
#0 /Users/duhotavlad/Sites/rotani/wp-content/themes/rotani/includes/carbon-fields-options/theme-options.php(15): Carbon_Fields\Field\Date_Field->set_input_format('dd/mm/yy')
#1 /Users/duhotavlad/Sites/rotani/wp-content/themes/rotani/functions.php(26): require_once('/Users/duhotavl...')
#2 /Users/duhotavlad/Sites/rotani/wp-includes/class-wp-hook.php(308): register_carbon_fields('')
#3 /Users/duhotavlad/Sites/rotani/wp-includes/class-wp-hook.php(332): WP_Hook->apply_filters('', Array)
#4 /Users/duhotavlad/Sites/rotani/wp-includes/plugin.php(517): WP_Hook->do_action(Array)
#5 /Users/duhotavlad/Sites/rotani/wp-content/themes/rotani/includes/carbon-fields/vendor/htmlburger/carbon-fields/core/Loader/Loader.php(113): do_action('carbon_fields_r...')
#6 /Users/duhotavlad/Sites/rotani/wp-includes/class-wp-hook.php(308): Carbon_Fields\Loader\Loader->trigger_fields_register('')
#7 /Users/duhotavlad/Sites/rotani/wp-includes/class-wp-hook.php(332): WP_Hook->apply_filters(NULL, Array)
#8 /Users/duhotavlad/Sites/rotani/wp-includes/plugin.php(517): WP_Hook->do_action(Array)
#9 /Users/duhotavlad/Sites/rotani/wp-settings.php(617): do_action('init')
#10 /Users/duhotavlad/Sites/rotani/wp-config.php(96): require_once('/Users/duhotavl...')
#11 /Users/duhotavlad/Sites/rotani/wp-load.php(50): require_once('/Users/duhotavl...')
#12 /Users/duhotavlad/Sites/rotani/wp-blog-header.php(13): require_once('/Users/duhotavl...')
#13 /Users/duhotavlad/Sites/rotani/index.php(17): require('/Users/duhotavl...')
#14 {main}
  thrown in /Users/duhotavlad/Sites/rotani/wp-content/themes/rotani/includes/carbon-fields/vendor/htmlburger/carbon-fields/core/Field/Date_Field.php on line 123

