2023-04-11T05:37:52+00:00 CRITICAL Uncaught TypeError: json_decode(): Argument #1 ($json) must be of type string, stdClass given in /var/www/test5/wp-content/themes/rotani/xxx.php:11
Stack trace:
#0 /var/www/test5/wp-content/themes/rotani/xxx.php(11): json_decode()
#1 /var/www/test5/wp-includes/template-loader.php(106): include('...')
#2 /var/www/test5/wp-blog-header.php(19): require_once('...')
#3 /var/www/test5/index.php(17): require('...')
#4 {main}
  thrown in /var/www/test5/wp-content/themes/rotani/xxx.php on line 11

2023-04-11T07:35:13+00:00 CRITICAL Uncaught Error: Cannot use object of type stdClass as array in /var/www/test5/wp-content/themes/rotani/xxx.php:93
Stack trace:
#0 /var/www/test5/wp-includes/template-loader.php(106): include()
#1 /var/www/test5/wp-blog-header.php(19): require_once('...')
#2 /var/www/test5/index.php(17): require('...')
#3 {main}
  thrown in /var/www/test5/wp-content/themes/rotani/xxx.php on line 93

2023-04-11T07:35:29+00:00 CRITICAL Uncaught Error: Cannot use object of type stdClass as array in /var/www/test5/wp-content/themes/rotani/xxx.php:93
Stack trace:
#0 /var/www/test5/wp-includes/template-loader.php(106): include()
#1 /var/www/test5/wp-blog-header.php(19): require_once('...')
#2 /var/www/test5/index.php(17): require('...')
#3 {main}
  thrown in /var/www/test5/wp-content/themes/rotani/xxx.php on line 93

2023-04-11T07:35:56+00:00 CRITICAL Uncaught Error: Cannot use object of type stdClass as array in /var/www/test5/wp-content/themes/rotani/xxx.php:93
Stack trace:
#0 /var/www/test5/wp-includes/template-loader.php(106): include()
#1 /var/www/test5/wp-blog-header.php(19): require_once('...')
#2 /var/www/test5/index.php(17): require('...')
#3 {main}
  thrown in /var/www/test5/wp-content/themes/rotani/xxx.php on line 93

2023-04-11T07:36:10+00:00 CRITICAL Uncaught Error: Cannot use object of type stdClass as array in /var/www/test5/wp-content/themes/rotani/xxx.php:93
Stack trace:
#0 /var/www/test5/wp-includes/template-loader.php(106): include()
#1 /var/www/test5/wp-blog-header.php(19): require_once('...')
#2 /var/www/test5/index.php(17): require('...')
#3 {main}
  thrown in /var/www/test5/wp-content/themes/rotani/xxx.php on line 93

2023-04-11T07:57:12+00:00 CRITICAL Uncaught Error: Call to undefined function prit_r() in /var/www/test5/wp-content/themes/rotani/xxx.php:99
Stack trace:
#0 /var/www/test5/wp-includes/template-loader.php(106): include()
#1 /var/www/test5/wp-blog-header.php(19): require_once('...')
#2 /var/www/test5/index.php(17): require('...')
#3 {main}
  thrown in /var/www/test5/wp-content/themes/rotani/xxx.php on line 99

